10:08:38.860 [INFO] (trainer.py:109) Total Epi:     1 Steps:     200 Episode Steps:   200 Return: -1488.9856 FPS: 682.73
10:08:39.139 [INFO] (trainer.py:109) Total Epi:     2 Steps:     400 Episode Steps:   200 Return: -887.2188 FPS: 827.49
10:08:39.437 [INFO] (trainer.py:109) Total Epi:     3 Steps:     600 Episode Steps:   200 Return: -1558.8597 FPS: 695.06
10:08:39.627 [INFO] (trainer.py:109) Total Epi:     4 Steps:     800 Episode Steps:   200 Return: -1074.5197 FPS: 1067.22
10:08:39.867 [INFO] (trainer.py:109) Total Epi:     5 Steps:    1000 Episode Steps:   200 Return: -1065.9078 FPS: 843.85
10:08:40.073 [INFO] (trainer.py:109) Total Epi:     6 Steps:    1200 Episode Steps:   200 Return: -965.5625 FPS: 992.50
10:08:40.468 [INFO] (trainer.py:109) Total Epi:     7 Steps:    1400 Episode Steps:   200 Return: -1269.1804 FPS: 511.09
10:08:40.741 [INFO] (trainer.py:109) Total Epi:     8 Steps:    1600 Episode Steps:   200 Return: -1060.6260 FPS: 755.03
10:08:41.205 [INFO] (trainer.py:109) Total Epi:     9 Steps:    1800 Episode Steps:   200 Return: -1073.5454 FPS: 440.48
10:08:41.481 [INFO] (trainer.py:109) Total Epi:    10 Steps:    2000 Episode Steps:   200 Return: -1398.5656 FPS: 734.88
10:08:41.994 [INFO] (trainer.py:109) Total Epi:    11 Steps:    2200 Episode Steps:   200 Return: -895.1842 FPS: 408.97
10:08:42.266 [INFO] (trainer.py:109) Total Epi:    12 Steps:    2400 Episode Steps:   200 Return: -1287.7625 FPS: 796.35
10:08:42.567 [INFO] (trainer.py:109) Total Epi:    13 Steps:    2600 Episode Steps:   200 Return: -1804.2153 FPS: 685.23
10:08:42.700 [INFO] (trainer.py:109) Total Epi:    14 Steps:    2800 Episode Steps:   200 Return: -1719.5528 FPS: 1530.90
10:08:42.805 [INFO] (trainer.py:109) Total Epi:    15 Steps:    3000 Episode Steps:   200 Return: -995.8897 FPS: 1937.94
10:08:42.920 [INFO] (trainer.py:109) Total Epi:    16 Steps:    3200 Episode Steps:   200 Return: -1277.6024 FPS: 1773.53
10:08:43.116 [INFO] (trainer.py:109) Total Epi:    17 Steps:    3400 Episode Steps:   200 Return: -1077.2888 FPS: 1050.74
10:08:43.406 [INFO] (trainer.py:109) Total Epi:    18 Steps:    3600 Episode Steps:   200 Return: -1188.2369 FPS: 710.46
10:08:43.690 [INFO] (trainer.py:109) Total Epi:    19 Steps:    3800 Episode Steps:   200 Return: -885.0652 FPS: 722.47
10:08:43.962 [INFO] (trainer.py:109) Total Epi:    20 Steps:    4000 Episode Steps:   200 Return: -1278.9014 FPS: 759.74
10:08:44.113 [INFO] (trainer.py:109) Total Epi:    21 Steps:    4200 Episode Steps:   200 Return: -1170.5070 FPS: 1398.96
10:08:44.283 [INFO] (trainer.py:109) Total Epi:    22 Steps:    4400 Episode Steps:   200 Return: -1517.9801 FPS: 1203.89
10:08:44.427 [INFO] (trainer.py:109) Total Epi:    23 Steps:    4600 Episode Steps:   200 Return: -835.4742 FPS: 1991.71
10:08:44.643 [INFO] (trainer.py:109) Total Epi:    24 Steps:    4800 Episode Steps:   200 Return: -1340.0396 FPS: 953.04
10:08:44.868 [INFO] (trainer.py:109) Total Epi:    25 Steps:    5000 Episode Steps:   200 Return: -747.3104 FPS: 919.00
10:08:45.187 [INFO] (trainer.py:109) Total Epi:    26 Steps:    5200 Episode Steps:   200 Return: -1019.8580 FPS: 677.69
10:08:45.401 [INFO] (trainer.py:109) Total Epi:    27 Steps:    5400 Episode Steps:   200 Return: -975.4858 FPS: 975.38
10:08:45.503 [INFO] (trainer.py:109) Total Epi:    28 Steps:    5600 Episode Steps:   200 Return: -1177.1759 FPS: 2011.73
10:08:45.630 [INFO] (trainer.py:109) Total Epi:    29 Steps:    5800 Episode Steps:   200 Return: -1272.6372 FPS: 1615.59
10:08:45.793 [INFO] (trainer.py:109) Total Epi:    30 Steps:    6000 Episode Steps:   200 Return: -765.6029 FPS: 1247.27
10:08:45.941 [INFO] (trainer.py:109) Total Epi:    31 Steps:    6200 Episode Steps:   200 Return: -890.9745 FPS: 1393.39
10:08:46.080 [INFO] (trainer.py:109) Total Epi:    32 Steps:    6400 Episode Steps:   200 Return: -1450.1831 FPS: 1467.80
10:08:46.357 [INFO] (trainer.py:109) Total Epi:    33 Steps:    6600 Episode Steps:   200 Return: -942.7428 FPS: 745.20
10:08:46.685 [INFO] (trainer.py:109) Total Epi:    34 Steps:    6800 Episode Steps:   200 Return: -1571.3868 FPS: 803.64
10:08:46.918 [INFO] (trainer.py:109) Total Epi:    35 Steps:    7000 Episode Steps:   200 Return: -1616.2136 FPS: 903.40
10:08:47.059 [INFO] (trainer.py:109) Total Epi:    36 Steps:    7200 Episode Steps:   200 Return: -1651.8600 FPS: 1446.13
10:08:47.215 [INFO] (trainer.py:109) Total Epi:    37 Steps:    7400 Episode Steps:   200 Return: -1188.8293 FPS: 1302.40
10:08:47.366 [INFO] (trainer.py:109) Total Epi:    38 Steps:    7600 Episode Steps:   200 Return: -1314.2513 FPS: 1356.70
10:08:47.615 [INFO] (trainer.py:109) Total Epi:    39 Steps:    7800 Episode Steps:   200 Return: -874.8242 FPS: 826.50
10:08:47.888 [INFO] (trainer.py:109) Total Epi:    40 Steps:    8000 Episode Steps:   200 Return: -901.2069 FPS: 759.93
10:08:48.139 [INFO] (trainer.py:109) Total Epi:    41 Steps:    8200 Episode Steps:   200 Return: -1659.8637 FPS: 824.88
10:08:48.310 [INFO] (trainer.py:109) Total Epi:    42 Steps:    8400 Episode Steps:   200 Return: -1171.8269 FPS: 1231.18
10:08:48.416 [INFO] (trainer.py:109) Total Epi:    43 Steps:    8600 Episode Steps:   200 Return: -917.4420 FPS: 2000.36
10:08:48.511 [INFO] (trainer.py:109) Total Epi:    44 Steps:    8800 Episode Steps:   200 Return: -996.1367 FPS: 2208.28
10:08:48.618 [INFO] (trainer.py:109) Total Epi:    45 Steps:    9000 Episode Steps:   200 Return: -901.3295 FPS: 2210.79
10:08:48.725 [INFO] (trainer.py:109) Total Epi:    46 Steps:    9200 Episode Steps:   200 Return: -1410.2038 FPS: 1922.36
10:08:48.839 [INFO] (trainer.py:109) Total Epi:    47 Steps:    9400 Episode Steps:   200 Return: -751.6793 FPS: 1829.40
10:08:49.166 [INFO] (trainer.py:109) Total Epi:    48 Steps:    9600 Episode Steps:   200 Return: -1112.5387 FPS: 616.50
10:08:49.519 [INFO] (trainer.py:109) Total Epi:    49 Steps:    9800 Episode Steps:   200 Return: -1409.2261 FPS: 578.11
10:08:49.791 [INFO] (trainer.py:109) Total Epi:    50 Steps:   10000 Episode Steps:   200 Return: -1289.4869 FPS: 757.81
10:09:05.489 [INFO] (trainer.py:137) Evaluation Total Steps:   10000 Average Reward -1169.5291 over  5 episodes
10:09:12.135 [INFO] (trainer.py:109) Total Epi:    51 Steps:   10200 Episode Steps:   200 Return: -1719.1274 FPS:  8.95
10:09:17.997 [INFO] (trainer.py:109) Total Epi:    52 Steps:   10400 Episode Steps:   200 Return: -1814.4153 FPS: 34.13
10:09:24.779 [INFO] (trainer.py:109) Total Epi:    53 Steps:   10600 Episode Steps:   200 Return: -1795.5140 FPS: 29.50
10:09:31.456 [INFO] (trainer.py:109) Total Epi:    54 Steps:   10800 Episode Steps:   200 Return: -1540.8674 FPS: 29.96
10:09:37.158 [INFO] (trainer.py:109) Total Epi:    55 Steps:   11000 Episode Steps:   200 Return: -1820.3141 FPS: 35.09
10:09:44.088 [INFO] (trainer.py:109) Total Epi:    56 Steps:   11200 Episode Steps:   200 Return: -1625.7460 FPS: 28.87
10:09:50.169 [INFO] (trainer.py:109) Total Epi:    57 Steps:   11400 Episode Steps:   200 Return: -1557.2027 FPS: 32.90
10:09:57.922 [INFO] (trainer.py:109) Total Epi:    58 Steps:   11600 Episode Steps:   200 Return: -1137.6026 FPS: 25.81
10:10:05.314 [INFO] (trainer.py:109) Total Epi:    59 Steps:   11800 Episode Steps:   200 Return: -1083.1012 FPS: 27.08
10:10:11.470 [INFO] (trainer.py:109) Total Epi:    60 Steps:   12000 Episode Steps:   200 Return: -1081.3393 FPS: 32.50
10:10:17.794 [INFO] (trainer.py:109) Total Epi:    61 Steps:   12200 Episode Steps:   200 Return: -910.9570 FPS: 31.63
10:10:23.511 [INFO] (trainer.py:109) Total Epi:    62 Steps:   12400 Episode Steps:   200 Return: -1.8800 FPS: 35.00
10:10:29.900 [INFO] (trainer.py:109) Total Epi:    63 Steps:   12600 Episode Steps:   200 Return: -390.2069 FPS: 31.33
10:10:35.550 [INFO] (trainer.py:109) Total Epi:    64 Steps:   12800 Episode Steps:   200 Return: -371.9278 FPS: 35.41
10:10:41.909 [INFO] (trainer.py:109) Total Epi:    65 Steps:   13000 Episode Steps:   200 Return: -259.9010 FPS: 31.46
10:10:48.484 [INFO] (trainer.py:109) Total Epi:    66 Steps:   13200 Episode Steps:   200 Return: -131.0540 FPS: 30.43
10:10:55.100 [INFO] (trainer.py:109) Total Epi:    67 Steps:   13400 Episode Steps:   200 Return: -1.3292 FPS: 30.24
10:11:01.866 [INFO] (trainer.py:109) Total Epi:    68 Steps:   13600 Episode Steps:   200 Return: -0.7109 FPS: 29.57
10:11:09.057 [INFO] (trainer.py:109) Total Epi:    69 Steps:   13800 Episode Steps:   200 Return: -251.0557 FPS: 27.82
