08:59:33.140 [INFO] (trainer.py:109) Total Epi:     1 Steps:      16 Episode Steps:    16 Return:  16.0000 FPS: 94.71
08:59:33.203 [INFO] (trainer.py:109) Total Epi:     2 Steps:      39 Episode Steps:    23 Return:  23.0000 FPS: 2922.19
08:59:33.234 [INFO] (trainer.py:109) Total Epi:     3 Steps:     115 Episode Steps:    76 Return:  76.0000 FPS: 3006.29
08:59:33.250 [INFO] (trainer.py:109) Total Epi:     4 Steps:     136 Episode Steps:    21 Return:  21.0000 FPS: 1601.89
08:59:33.250 [INFO] (trainer.py:109) Total Epi:     5 Steps:     146 Episode Steps:    10 Return:  10.0000 FPS: 3966.05
08:59:33.265 [INFO] (trainer.py:109) Total Epi:     6 Steps:     171 Episode Steps:    25 Return:  25.0000 FPS: 4612.97
08:59:33.265 [INFO] (trainer.py:109) Total Epi:     7 Steps:     195 Episode Steps:    24 Return:  24.0000 FPS: 4803.55
08:59:33.281 [INFO] (trainer.py:109) Total Epi:     8 Steps:     212 Episode Steps:    17 Return:  17.0000 FPS: 4486.44
08:59:33.281 [INFO] (trainer.py:109) Total Epi:     9 Steps:     225 Episode Steps:    13 Return:  13.0000 FPS: 4159.73
08:59:33.296 [INFO] (trainer.py:109) Total Epi:    10 Steps:     234 Episode Steps:     9 Return:  9.0000 FPS: 2661.38
08:59:33.296 [INFO] (trainer.py:109) Total Epi:    11 Steps:     247 Episode Steps:    13 Return:  13.0000 FPS: 1517.56
08:59:33.328 [INFO] (trainer.py:109) Total Epi:    12 Steps:     288 Episode Steps:    41 Return:  41.0000 FPS: 5581.95
08:59:33.328 [INFO] (trainer.py:109) Total Epi:    13 Steps:     311 Episode Steps:    23 Return:  23.0000 FPS: 3573.26
08:59:33.343 [INFO] (trainer.py:109) Total Epi:    14 Steps:     332 Episode Steps:    21 Return:  21.0000 FPS: 4197.31
08:59:33.343 [INFO] (trainer.py:109) Total Epi:    15 Steps:     342 Episode Steps:    10 Return:  10.0000 FPS: 3022.70
08:59:33.359 [INFO] (trainer.py:109) Total Epi:    16 Steps:     356 Episode Steps:    14 Return:  14.0000 FPS: 4081.63
08:59:33.359 [INFO] (trainer.py:109) Total Epi:    17 Steps:     385 Episode Steps:    29 Return:  29.0000 FPS: 2500.11
08:59:33.375 [INFO] (trainer.py:109) Total Epi:    18 Steps:     405 Episode Steps:    20 Return:  20.0000 FPS: 4831.50
08:59:33.375 [INFO] (trainer.py:109) Total Epi:    19 Steps:     435 Episode Steps:    30 Return:  30.0000 FPS: 4168.92
08:59:33.390 [INFO] (trainer.py:109) Total Epi:    20 Steps:     456 Episode Steps:    21 Return:  21.0000 FPS: 5203.56
08:59:33.390 [INFO] (trainer.py:109) Total Epi:    21 Steps:     466 Episode Steps:    10 Return:  10.0000 FPS: 3333.67
08:59:33.406 [INFO] (trainer.py:109) Total Epi:    22 Steps:     483 Episode Steps:    17 Return:  17.0000 FPS: 2722.96
08:59:33.421 [INFO] (trainer.py:109) Total Epi:    23 Steps:     495 Episode Steps:    12 Return:  12.0000 FPS: 5182.02
08:59:41.624 [INFO] (trainer.py:109) Total Epi:    24 Steps:     512 Episode Steps:    17 Return:  17.0000 FPS:  2.08
08:59:41.671 [INFO] (trainer.py:109) Total Epi:    25 Steps:     522 Episode Steps:    10 Return:  10.0000 FPS: 187.11
08:59:41.734 [INFO] (trainer.py:109) Total Epi:    26 Steps:     532 Episode Steps:    10 Return:  10.0000 FPS: 170.95
08:59:41.812 [INFO] (trainer.py:109) Total Epi:    27 Steps:     545 Episode Steps:    13 Return:  13.0000 FPS: 190.21
08:59:41.859 [INFO] (trainer.py:109) Total Epi:    28 Steps:     553 Episode Steps:     8 Return:  8.0000 FPS: 166.31
08:59:41.921 [INFO] (trainer.py:109) Total Epi:    29 Steps:     564 Episode Steps:    11 Return:  11.0000 FPS: 191.90
08:59:41.968 [INFO] (trainer.py:109) Total Epi:    30 Steps:     574 Episode Steps:    10 Return:  10.0000 FPS: 187.91
08:59:42.046 [INFO] (trainer.py:109) Total Epi:    31 Steps:     590 Episode Steps:    16 Return:  16.0000 FPS: 210.17
08:59:42.109 [INFO] (trainer.py:109) Total Epi:    32 Steps:     598 Episode Steps:     8 Return:  8.0000 FPS: 136.59
08:59:42.203 [INFO] (trainer.py:109) Total Epi:    33 Steps:     607 Episode Steps:     9 Return:  9.0000 FPS: 106.10
08:59:42.546 [INFO] (trainer.py:109) Total Epi:    34 Steps:     632 Episode Steps:    25 Return:  25.0000 FPS: 107.29
08:59:42.750 [INFO] (trainer.py:109) Total Epi:    35 Steps:     655 Episode Steps:    23 Return:  23.0000 FPS: 116.63
08:59:43.031 [INFO] (trainer.py:109) Total Epi:    36 Steps:     683 Episode Steps:    28 Return:  28.0000 FPS: 103.93
08:59:43.109 [INFO] (trainer.py:109) Total Epi:    37 Steps:     692 Episode Steps:     9 Return:  9.0000 FPS: 119.15
08:59:43.305 [INFO] (trainer.py:109) Total Epi:    38 Steps:     714 Episode Steps:    22 Return:  22.0000 FPS: 122.56
08:59:43.383 [INFO] (trainer.py:109) Total Epi:    39 Steps:     723 Episode Steps:     9 Return:  9.0000 FPS: 125.54
08:59:43.493 [INFO] (trainer.py:109) Total Epi:    40 Steps:     733 Episode Steps:    10 Return:  10.0000 FPS: 103.63
08:59:43.602 [INFO] (trainer.py:109) Total Epi:    41 Steps:     743 Episode Steps:    10 Return:  10.0000 FPS: 97.37
08:59:43.711 [INFO] (trainer.py:109) Total Epi:    42 Steps:     752 Episode Steps:     9 Return:  9.0000 FPS: 94.29
08:59:43.805 [INFO] (trainer.py:109) Total Epi:    43 Steps:     763 Episode Steps:    11 Return:  11.0000 FPS: 113.97
08:59:43.883 [INFO] (trainer.py:109) Total Epi:    44 Steps:     772 Episode Steps:     9 Return:  9.0000 FPS: 133.65
08:59:43.977 [INFO] (trainer.py:109) Total Epi:    45 Steps:     781 Episode Steps:     9 Return:  9.0000 FPS: 184.66
08:59:44.039 [INFO] (trainer.py:109) Total Epi:    46 Steps:     790 Episode Steps:     9 Return:  9.0000 FPS: 177.25
08:59:44.102 [INFO] (trainer.py:109) Total Epi:    47 Steps:     800 Episode Steps:    10 Return:  10.0000 FPS: 154.08
08:59:44.149 [INFO] (trainer.py:109) Total Epi:    48 Steps:     809 Episode Steps:     9 Return:  9.0000 FPS: 205.60
08:59:44.196 [INFO] (trainer.py:109) Total Epi:    49 Steps:     819 Episode Steps:    10 Return:  10.0000 FPS: 209.84
08:59:44.461 [INFO] (trainer.py:109) Total Epi:    50 Steps:     876 Episode Steps:    57 Return:  57.0000 FPS: 216.71
08:59:44.524 [INFO] (trainer.py:109) Total Epi:    51 Steps:     889 Episode Steps:    13 Return:  13.0000 FPS: 215.21
08:59:44.665 [INFO] (trainer.py:109) Total Epi:    52 Steps:     918 Episode Steps:    29 Return:  29.0000 FPS: 214.99
08:59:44.711 [INFO] (trainer.py:109) Total Epi:    53 Steps:     929 Episode Steps:    11 Return:  11.0000 FPS: 202.63
08:59:44.758 [INFO] (trainer.py:109) Total Epi:    54 Steps:     938 Episode Steps:     9 Return:  9.0000 FPS: 201.72
08:59:44.821 [INFO] (trainer.py:109) Total Epi:    55 Steps:     948 Episode Steps:    10 Return:  10.0000 FPS: 211.08
08:59:44.915 [INFO] (trainer.py:109) Total Epi:    56 Steps:     958 Episode Steps:    10 Return:  10.0000 FPS: 216.96
08:59:44.977 [INFO] (trainer.py:109) Total Epi:    57 Steps:     967 Episode Steps:     9 Return:  9.0000 FPS: 158.31
08:59:45.102 [INFO] (trainer.py:109) Total Epi:    58 Steps:     978 Episode Steps:    11 Return:  11.0000 FPS: 90.14
08:59:45.227 [INFO] (trainer.py:109) Total Epi:    59 Steps:     992 Episode Steps:    14 Return:  14.0000 FPS: 127.98
08:59:45.321 [INFO] (trainer.py:109) Total Epi:    60 Steps:    1002 Episode Steps:    10 Return:  10.0000 FPS: 108.59
08:59:45.415 [INFO] (trainer.py:109) Total Epi:    61 Steps:    1012 Episode Steps:    10 Return:  10.0000 FPS: 120.50
08:59:45.493 [INFO] (trainer.py:109) Total Epi:    62 Steps:    1021 Episode Steps:     9 Return:  9.0000 FPS: 109.73
08:59:45.602 [INFO] (trainer.py:109) Total Epi:    63 Steps:    1033 Episode Steps:    12 Return:  12.0000 FPS: 114.83
08:59:45.711 [INFO] (trainer.py:109) Total Epi:    64 Steps:    1043 Episode Steps:    10 Return:  10.0000 FPS: 101.76
08:59:45.930 [INFO] (trainer.py:109) Total Epi:    65 Steps:    1054 Episode Steps:    11 Return:  11.0000 FPS: 104.96
08:59:46.040 [INFO] (trainer.py:109) Total Epi:    66 Steps:    1065 Episode Steps:    11 Return:  11.0000 FPS: 105.43
08:59:46.149 [INFO] (trainer.py:109) Total Epi:    67 Steps:    1074 Episode Steps:     9 Return:  9.0000 FPS: 104.76
08:59:46.258 [INFO] (trainer.py:109) Total Epi:    68 Steps:    1084 Episode Steps:    10 Return:  10.0000 FPS: 98.31
08:59:46.337 [INFO] (trainer.py:109) Total Epi:    69 Steps:    1093 Episode Steps:     9 Return:  9.0000 FPS: 125.13
08:59:46.415 [INFO] (trainer.py:109) Total Epi:    70 Steps:    1102 Episode Steps:     9 Return:  9.0000 FPS: 103.82
08:59:46.508 [INFO] (trainer.py:109) Total Epi:    71 Steps:    1111 Episode Steps:     9 Return:  9.0000 FPS: 114.04
08:59:46.633 [INFO] (trainer.py:109) Total Epi:    72 Steps:    1124 Episode Steps:    13 Return:  13.0000 FPS: 105.00
08:59:46.852 [INFO] (trainer.py:109) Total Epi:    73 Steps:    1154 Episode Steps:    30 Return:  30.0000 FPS: 143.82
08:59:46.915 [INFO] (trainer.py:109) Total Epi:    74 Steps:    1164 Episode Steps:    10 Return:  10.0000 FPS: 183.16
08:59:46.977 [INFO] (trainer.py:109) Total Epi:    75 Steps:    1176 Episode Steps:    12 Return:  12.0000 FPS: 184.43
08:59:47.149 [INFO] (trainer.py:109) Total Epi:    76 Steps:    1187 Episode Steps:    11 Return:  11.0000 FPS: 134.77
08:59:47.227 [INFO] (trainer.py:109) Total Epi:    77 Steps:    1198 Episode Steps:    11 Return:  11.0000 FPS: 151.50
08:59:47.274 [INFO] (trainer.py:109) Total Epi:    78 Steps:    1208 Episode Steps:    10 Return:  10.0000 FPS: 191.70
08:59:47.327 [INFO] (trainer.py:109) Total Epi:    79 Steps:    1218 Episode Steps:    10 Return:  10.0000 FPS: 189.31
08:59:47.389 [INFO] (trainer.py:109) Total Epi:    80 Steps:    1228 Episode Steps:    10 Return:  10.0000 FPS: 187.25
08:59:47.436 [INFO] (trainer.py:109) Total Epi:    81 Steps:    1238 Episode Steps:    10 Return:  10.0000 FPS: 194.45
08:59:47.483 [INFO] (trainer.py:109) Total Epi:    82 Steps:    1247 Episode Steps:     9 Return:  9.0000 FPS: 207.45
08:59:47.546 [INFO] (trainer.py:109) Total Epi:    83 Steps:    1259 Episode Steps:    12 Return:  12.0000 FPS: 200.03
08:59:47.593 [INFO] (trainer.py:109) Total Epi:    84 Steps:    1268 Episode Steps:     9 Return:  9.0000 FPS: 185.45
08:59:47.671 [INFO] (trainer.py:109) Total Epi:    85 Steps:    1281 Episode Steps:    13 Return:  13.0000 FPS: 194.46
08:59:47.718 [INFO] (trainer.py:109) Total Epi:    86 Steps:    1291 Episode Steps:    10 Return:  10.0000 FPS: 185.51
08:59:47.843 [INFO] (trainer.py:109) Total Epi:    87 Steps:    1300 Episode Steps:     9 Return:  9.0000 FPS: 138.74
08:59:47.936 [INFO] (trainer.py:109) Total Epi:    88 Steps:    1311 Episode Steps:    11 Return:  11.0000 FPS: 121.64
08:59:48.030 [INFO] (trainer.py:109) Total Epi:    89 Steps:    1320 Episode Steps:     9 Return:  9.0000 FPS: 102.60
08:59:48.124 [INFO] (trainer.py:109) Total Epi:    90 Steps:    1330 Episode Steps:    10 Return:  10.0000 FPS: 110.81
08:59:48.218 [INFO] (trainer.py:109) Total Epi:    91 Steps:    1339 Episode Steps:     9 Return:  9.0000 FPS: 116.62
08:59:48.311 [INFO] (trainer.py:109) Total Epi:    92 Steps:    1348 Episode Steps:     9 Return:  9.0000 FPS: 99.76
08:59:48.405 [INFO] (trainer.py:109) Total Epi:    93 Steps:    1358 Episode Steps:    10 Return:  10.0000 FPS: 124.33
08:59:48.483 [INFO] (trainer.py:109) Total Epi:    94 Steps:    1367 Episode Steps:     9 Return:  9.0000 FPS: 117.99
08:59:48.577 [INFO] (trainer.py:109) Total Epi:    95 Steps:    1377 Episode Steps:    10 Return:  10.0000 FPS: 119.78
08:59:48.671 [INFO] (trainer.py:109) Total Epi:    96 Steps:    1386 Episode Steps:     9 Return:  9.0000 FPS: 109.25
08:59:48.749 [INFO] (trainer.py:109) Total Epi:    97 Steps:    1396 Episode Steps:    10 Return:  10.0000 FPS: 125.92
08:59:48.921 [INFO] (trainer.py:109) Total Epi:    98 Steps:    1406 Episode Steps:    10 Return:  10.0000 FPS: 123.71
08:59:49.030 [INFO] (trainer.py:109) Total Epi:    99 Steps:    1415 Episode Steps:     9 Return:  9.0000 FPS: 111.03
08:59:49.155 [INFO] (trainer.py:109) Total Epi:   100 Steps:    1426 Episode Steps:    11 Return:  11.0000 FPS: 108.48
08:59:49.249 [INFO] (trainer.py:109) Total Epi:   101 Steps:    1436 Episode Steps:    10 Return:  10.0000 FPS: 113.40
08:59:49.343 [INFO] (trainer.py:109) Total Epi:   102 Steps:    1446 Episode Steps:    10 Return:  10.0000 FPS: 119.35
08:59:49.452 [INFO] (trainer.py:109) Total Epi:   103 Steps:    1458 Episode Steps:    12 Return:  12.0000 FPS: 122.17
08:59:49.530 [INFO] (trainer.py:109) Total Epi:   104 Steps:    1467 Episode Steps:     9 Return:  9.0000 FPS: 112.21
08:59:49.624 [INFO] (trainer.py:109) Total Epi:   105 Steps:    1477 Episode Steps:    10 Return:  10.0000 FPS: 116.07
08:59:49.718 [INFO] (trainer.py:109) Total Epi:   106 Steps:    1489 Episode Steps:    12 Return:  12.0000 FPS: 155.15
08:59:49.780 [INFO] (trainer.py:109) Total Epi:   107 Steps:    1501 Episode Steps:    12 Return:  12.0000 FPS: 167.57
08:59:49.843 [INFO] (trainer.py:109) Total Epi:   108 Steps:    1511 Episode Steps:    10 Return:  10.0000 FPS: 189.37
08:59:49.905 [INFO] (trainer.py:109) Total Epi:   109 Steps:    1520 Episode Steps:     9 Return:  9.0000 FPS: 202.31
08:59:49.952 [INFO] (trainer.py:109) Total Epi:   110 Steps:    1531 Episode Steps:    11 Return:  11.0000 FPS: 196.75
08:59:50.030 [INFO] (trainer.py:109) Total Epi:   111 Steps:    1543 Episode Steps:    12 Return:  12.0000 FPS: 161.30
08:59:50.093 [INFO] (trainer.py:109) Total Epi:   112 Steps:    1555 Episode Steps:    12 Return:  12.0000 FPS: 202.23
08:59:50.140 [INFO] (trainer.py:109) Total Epi:   113 Steps:    1565 Episode Steps:    10 Return:  10.0000 FPS: 206.12
08:59:50.202 [INFO] (trainer.py:109) Total Epi:   114 Steps:    1576 Episode Steps:    11 Return:  11.0000 FPS: 202.79
08:59:50.265 [INFO] (trainer.py:109) Total Epi:   115 Steps:    1588 Episode Steps:    12 Return:  12.0000 FPS: 201.01
08:59:50.327 [INFO] (trainer.py:109) Total Epi:   116 Steps:    1599 Episode Steps:    11 Return:  11.0000 FPS: 199.83
08:59:50.381 [INFO] (trainer.py:109) Total Epi:   117 Steps:    1609 Episode Steps:    10 Return:  10.0000 FPS: 187.67
08:59:50.459 [INFO] (trainer.py:109) Total Epi:   118 Steps:    1626 Episode Steps:    17 Return:  17.0000 FPS: 202.66
08:59:50.522 [INFO] (trainer.py:109) Total Epi:   119 Steps:    1638 Episode Steps:    12 Return:  12.0000 FPS: 218.42
08:59:50.631 [INFO] (trainer.py:109) Total Epi:   120 Steps:    1649 Episode Steps:    11 Return:  11.0000 FPS: 171.99
08:59:50.694 [INFO] (trainer.py:109) Total Epi:   121 Steps:    1661 Episode Steps:    12 Return:  12.0000 FPS: 216.72
08:59:50.756 [INFO] (trainer.py:109) Total Epi:   122 Steps:    1673 Episode Steps:    12 Return:  12.0000 FPS: 197.54
08:59:50.819 [INFO] (trainer.py:109) Total Epi:   123 Steps:    1684 Episode Steps:    11 Return:  11.0000 FPS: 177.21
08:59:50.928 [INFO] (trainer.py:109) Total Epi:   124 Steps:    1693 Episode Steps:     9 Return:  9.0000 FPS: 107.88
08:59:51.053 [INFO] (trainer.py:109) Total Epi:   125 Steps:    1705 Episode Steps:    12 Return:  12.0000 FPS: 105.99
08:59:51.162 [INFO] (trainer.py:109) Total Epi:   126 Steps:    1716 Episode Steps:    11 Return:  11.0000 FPS: 113.08
08:59:51.256 [INFO] (trainer.py:109) Total Epi:   127 Steps:    1727 Episode Steps:    11 Return:  11.0000 FPS: 121.52
08:59:51.366 [INFO] (trainer.py:109) Total Epi:   128 Steps:    1738 Episode Steps:    11 Return:  11.0000 FPS: 99.94
08:59:51.537 [INFO] (trainer.py:109) Total Epi:   129 Steps:    1756 Episode Steps:    18 Return:  18.0000 FPS: 114.92
08:59:51.631 [INFO] (trainer.py:109) Total Epi:   130 Steps:    1766 Episode Steps:    10 Return:  10.0000 FPS: 119.57
08:59:51.850 [INFO] (trainer.py:109) Total Epi:   131 Steps:    1778 Episode Steps:    12 Return:  12.0000 FPS: 87.83
08:59:51.975 [INFO] (trainer.py:109) Total Epi:   132 Steps:    1789 Episode Steps:    11 Return:  11.0000 FPS: 97.51
08:59:52.100 [INFO] (trainer.py:109) Total Epi:   133 Steps:    1802 Episode Steps:    13 Return:  13.0000 FPS: 106.20
08:59:52.209 [INFO] (trainer.py:109) Total Epi:   134 Steps:    1814 Episode Steps:    12 Return:  12.0000 FPS: 115.65
08:59:53.444 [INFO] (trainer.py:137) Evaluation Total Steps:    2000 Average Reward  34.6000 over  5 episodes
08:59:53.616 [INFO] (trainer.py:109) Total Epi:   135 Steps:    2014 Episode Steps:   200 Return:  200.0000 FPS: 142.54
08:59:53.678 [INFO] (trainer.py:109) Total Epi:   136 Steps:    2023 Episode Steps:     9 Return:  9.0000 FPS: 158.47
08:59:53.741 [INFO] (trainer.py:109) Total Epi:   137 Steps:    2033 Episode Steps:    10 Return:  10.0000 FPS: 169.56
08:59:53.928 [INFO] (trainer.py:109) Total Epi:   138 Steps:    2053 Episode Steps:    20 Return:  20.0000 FPS: 108.42
08:59:54.178 [INFO] (trainer.py:109) Total Epi:   139 Steps:    2079 Episode Steps:    26 Return:  26.0000 FPS: 105.98
08:59:54.334 [INFO] (trainer.py:109) Total Epi:   140 Steps:    2098 Episode Steps:    19 Return:  19.0000 FPS: 128.86
08:59:54.506 [INFO] (trainer.py:109) Total Epi:   141 Steps:    2116 Episode Steps:    18 Return:  18.0000 FPS: 115.10
08:59:54.631 [INFO] (trainer.py:109) Total Epi:   142 Steps:    2129 Episode Steps:    13 Return:  13.0000 FPS: 106.11
08:59:54.991 [INFO] (trainer.py:109) Total Epi:   143 Steps:    2168 Episode Steps:    39 Return:  39.0000 FPS: 107.98
08:59:55.540 [INFO] (trainer.py:109) Total Epi:   144 Steps:    2233 Episode Steps:    65 Return:  65.0000 FPS: 122.35
08:59:55.805 [INFO] (trainer.py:109) Total Epi:   145 Steps:    2287 Episode Steps:    54 Return:  54.0000 FPS: 204.78
08:59:55.961 [INFO] (trainer.py:109) Total Epi:   146 Steps:    2317 Episode Steps:    30 Return:  30.0000 FPS: 198.49
08:59:57.212 [INFO] (trainer.py:109) Total Epi:   147 Steps:    2517 Episode Steps:   200 Return:  200.0000 FPS: 159.67
08:59:58.259 [INFO] (trainer.py:109) Total Epi:   148 Steps:    2639 Episode Steps:   122 Return:  122.0000 FPS: 119.23
08:59:58.982 [INFO] (trainer.py:109) Total Epi:   149 Steps:    2774 Episode Steps:   135 Return:  135.0000 FPS: 187.68
08:59:59.732 [INFO] (trainer.py:109) Total Epi:   150 Steps:    2914 Episode Steps:   140 Return:  140.0000 FPS: 187.25
09:00:01.013 [INFO] (trainer.py:109) Total Epi:   151 Steps:    3066 Episode Steps:   152 Return:  152.0000 FPS: 119.25
09:00:01.624 [INFO] (trainer.py:109) Total Epi:   152 Steps:    3203 Episode Steps:   137 Return:  137.0000 FPS: 229.45
09:00:02.171 [INFO] (trainer.py:109) Total Epi:   153 Steps:    3352 Episode Steps:   149 Return:  149.0000 FPS: 270.67
09:00:03.155 [INFO] (trainer.py:109) Total Epi:   154 Steps:    3509 Episode Steps:   157 Return:  157.0000 FPS: 158.94
09:00:04.265 [INFO] (trainer.py:109) Total Epi:   155 Steps:    3700 Episode Steps:   191 Return:  191.0000 FPS: 173.39
09:00:04.862 [INFO] (trainer.py:109) Total Epi:   156 Steps:    3856 Episode Steps:   156 Return:  156.0000 FPS: 261.89
09:00:06.925 [INFO] (trainer.py:137) Evaluation Total Steps:    4000 Average Reward  200.0000 over  5 episodes
09:00:07.066 [INFO] (trainer.py:109) Total Epi:   157 Steps:    4010 Episode Steps:   154 Return:  154.0000 FPS: 69.96
09:00:07.790 [INFO] (trainer.py:109) Total Epi:   158 Steps:    4210 Episode Steps:   200 Return:  200.0000 FPS: 280.46
09:00:08.618 [INFO] (trainer.py:109) Total Epi:   159 Steps:    4335 Episode Steps:   125 Return:  125.0000 FPS: 151.81
09:00:09.743 [INFO] (trainer.py:109) Total Epi:   160 Steps:    4535 Episode Steps:   200 Return:  200.0000 FPS: 177.48
09:00:10.259 [INFO] (trainer.py:109) Total Epi:   161 Steps:    4676 Episode Steps:   141 Return:  141.0000 FPS: 271.77
09:00:10.915 [INFO] (trainer.py:109) Total Epi:   162 Steps:    4817 Episode Steps:   141 Return:  141.0000 FPS: 218.79
09:00:11.884 [INFO] (trainer.py:109) Total Epi:   163 Steps:    4972 Episode Steps:   155 Return:  155.0000 FPS: 159.02
09:00:12.681 [INFO] (trainer.py:109) Total Epi:   164 Steps:    5131 Episode Steps:   159 Return:  159.0000 FPS: 201.25
09:00:13.193 [INFO] (trainer.py:109) Total Epi:   165 Steps:    5273 Episode Steps:   142 Return:  142.0000 FPS: 277.32
09:00:14.256 [INFO] (trainer.py:109) Total Epi:   166 Steps:    5413 Episode Steps:   140 Return:  140.0000 FPS: 140.71
09:00:15.412 [INFO] (trainer.py:109) Total Epi:   167 Steps:    5613 Episode Steps:   200 Return:  200.0000 FPS: 173.15
09:00:15.995 [INFO] (trainer.py:109) Total Epi:   168 Steps:    5770 Episode Steps:   157 Return:  157.0000 FPS: 268.50
09:00:17.120 [INFO] (trainer.py:109) Total Epi:   169 Steps:    5963 Episode Steps:   193 Return:  193.0000 FPS: 171.76
09:00:18.230 [INFO] (trainer.py:137) Evaluation Total Steps:    6000 Average Reward  176.6000 over  5 episodes
09:00:19.320 [INFO] (trainer.py:109) Total Epi:   170 Steps:    6151 Episode Steps:   188 Return:  188.0000 FPS: 85.64
09:00:20.601 [INFO] (trainer.py:109) Total Epi:   171 Steps:    6330 Episode Steps:   179 Return:  179.0000 FPS: 141.40
09:00:21.181 [INFO] (trainer.py:109) Total Epi:   172 Steps:    6479 Episode Steps:   149 Return:  149.0000 FPS: 259.34
09:00:21.728 [INFO] (trainer.py:109) Total Epi:   173 Steps:    6630 Episode Steps:   151 Return:  151.0000 FPS: 274.28
09:00:22.728 [INFO] (trainer.py:109) Total Epi:   174 Steps:    6783 Episode Steps:   153 Return:  153.0000 FPS: 155.10
09:00:23.905 [INFO] (trainer.py:109) Total Epi:   175 Steps:    6983 Episode Steps:   200 Return:  200.0000 FPS: 169.74
09:00:24.608 [INFO] (trainer.py:109) Total Epi:   176 Steps:    7157 Episode Steps:   174 Return:  174.0000 FPS: 250.38
09:00:25.968 [INFO] (trainer.py:109) Total Epi:   177 Steps:    7357 Episode Steps:   200 Return:  200.0000 FPS: 147.46
09:00:26.671 [INFO] (trainer.py:109) Total Epi:   178 Steps:    7525 Episode Steps:   168 Return:  168.0000 FPS: 243.72
09:00:27.650 [INFO] (trainer.py:109) Total Epi:   179 Steps:    7725 Episode Steps:   200 Return:  200.0000 FPS: 205.99
09:00:28.962 [INFO] (trainer.py:109) Total Epi:   180 Steps:    7925 Episode Steps:   200 Return:  200.0000 FPS: 154.04
09:00:29.697 [INFO] (trainer.py:137) Evaluation Total Steps:    8000 Average Reward  129.8000 over  5 episodes
09:00:29.930 [INFO] (trainer.py:109) Total Epi:   181 Steps:    8055 Episode Steps:   130 Return:  130.0000 FPS: 133.66
09:00:30.930 [INFO] (trainer.py:109) Total Epi:   182 Steps:    8225 Episode Steps:   170 Return:  170.0000 FPS: 170.90
09:00:31.914 [INFO] (trainer.py:109) Total Epi:   183 Steps:    8376 Episode Steps:   151 Return:  151.0000 FPS: 152.98
09:00:32.539 [INFO] (trainer.py:109) Total Epi:   184 Steps:    8545 Episode Steps:   169 Return:  169.0000 FPS: 271.86
09:00:33.586 [INFO] (trainer.py:109) Total Epi:   185 Steps:    8720 Episode Steps:   175 Return:  175.0000 FPS: 169.30
09:00:34.711 [INFO] (trainer.py:109) Total Epi:   186 Steps:    8920 Episode Steps:   200 Return:  200.0000 FPS: 177.20
09:00:35.226 [INFO] (trainer.py:109) Total Epi:   187 Steps:    9061 Episode Steps:   141 Return:  141.0000 FPS: 270.35
09:00:36.195 [INFO] (trainer.py:109) Total Epi:   188 Steps:    9230 Episode Steps:   169 Return:  169.0000 FPS: 175.20
09:00:37.383 [INFO] (trainer.py:109) Total Epi:   189 Steps:    9401 Episode Steps:   171 Return:  171.0000 FPS: 144.25
09:00:38.008 [INFO] (trainer.py:109) Total Epi:   190 Steps:    9560 Episode Steps:   159 Return:  159.0000 FPS: 271.04
09:00:39.078 [INFO] (trainer.py:109) Total Epi:   191 Steps:    9740 Episode Steps:   180 Return:  180.0000 FPS: 167.82
09:00:40.311 [INFO] (trainer.py:109) Total Epi:   192 Steps:    9940 Episode Steps:   200 Return:  200.0000 FPS: 163.11
09:00:41.392 [INFO] (trainer.py:137) Evaluation Total Steps:   10000 Average Reward  179.8000 over  5 episodes
09:00:43.169 [INFO] (trainer.py:109) Total Epi:   193 Steps:   10140 Episode Steps:   200 Return:  200.0000 FPS: 69.89
09:00:44.544 [INFO] (trainer.py:109) Total Epi:   194 Steps:   10340 Episode Steps:   200 Return:  200.0000 FPS: 146.84
09:00:45.653 [INFO] (trainer.py:109) Total Epi:   195 Steps:   10502 Episode Steps:   162 Return:  162.0000 FPS: 146.46
09:00:46.488 [INFO] (trainer.py:109) Total Epi:   196 Steps:   10661 Episode Steps:   159 Return:  159.0000 FPS: 190.14
09:00:47.863 [INFO] (trainer.py:109) Total Epi:   197 Steps:   10861 Episode Steps:   200 Return:  200.0000 FPS: 146.19
09:00:48.910 [INFO] (trainer.py:109) Total Epi:   198 Steps:   11023 Episode Steps:   162 Return:  162.0000 FPS: 155.16
09:00:49.629 [INFO] (trainer.py:109) Total Epi:   199 Steps:   11189 Episode Steps:   166 Return:  166.0000 FPS: 233.02
09:00:50.519 [INFO] (trainer.py:109) Total Epi:   200 Steps:   11352 Episode Steps:   163 Return:  163.0000 FPS: 184.38
09:00:51.410 [INFO] (trainer.py:109) Total Epi:   201 Steps:   11508 Episode Steps:   156 Return:  156.0000 FPS: 176.23
09:00:52.113 [INFO] (trainer.py:109) Total Epi:   202 Steps:   11708 Episode Steps:   200 Return:  200.0000 FPS: 288.19
09:00:53.035 [INFO] (trainer.py:109) Total Epi:   203 Steps:   11859 Episode Steps:   151 Return:  151.0000 FPS: 162.93
09:00:54.641 [INFO] (trainer.py:137) Evaluation Total Steps:   12000 Average Reward  200.0000 over  5 episodes
09:00:54.751 [INFO] (trainer.py:109) Total Epi:   204 Steps:   12009 Episode Steps:   150 Return:  150.0000 FPS: 87.95
09:00:55.797 [INFO] (trainer.py:109) Total Epi:   205 Steps:   12195 Episode Steps:   186 Return:  186.0000 FPS: 177.46
09:00:56.626 [INFO] (trainer.py:109) Total Epi:   206 Steps:   12351 Episode Steps:   156 Return:  156.0000 FPS: 187.64
09:00:57.479 [INFO] (trainer.py:109) Total Epi:   207 Steps:   12551 Episode Steps:   200 Return:  200.0000 FPS: 237.93
09:00:58.448 [INFO] (trainer.py:109) Total Epi:   208 Steps:   12712 Episode Steps:   161 Return:  161.0000 FPS: 167.14
09:00:59.292 [INFO] (trainer.py:109) Total Epi:   209 Steps:   12883 Episode Steps:   171 Return:  171.0000 FPS: 203.66
09:01:00.167 [INFO] (trainer.py:109) Total Epi:   210 Steps:   13061 Episode Steps:   178 Return:  178.0000 FPS: 201.80
09:01:01.235 [INFO] (trainer.py:109) Total Epi:   211 Steps:   13240 Episode Steps:   179 Return:  179.0000 FPS: 168.22
09:01:02.172 [INFO] (trainer.py:109) Total Epi:   212 Steps:   13426 Episode Steps:   186 Return:  186.0000 FPS: 198.72
09:01:02.985 [INFO] (trainer.py:109) Total Epi:   213 Steps:   13618 Episode Steps:   192 Return:  192.0000 FPS: 253.61
09:01:04.016 [INFO] (trainer.py:109) Total Epi:   214 Steps:   13818 Episode Steps:   200 Return:  200.0000 FPS: 194.14
09:01:05.647 [INFO] (trainer.py:137) Evaluation Total Steps:   14000 Average Reward  144.0000 over  5 episodes
09:01:05.772 [INFO] (trainer.py:109) Total Epi:   215 Steps:   14018 Episode Steps:   200 Return:  200.0000 FPS: 113.61
09:01:06.912 [INFO] (trainer.py:109) Total Epi:   216 Steps:   14218 Episode Steps:   200 Return:  200.0000 FPS: 176.11
09:01:07.819 [INFO] (trainer.py:109) Total Epi:   217 Steps:   14369 Episode Steps:   151 Return:  151.0000 FPS: 168.27
09:01:08.728 [INFO] (trainer.py:109) Total Epi:   218 Steps:   14569 Episode Steps:   200 Return:  200.0000 FPS: 219.33
09:01:09.712 [INFO] (trainer.py:109) Total Epi:   219 Steps:   14734 Episode Steps:   165 Return:  165.0000 FPS: 169.43
09:01:10.681 [INFO] (trainer.py:109) Total Epi:   220 Steps:   14904 Episode Steps:   170 Return:  170.0000 FPS: 175.78
09:01:11.525 [INFO] (trainer.py:109) Total Epi:   221 Steps:   15084 Episode Steps:   180 Return:  180.0000 FPS: 215.90
09:01:12.540 [INFO] (trainer.py:109) Total Epi:   222 Steps:   15272 Episode Steps:   188 Return:  188.0000 FPS: 188.02
09:01:13.743 [INFO] (trainer.py:109) Total Epi:   223 Steps:   15472 Episode Steps:   200 Return:  200.0000 FPS: 166.27
09:01:14.633 [INFO] (trainer.py:109) Total Epi:   224 Steps:   15642 Episode Steps:   170 Return:  170.0000 FPS: 196.12
09:01:15.290 [INFO] (trainer.py:109) Total Epi:   225 Steps:   15783 Episode Steps:   141 Return:  141.0000 FPS: 214.09
09:01:16.212 [INFO] (trainer.py:109) Total Epi:   226 Steps:   15940 Episode Steps:   157 Return:  157.0000 FPS: 172.33
09:01:17.205 [INFO] (trainer.py:137) Evaluation Total Steps:   16000 Average Reward  174.2000 over  5 episodes
09:01:17.799 [INFO] (trainer.py:109) Total Epi:   227 Steps:   16099 Episode Steps:   159 Return:  159.0000 FPS: 100.00
09:01:18.924 [INFO] (trainer.py:109) Total Epi:   228 Steps:   16299 Episode Steps:   200 Return:  200.0000 FPS: 178.36
09:01:19.424 [INFO] (trainer.py:109) Total Epi:   229 Steps:   16422 Episode Steps:   123 Return:  123.0000 FPS: 250.42
09:01:20.377 [INFO] (trainer.py:109) Total Epi:   230 Steps:   16576 Episode Steps:   154 Return:  154.0000 FPS: 160.15
09:01:21.110 [INFO] (trainer.py:109) Total Epi:   231 Steps:   16744 Episode Steps:   168 Return:  168.0000 FPS: 229.85
09:01:22.063 [INFO] (trainer.py:109) Total Epi:   232 Steps:   16913 Episode Steps:   169 Return:  169.0000 FPS: 178.90
09:01:23.032 [INFO] (trainer.py:109) Total Epi:   233 Steps:   17083 Episode Steps:   170 Return:  170.0000 FPS: 177.90
09:01:23.809 [INFO] (trainer.py:109) Total Epi:   234 Steps:   17263 Episode Steps:   180 Return:  180.0000 FPS: 232.98
09:01:24.839 [INFO] (trainer.py:109) Total Epi:   235 Steps:   17463 Episode Steps:   200 Return:  200.0000 FPS: 195.12
09:01:25.620 [INFO] (trainer.py:109) Total Epi:   236 Steps:   17599 Episode Steps:   136 Return:  136.0000 FPS: 177.29
09:01:26.276 [INFO] (trainer.py:109) Total Epi:   237 Steps:   17753 Episode Steps:   154 Return:  154.0000 FPS: 238.77
09:01:27.542 [INFO] (trainer.py:109) Total Epi:   238 Steps:   17953 Episode Steps:   200 Return:  200.0000 FPS: 157.77
09:01:28.938 [INFO] (trainer.py:137) Evaluation Total Steps:   18000 Average Reward  170.0000 over  5 episodes
09:01:29.516 [INFO] (trainer.py:109) Total Epi:   239 Steps:   18093 Episode Steps:   140 Return:  140.0000 FPS: 71.19
09:01:30.610 [INFO] (trainer.py:109) Total Epi:   240 Steps:   18257 Episode Steps:   164 Return:  164.0000 FPS: 150.42
09:01:31.719 [INFO] (trainer.py:109) Total Epi:   241 Steps:   18415 Episode Steps:   158 Return:  158.0000 FPS: 143.70
09:01:32.921 [INFO] (trainer.py:109) Total Epi:   242 Steps:   18615 Episode Steps:   200 Return:  200.0000 FPS: 165.89
09:01:33.437 [INFO] (trainer.py:109) Total Epi:   243 Steps:   18757 Episode Steps:   142 Return:  142.0000 FPS: 278.58
09:01:34.437 [INFO] (trainer.py:109) Total Epi:   244 Steps:   18923 Episode Steps:   166 Return:  166.0000 FPS: 165.23
09:01:34.890 [INFO] (trainer.py:109) Total Epi:   245 Steps:   19042 Episode Steps:   119 Return:  119.0000 FPS: 260.56
09:01:35.843 [INFO] (trainer.py:109) Total Epi:   246 Steps:   19200 Episode Steps:   158 Return:  158.0000 FPS: 168.76
09:01:36.855 [INFO] (trainer.py:109) Total Epi:   247 Steps:   19400 Episode Steps:   200 Return:  200.0000 FPS: 196.66
09:01:37.621 [INFO] (trainer.py:109) Total Epi:   248 Steps:   19579 Episode Steps:   179 Return:  179.0000 FPS: 256.73
09:01:38.668 [INFO] (trainer.py:109) Total Epi:   249 Steps:   19760 Episode Steps:   181 Return:  181.0000 FPS: 171.61
09:01:39.371 [INFO] (trainer.py:109) Total Epi:   250 Steps:   19894 Episode Steps:   134 Return:  134.0000 FPS: 192.92
09:01:40.505 [INFO] (trainer.py:137) Evaluation Total Steps:   20000 Average Reward  179.4000 over  5 episodes
09:01:41.473 [INFO] (trainer.py:109) Total Epi:   251 Steps:   20088 Episode Steps:   194 Return:  194.0000 FPS: 92.41
09:01:42.989 [INFO] (trainer.py:109) Total Epi:   252 Steps:   20266 Episode Steps:   178 Return:  178.0000 FPS: 117.90
09:01:44.696 [INFO] (trainer.py:109) Total Epi:   253 Steps:   20445 Episode Steps:   179 Return:  179.0000 FPS: 105.02
09:01:45.821 [INFO] (trainer.py:109) Total Epi:   254 Steps:   20623 Episode Steps:   178 Return:  178.0000 FPS: 158.87
09:01:46.946 [INFO] (trainer.py:109) Total Epi:   255 Steps:   20798 Episode Steps:   175 Return:  175.0000 FPS: 154.76
09:01:47.523 [INFO] (trainer.py:109) Total Epi:   256 Steps:   20939 Episode Steps:   141 Return:  141.0000 FPS: 245.36
09:01:48.477 [INFO] (trainer.py:109) Total Epi:   257 Steps:   21122 Episode Steps:   183 Return:  183.0000 FPS: 194.35
09:01:49.227 [INFO] (trainer.py:109) Total Epi:   258 Steps:   21292 Episode Steps:   170 Return:  170.0000 FPS: 229.88
09:01:49.945 [INFO] (trainer.py:109) Total Epi:   259 Steps:   21431 Episode Steps:   139 Return:  139.0000 FPS: 191.27
09:01:51.014 [INFO] (trainer.py:109) Total Epi:   260 Steps:   21577 Episode Steps:   146 Return:  146.0000 FPS: 142.07
09:01:52.155 [INFO] (trainer.py:109) Total Epi:   261 Steps:   21709 Episode Steps:   132 Return:  132.0000 FPS: 115.53
09:01:53.046 [INFO] (trainer.py:109) Total Epi:   262 Steps:   21871 Episode Steps:   162 Return:  162.0000 FPS: 184.70
09:01:55.702 [INFO] (trainer.py:137) Evaluation Total Steps:   22000 Average Reward  168.6000 over  5 episodes
09:01:55.874 [INFO] (trainer.py:109) Total Epi:   263 Steps:   22017 Episode Steps:   146 Return:  146.0000 FPS: 51.57
09:01:57.124 [INFO] (trainer.py:109) Total Epi:   264 Steps:   22156 Episode Steps:   139 Return:  139.0000 FPS: 118.15
09:01:58.437 [INFO] (trainer.py:109) Total Epi:   265 Steps:   22308 Episode Steps:   152 Return:  152.0000 FPS: 115.60
