12:56:27.243 [INFO] (trainer.py:109) Total Epi:     1 Steps:      73 Episode Steps:    73 Return: -222.1099 FPS: 372.89
12:56:27.539 [INFO] (trainer.py:109) Total Epi:     2 Steps:     189 Episode Steps:   116 Return: -242.1934 FPS: 564.06
12:56:27.852 [INFO] (trainer.py:109) Total Epi:     3 Steps:     318 Episode Steps:   129 Return: -89.5368 FPS: 415.34
12:56:28.118 [INFO] (trainer.py:109) Total Epi:     4 Steps:     409 Episode Steps:    91 Return: -62.4121 FPS: 346.40
12:56:28.352 [INFO] (trainer.py:109) Total Epi:     5 Steps:     525 Episode Steps:   116 Return: -249.4115 FPS: 526.47
12:56:28.477 [INFO] (trainer.py:109) Total Epi:     6 Steps:     619 Episode Steps:    94 Return: -166.5199 FPS: 792.08
12:56:28.571 [INFO] (trainer.py:109) Total Epi:     7 Steps:     714 Episode Steps:    95 Return: -60.5705 FPS: 1018.47
12:56:28.758 [INFO] (trainer.py:109) Total Epi:     8 Steps:     807 Episode Steps:    93 Return: -85.4706 FPS: 508.33
12:56:29.084 [INFO] (trainer.py:109) Total Epi:     9 Steps:     932 Episode Steps:   125 Return: -131.2481 FPS: 402.44
12:56:29.616 [INFO] (trainer.py:109) Total Epi:    10 Steps:    1173 Episode Steps:   241 Return: -391.1306 FPS: 465.01
12:56:29.717 [INFO] (trainer.py:109) Total Epi:    11 Steps:    1288 Episode Steps:   115 Return: -203.7074 FPS: 1169.32
12:56:29.834 [INFO] (trainer.py:109) Total Epi:    12 Steps:    1382 Episode Steps:    94 Return: -94.7800 FPS: 1349.29
12:56:29.919 [INFO] (trainer.py:109) Total Epi:    13 Steps:    1474 Episode Steps:    92 Return: -435.6847 FPS: 1105.31
12:56:30.040 [INFO] (trainer.py:109) Total Epi:    14 Steps:    1593 Episode Steps:   119 Return: -305.5163 FPS: 1000.18
12:56:30.120 [INFO] (trainer.py:109) Total Epi:    15 Steps:    1679 Episode Steps:    86 Return: -88.4125 FPS: 1113.49
12:56:30.289 [INFO] (trainer.py:109) Total Epi:    16 Steps:    1774 Episode Steps:    95 Return: -324.1980 FPS: 572.51
12:56:30.471 [INFO] (trainer.py:109) Total Epi:    17 Steps:    1861 Episode Steps:    87 Return: -412.8187 FPS: 500.96
12:56:30.672 [INFO] (trainer.py:109) Total Epi:    18 Steps:    1948 Episode Steps:    87 Return: -65.6699 FPS: 454.21
12:56:30.838 [INFO] (trainer.py:109) Total Epi:    19 Steps:    2018 Episode Steps:    70 Return: -68.8210 FPS: 451.16
12:56:31.018 [INFO] (trainer.py:109) Total Epi:    20 Steps:    2104 Episode Steps:    86 Return: -97.7827 FPS: 505.04
12:56:31.263 [INFO] (trainer.py:109) Total Epi:    21 Steps:    2235 Episode Steps:   131 Return: -270.2582 FPS: 546.01
12:56:31.347 [INFO] (trainer.py:109) Total Epi:    22 Steps:    2308 Episode Steps:    73 Return: -79.0887 FPS: 891.23
12:56:31.472 [INFO] (trainer.py:109) Total Epi:    23 Steps:    2393 Episode Steps:    85 Return: -216.6903 FPS: 729.67
12:56:31.768 [INFO] (trainer.py:109) Total Epi:    24 Steps:    2508 Episode Steps:   115 Return: -81.1884 FPS: 404.12
12:56:32.123 [INFO] (trainer.py:109) Total Epi:    25 Steps:    2646 Episode Steps:   138 Return: -191.7206 FPS: 399.37
12:56:32.332 [INFO] (trainer.py:109) Total Epi:    26 Steps:    2795 Episode Steps:   149 Return: -544.5745 FPS: 751.30
12:56:32.442 [INFO] (trainer.py:109) Total Epi:    27 Steps:    2913 Episode Steps:   118 Return: -146.7109 FPS: 1101.10
12:56:32.564 [INFO] (trainer.py:109) Total Epi:    28 Steps:    3050 Episode Steps:   137 Return: -588.9695 FPS: 1139.63
12:56:32.671 [INFO] (trainer.py:109) Total Epi:    29 Steps:    3163 Episode Steps:   113 Return: -301.0689 FPS: 1075.40
12:56:32.761 [INFO] (trainer.py:109) Total Epi:    30 Steps:    3255 Episode Steps:    92 Return: -41.9041 FPS: 1052.87
12:56:32.824 [INFO] (trainer.py:109) Total Epi:    31 Steps:    3331 Episode Steps:    76 Return: -193.0699 FPS: 1241.92
12:56:32.926 [INFO] (trainer.py:109) Total Epi:    32 Steps:    3426 Episode Steps:    95 Return: -193.6861 FPS: 951.84
12:56:33.108 [INFO] (trainer.py:109) Total Epi:    33 Steps:    3509 Episode Steps:    83 Return: -177.9115 FPS: 462.54
12:56:33.402 [INFO] (trainer.py:109) Total Epi:    34 Steps:    3600 Episode Steps:    91 Return: -368.1122 FPS: 395.59
12:56:33.710 [INFO] (trainer.py:109) Total Epi:    35 Steps:    3731 Episode Steps:   131 Return: -213.2482 FPS: 438.70
12:56:33.927 [INFO] (trainer.py:109) Total Epi:    36 Steps:    3868 Episode Steps:   137 Return: -275.7547 FPS: 705.95
12:56:34.043 [INFO] (trainer.py:109) Total Epi:    37 Steps:    3991 Episode Steps:   123 Return: -234.8168 FPS: 1081.17
12:56:34.138 [INFO] (trainer.py:109) Total Epi:    38 Steps:    4092 Episode Steps:   101 Return: -165.8555 FPS: 1093.80
12:56:34.233 [INFO] (trainer.py:109) Total Epi:    39 Steps:    4181 Episode Steps:    89 Return: -319.0914 FPS: 963.66
12:56:34.501 [INFO] (trainer.py:109) Total Epi:    40 Steps:    4297 Episode Steps:   116 Return: -26.8029 FPS: 453.42
12:56:34.691 [INFO] (trainer.py:109) Total Epi:    41 Steps:    4381 Episode Steps:    84 Return: -103.7124 FPS: 468.20
12:56:34.923 [INFO] (trainer.py:109) Total Epi:    42 Steps:    4473 Episode Steps:    92 Return: -109.4713 FPS: 419.00
12:56:35.153 [INFO] (trainer.py:109) Total Epi:    43 Steps:    4614 Episode Steps:   141 Return: -340.2445 FPS: 682.48
12:56:35.324 [INFO] (trainer.py:109) Total Epi:    44 Steps:    4743 Episode Steps:   129 Return: -168.0006 FPS: 767.54
12:56:35.523 [INFO] (trainer.py:109) Total Epi:    45 Steps:    4904 Episode Steps:   161 Return: -481.5857 FPS: 859.14
12:56:35.593 [INFO] (trainer.py:109) Total Epi:    46 Steps:    4984 Episode Steps:    80 Return: -307.8419 FPS: 1173.95
12:56:35.673 [INFO] (trainer.py:109) Total Epi:    47 Steps:    5064 Episode Steps:    80 Return: -381.5288 FPS: 1034.28
12:56:35.991 [INFO] (trainer.py:109) Total Epi:    48 Steps:    5211 Episode Steps:   147 Return: -151.2116 FPS: 466.26
12:56:36.206 [INFO] (trainer.py:109) Total Epi:    49 Steps:    5304 Episode Steps:    93 Return: -246.6156 FPS: 450.66
12:56:36.420 [INFO] (trainer.py:109) Total Epi:    50 Steps:    5396 Episode Steps:    92 Return: -257.2859 FPS: 452.86
12:56:36.601 [INFO] (trainer.py:109) Total Epi:    51 Steps:    5492 Episode Steps:    96 Return: -292.0624 FPS: 542.10
12:56:36.680 [INFO] (trainer.py:109) Total Epi:    52 Steps:    5578 Episode Steps:    86 Return: -363.4960 FPS: 1163.00
12:56:36.862 [INFO] (trainer.py:109) Total Epi:    53 Steps:    5738 Episode Steps:   160 Return: -114.2822 FPS: 888.22
12:56:37.230 [INFO] (trainer.py:109) Total Epi:    54 Steps:    5913 Episode Steps:   175 Return: -176.0597 FPS: 478.04
12:56:37.495 [INFO] (trainer.py:109) Total Epi:    55 Steps:    6022 Episode Steps:   109 Return: -325.3511 FPS: 426.07
12:56:37.796 [INFO] (trainer.py:109) Total Epi:    56 Steps:    6125 Episode Steps:   103 Return: -505.9505 FPS: 413.31
12:56:37.906 [INFO] (trainer.py:109) Total Epi:    57 Steps:    6242 Episode Steps:   117 Return: -373.8197 FPS: 1089.55
12:56:38.021 [INFO] (trainer.py:109) Total Epi:    58 Steps:    6361 Episode Steps:   119 Return: -404.6360 FPS: 1056.34
12:56:38.146 [INFO] (trainer.py:109) Total Epi:    59 Steps:    6492 Episode Steps:   131 Return: -100.9001 FPS: 1061.15
12:56:38.257 [INFO] (trainer.py:109) Total Epi:    60 Steps:    6606 Episode Steps:   114 Return:  19.8557 FPS: 1045.30
12:56:38.330 [INFO] (trainer.py:109) Total Epi:    61 Steps:    6690 Episode Steps:    84 Return: -321.8534 FPS: 1193.94
12:56:38.391 [INFO] (trainer.py:109) Total Epi:    62 Steps:    6765 Episode Steps:    75 Return: -333.2654 FPS: 1275.62
12:56:38.462 [INFO] (trainer.py:109) Total Epi:    63 Steps:    6847 Episode Steps:    82 Return: -275.1714 FPS: 1209.20
12:56:38.642 [INFO] (trainer.py:109) Total Epi:    64 Steps:    6990 Episode Steps:   143 Return: -341.7600 FPS: 803.77
12:56:38.957 [INFO] (trainer.py:109) Total Epi:    65 Steps:    7104 Episode Steps:   114 Return: -99.4856 FPS: 377.70
12:56:39.252 [INFO] (trainer.py:109) Total Epi:    66 Steps:    7222 Episode Steps:   118 Return: -140.1372 FPS: 412.99
12:56:39.399 [INFO] (trainer.py:109) Total Epi:    67 Steps:    7305 Episode Steps:    83 Return: -234.8611 FPS: 736.64
12:56:39.618 [INFO] (trainer.py:109) Total Epi:    68 Steps:    7487 Episode Steps:   182 Return: -67.8467 FPS: 818.60
12:56:39.712 [INFO] (trainer.py:109) Total Epi:    69 Steps:    7592 Episode Steps:   105 Return: -114.9121 FPS: 1169.10
12:56:39.946 [INFO] (trainer.py:109) Total Epi:    70 Steps:    7754 Episode Steps:   162 Return: -81.0749 FPS: 724.18
12:56:40.118 [INFO] (trainer.py:109) Total Epi:    71 Steps:    7850 Episode Steps:    96 Return: -97.1403 FPS: 568.61
12:56:40.274 [INFO] (trainer.py:109) Total Epi:    72 Steps:    7941 Episode Steps:    91 Return: -354.0605 FPS: 603.49
12:56:40.446 [INFO] (trainer.py:109) Total Epi:    73 Steps:    8024 Episode Steps:    83 Return: -95.8519 FPS: 547.19
12:56:40.540 [INFO] (trainer.py:109) Total Epi:    74 Steps:    8099 Episode Steps:    75 Return: -240.8089 FPS: 846.82
12:56:40.665 [INFO] (trainer.py:109) Total Epi:    75 Steps:    8241 Episode Steps:   142 Return: -209.3636 FPS: 1078.57
12:56:40.743 [INFO] (trainer.py:109) Total Epi:    76 Steps:    8321 Episode Steps:    80 Return: -168.9642 FPS: 1074.33
12:56:40.821 [INFO] (trainer.py:109) Total Epi:    77 Steps:    8410 Episode Steps:    89 Return: -401.6597 FPS: 1125.08
12:56:40.993 [INFO] (trainer.py:109) Total Epi:    78 Steps:    8530 Episode Steps:   120 Return: -372.1209 FPS: 826.76
12:56:41.166 [INFO] (trainer.py:109) Total Epi:    79 Steps:    8629 Episode Steps:    99 Return: -56.6709 FPS: 690.52
12:56:41.294 [INFO] (trainer.py:109) Total Epi:    80 Steps:    8737 Episode Steps:   108 Return: -91.4393 FPS: 880.54
12:56:41.414 [INFO] (trainer.py:109) Total Epi:    81 Steps:    8828 Episode Steps:    91 Return: -131.9690 FPS: 776.70
12:56:41.611 [INFO] (trainer.py:109) Total Epi:    82 Steps:    8930 Episode Steps:   102 Return: -155.4574 FPS: 541.69
12:56:41.840 [INFO] (trainer.py:109) Total Epi:    83 Steps:    9022 Episode Steps:    92 Return: -102.7470 FPS: 420.91
12:56:42.066 [INFO] (trainer.py:109) Total Epi:    84 Steps:    9125 Episode Steps:   103 Return: -301.5219 FPS: 478.58
12:56:42.198 [INFO] (trainer.py:109) Total Epi:    85 Steps:    9198 Episode Steps:    73 Return: -70.9394 FPS: 608.67
12:56:42.267 [INFO] (trainer.py:109) Total Epi:    86 Steps:    9269 Episode Steps:    71 Return: -292.1851 FPS: 1062.57
12:56:42.421 [INFO] (trainer.py:109) Total Epi:    87 Steps:    9423 Episode Steps:   154 Return: -176.0515 FPS: 1020.77
12:56:42.478 [INFO] (trainer.py:109) Total Epi:    88 Steps:    9490 Episode Steps:    67 Return: -56.8635 FPS: 1219.16
12:56:42.731 [INFO] (trainer.py:109) Total Epi:    89 Steps:    9599 Episode Steps:   109 Return: -265.2747 FPS: 508.51
12:56:42.973 [INFO] (trainer.py:109) Total Epi:    90 Steps:    9672 Episode Steps:    73 Return: -154.7759 FPS: 318.90
12:56:43.214 [INFO] (trainer.py:109) Total Epi:    91 Steps:    9769 Episode Steps:    97 Return: -418.6902 FPS: 417.22
12:56:43.365 [INFO] (trainer.py:109) Total Epi:    92 Steps:    9856 Episode Steps:    87 Return: -300.0419 FPS: 594.82
12:56:43.522 [INFO] (trainer.py:109) Total Epi:    93 Steps:    9995 Episode Steps:   139 Return: -475.7215 FPS: 919.34
12:57:01.493 [INFO] (trainer.py:137) Evaluation Total Steps:   10000 Average Reward -252.4493 over  5 episodes
12:57:06.316 [INFO] (trainer.py:109) Total Epi:    94 Steps:   10138 Episode Steps:   143 Return: -256.0584 FPS:  6.27
12:57:09.433 [INFO] (trainer.py:109) Total Epi:    95 Steps:   10239 Episode Steps:   101 Return:  20.9113 FPS: 32.53
12:57:14.594 [INFO] (trainer.py:109) Total Epi:    96 Steps:   10417 Episode Steps:   178 Return: -55.5506 FPS: 34.51
12:57:20.262 [INFO] (trainer.py:109) Total Epi:    97 Steps:   10612 Episode Steps:   195 Return: -208.7603 FPS: 34.37
12:57:35.941 [INFO] (trainer.py:109) Total Epi:    98 Steps:   11113 Episode Steps:   501 Return: -89.7742 FPS: 31.98
12:58:11.122 [INFO] (trainer.py:109) Total Epi:    99 Steps:   12113 Episode Steps:  1000 Return: -99.9611 FPS: 28.43
12:58:42.436 [INFO] (trainer.py:109) Total Epi:   100 Steps:   13113 Episode Steps:  1000 Return: -103.2651 FPS: 31.93
12:59:16.414 [INFO] (trainer.py:109) Total Epi:   101 Steps:   14113 Episode Steps:  1000 Return:  7.5412 FPS: 29.44
12:59:52.400 [INFO] (trainer.py:109) Total Epi:   102 Steps:   15113 Episode Steps:  1000 Return: -28.9384 FPS: 27.79
13:00:27.609 [INFO] (trainer.py:109) Total Epi:   103 Steps:   16113 Episode Steps:  1000 Return: -41.2633 FPS: 28.44
13:01:00.055 [INFO] (trainer.py:109) Total Epi:   104 Steps:   17113 Episode Steps:  1000 Return: -16.8484 FPS: 30.82
13:01:32.585 [INFO] (trainer.py:109) Total Epi:   105 Steps:   18113 Episode Steps:  1000 Return: -56.4422 FPS: 30.76
13:02:02.922 [INFO] (trainer.py:109) Total Epi:   106 Steps:   19113 Episode Steps:  1000 Return: -52.5915 FPS: 32.97
13:03:02.190 [INFO] (trainer.py:137) Evaluation Total Steps:   20000 Average Reward -196.5881 over  5 episodes
13:03:06.227 [INFO] (trainer.py:109) Total Epi:   107 Steps:   20113 Episode Steps:  1000 Return: -107.9418 FPS: 15.79
13:03:36.667 [INFO] (trainer.py:109) Total Epi:   108 Steps:   21113 Episode Steps:  1000 Return: -119.9142 FPS: 32.86
13:04:05.116 [INFO] (trainer.py:109) Total Epi:   109 Steps:   22068 Episode Steps:   955 Return: -218.7147 FPS: 33.57
13:04:37.177 [INFO] (trainer.py:109) Total Epi:   110 Steps:   23068 Episode Steps:  1000 Return: -44.1741 FPS: 31.19
13:05:09.734 [INFO] (trainer.py:109) Total Epi:   111 Steps:   24068 Episode Steps:  1000 Return: -111.3709 FPS: 30.72
13:05:42.683 [INFO] (trainer.py:109) Total Epi:   112 Steps:   25068 Episode Steps:  1000 Return: -23.8655 FPS: 30.37
13:06:13.927 [INFO] (trainer.py:109) Total Epi:   113 Steps:   26002 Episode Steps:   934 Return: -219.9148 FPS: 29.90
13:06:48.200 [INFO] (trainer.py:109) Total Epi:   114 Steps:   27002 Episode Steps:  1000 Return: -82.0530 FPS: 29.19
13:07:20.350 [INFO] (trainer.py:109) Total Epi:   115 Steps:   28002 Episode Steps:  1000 Return: -103.4234 FPS: 31.10
13:07:49.070 [INFO] (trainer.py:109) Total Epi:   116 Steps:   28962 Episode Steps:   960 Return: -216.8292 FPS: 33.43
13:08:21.204 [INFO] (trainer.py:109) Total Epi:   117 Steps:   29962 Episode Steps:  1000 Return: -76.5204 FPS: 31.13
13:09:07.226 [INFO] (trainer.py:137) Evaluation Total Steps:   30000 Average Reward -181.6599 over  5 episodes
13:09:10.350 [INFO] (trainer.py:109) Total Epi:   118 Steps:   30100 Episode Steps:   138 Return: -20.0021 FPS:  2.81
13:09:41.283 [INFO] (trainer.py:109) Total Epi:   119 Steps:   31100 Episode Steps:  1000 Return: -131.6022 FPS: 32.33
13:10:12.942 [INFO] (trainer.py:109) Total Epi:   120 Steps:   32100 Episode Steps:  1000 Return: -125.9662 FPS: 31.60
13:10:44.987 [INFO] (trainer.py:109) Total Epi:   121 Steps:   33100 Episode Steps:  1000 Return: -107.8447 FPS: 31.21
13:11:17.649 [INFO] (trainer.py:109) Total Epi:   122 Steps:   34100 Episode Steps:  1000 Return: -106.9466 FPS: 30.62
13:11:36.442 [INFO] (trainer.py:109) Total Epi:   123 Steps:   34730 Episode Steps:   630 Return: -131.4640 FPS: 33.60
13:12:09.159 [INFO] (trainer.py:109) Total Epi:   124 Steps:   35730 Episode Steps:  1000 Return: -98.9890 FPS: 30.57
13:12:40.926 [INFO] (trainer.py:109) Total Epi:   125 Steps:   36730 Episode Steps:  1000 Return: -66.1213 FPS: 31.49
13:13:16.280 [INFO] (trainer.py:109) Total Epi:   126 Steps:   37730 Episode Steps:  1000 Return: -35.9175 FPS: 28.29
13:13:47.864 [INFO] (trainer.py:109) Total Epi:   127 Steps:   38730 Episode Steps:  1000 Return: -33.3953 FPS: 31.66
13:14:21.056 [INFO] (trainer.py:109) Total Epi:   128 Steps:   39730 Episode Steps:  1000 Return: -24.2572 FPS: 30.17
13:15:11.246 [INFO] (trainer.py:137) Evaluation Total Steps:   40000 Average Reward -11.7462 over  5 episodes
13:15:32.806 [INFO] (trainer.py:109) Total Epi:   129 Steps:   40730 Episode Steps:  1000 Return: -69.7321 FPS: 13.94
13:16:05.557 [INFO] (trainer.py:109) Total Epi:   130 Steps:   41730 Episode Steps:  1000 Return: -40.6932 FPS: 30.53
13:16:37.431 [INFO] (trainer.py:109) Total Epi:   131 Steps:   42730 Episode Steps:  1000 Return:  2.0671 FPS: 31.37
13:17:08.523 [INFO] (trainer.py:109) Total Epi:   132 Steps:   43730 Episode Steps:  1000 Return: -10.8617 FPS: 32.17
13:17:39.392 [INFO] (trainer.py:109) Total Epi:   133 Steps:   44730 Episode Steps:  1000 Return: -10.9684 FPS: 32.40
13:18:13.321 [INFO] (trainer.py:109) Total Epi:   134 Steps:   45730 Episode Steps:  1000 Return: -33.0601 FPS: 29.50
13:18:56.307 [INFO] (trainer.py:109) Total Epi:   135 Steps:   46730 Episode Steps:  1000 Return: -14.2068 FPS: 23.26
13:19:27.253 [INFO] (trainer.py:109) Total Epi:   136 Steps:   47664 Episode Steps:   934 Return: -287.7438 FPS: 30.18
13:20:04.184 [INFO] (trainer.py:109) Total Epi:   137 Steps:   48664 Episode Steps:  1000 Return: -17.0313 FPS: 27.08
13:20:36.674 [INFO] (trainer.py:109) Total Epi:   138 Steps:   49664 Episode Steps:  1000 Return: -85.5616 FPS: 30.78
13:21:17.647 [INFO] (trainer.py:137) Evaluation Total Steps:   50000 Average Reward  24.1137 over  5 episodes
13:21:44.178 [INFO] (trainer.py:109) Total Epi:   139 Steps:   50664 Episode Steps:  1000 Return:  5.7368 FPS: 14.82
13:22:21.189 [INFO] (trainer.py:109) Total Epi:   140 Steps:   51664 Episode Steps:  1000 Return:  21.8294 FPS: 27.02
13:22:57.611 [INFO] (trainer.py:109) Total Epi:   141 Steps:   52664 Episode Steps:  1000 Return: -59.4854 FPS: 27.46
