10:41:45.118 [INFO] (trainer.py:109) Total Epi:     1 Steps:      19 Episode Steps:    19 Return:  0.0024 FPS: 68.80
10:41:47.616 [INFO] (trainer.py:109) Total Epi:     2 Steps:     255 Episode Steps:   236 Return:  0.1093 FPS: 94.82
10:41:48.272 [INFO] (trainer.py:109) Total Epi:     3 Steps:     379 Episode Steps:   124 Return:  0.0445 FPS: 190.33
10:41:55.257 [INFO] (trainer.py:109) Total Epi:     4 Steps:     556 Episode Steps:   177 Return:  0.0536 FPS: 25.35
10:41:57.722 [INFO] (trainer.py:109) Total Epi:     5 Steps:     725 Episode Steps:   169 Return:  0.1623 FPS: 68.40
10:42:01.250 [INFO] (trainer.py:109) Total Epi:     6 Steps:     924 Episode Steps:   199 Return: -0.8193 FPS: 56.88
10:42:01.382 [INFO] (trainer.py:109) Total Epi:     7 Steps:     934 Episode Steps:    10 Return:  0.0000 FPS: 71.01
10:42:02.336 [INFO] (trainer.py:109) Total Epi:     8 Steps:    1029 Episode Steps:    95 Return:  0.0447 FPS: 99.75
10:42:04.433 [INFO] (trainer.py:109) Total Epi:     9 Steps:    1168 Episode Steps:   139 Return: -0.9151 FPS: 66.91
10:42:04.649 [INFO] (trainer.py:109) Total Epi:    10 Steps:    1178 Episode Steps:    10 Return:  0.0000 FPS: 58.30
10:42:05.438 [INFO] (trainer.py:109) Total Epi:    11 Steps:    1225 Episode Steps:    47 Return:  0.0057 FPS: 59.47
10:42:06.360 [INFO] (trainer.py:109) Total Epi:    12 Steps:    1258 Episode Steps:    33 Return:  0.0071 FPS: 35.92
10:42:06.782 [INFO] (trainer.py:109) Total Epi:    13 Steps:    1305 Episode Steps:    47 Return:  0.0346 FPS: 111.82
10:42:09.863 [INFO] (trainer.py:109) Total Epi:    14 Steps:    1521 Episode Steps:   216 Return: -0.8626 FPS: 70.36
10:42:10.188 [INFO] (trainer.py:109) Total Epi:    15 Steps:    1556 Episode Steps:    35 Return:  0.0296 FPS: 108.14
10:42:12.105 [INFO] (trainer.py:109) Total Epi:    16 Steps:    1667 Episode Steps:   111 Return:  0.0903 FPS: 57.95
10:42:12.677 [INFO] (trainer.py:109) Total Epi:    17 Steps:    1720 Episode Steps:    53 Return:  0.0208 FPS: 92.92
10:42:15.368 [INFO] (trainer.py:109) Total Epi:    18 Steps:    1874 Episode Steps:   154 Return:  0.1820 FPS: 57.27
10:42:15.484 [INFO] (trainer.py:109) Total Epi:    19 Steps:    1884 Episode Steps:    10 Return:  0.0000 FPS: 87.76
10:42:15.711 [INFO] (trainer.py:109) Total Epi:    20 Steps:    1906 Episode Steps:    22 Return:  0.0023 FPS: 98.12
10:42:16.258 [INFO] (trainer.py:109) Total Epi:    21 Steps:    1956 Episode Steps:    50 Return:  0.0518 FPS: 95.91
10:42:16.363 [INFO] (trainer.py:109) Total Epi:    22 Steps:    1966 Episode Steps:    10 Return:  0.0000 FPS: 96.54
10:42:16.462 [INFO] (trainer.py:109) Total Epi:    23 Steps:    1976 Episode Steps:    10 Return:  0.0000 FPS: 102.84
10:42:16.590 [INFO] (trainer.py:109) Total Epi:    24 Steps:    1986 Episode Steps:    10 Return:  0.0000 FPS: 79.47
10:42:16.815 [INFO] (trainer.py:109) Total Epi:    25 Steps:    1996 Episode Steps:    10 Return:  0.0000 FPS: 46.44
10:42:17.820 [INFO] (trainer.py:137) Evaluation Total Steps:    2000 Average Reward  0.0000 over  5 episodes
10:42:18.135 [INFO] (trainer.py:109) Total Epi:    26 Steps:    2023 Episode Steps:    27 Return:  0.0038 FPS: 20.65
10:42:18.233 [INFO] (trainer.py:109) Total Epi:    27 Steps:    2033 Episode Steps:    10 Return:  0.0000 FPS: 103.66
10:42:20.231 [INFO] (trainer.py:109) Total Epi:    28 Steps:    2133 Episode Steps:   100 Return:  0.0819 FPS: 49.84
10:42:20.450 [INFO] (trainer.py:109) Total Epi:    29 Steps:    2143 Episode Steps:    10 Return:  0.0000 FPS: 47.83
10:42:21.025 [INFO] (trainer.py:109) Total Epi:    30 Steps:    2197 Episode Steps:    54 Return: -0.9353 FPS: 97.99
10:42:21.172 [INFO] (trainer.py:109) Total Epi:    31 Steps:    2207 Episode Steps:    10 Return:  0.0000 FPS: 69.03
10:42:21.316 [INFO] (trainer.py:109) Total Epi:    32 Steps:    2217 Episode Steps:    10 Return:  0.0000 FPS: 70.93
10:42:21.413 [INFO] (trainer.py:109) Total Epi:    33 Steps:    2227 Episode Steps:    10 Return:  0.0000 FPS: 98.82
10:42:22.460 [INFO] (trainer.py:109) Total Epi:    34 Steps:    2312 Episode Steps:    85 Return: -0.8985 FPS: 81.21
10:42:23.910 [INFO] (trainer.py:109) Total Epi:    35 Steps:    2410 Episode Steps:    98 Return:  0.0408 FPS: 68.47
10:42:24.554 [INFO] (trainer.py:109) Total Epi:    36 Steps:    2482 Episode Steps:    72 Return: -0.8193 FPS: 112.17
10:42:25.664 [INFO] (trainer.py:109) Total Epi:    37 Steps:    2531 Episode Steps:    49 Return: -0.8193 FPS: 47.30
10:42:26.289 [INFO] (trainer.py:109) Total Epi:    38 Steps:    2576 Episode Steps:    45 Return:  0.0192 FPS: 72.45
10:42:26.383 [INFO] (trainer.py:109) Total Epi:    39 Steps:    2586 Episode Steps:    10 Return:  0.0000 FPS: 107.26
10:42:26.492 [INFO] (trainer.py:109) Total Epi:    40 Steps:    2596 Episode Steps:    10 Return:  0.0000 FPS: 102.20
10:42:26.768 [INFO] (trainer.py:109) Total Epi:    41 Steps:    2625 Episode Steps:    29 Return: -0.9339 FPS: 107.12
10:42:26.861 [INFO] (trainer.py:109) Total Epi:    42 Steps:    2635 Episode Steps:    10 Return:  0.0000 FPS: 100.10
10:42:27.324 [INFO] (trainer.py:109) Total Epi:    43 Steps:    2671 Episode Steps:    36 Return:  0.0240 FPS: 79.89
10:42:28.546 [INFO] (trainer.py:109) Total Epi:    44 Steps:    2733 Episode Steps:    62 Return:  0.0631 FPS: 50.80
10:42:29.435 [INFO] (trainer.py:109) Total Epi:    45 Steps:    2799 Episode Steps:    66 Return: -0.8094 FPS: 75.26
10:42:29.533 [INFO] (trainer.py:109) Total Epi:    46 Steps:    2809 Episode Steps:    10 Return:  0.0000 FPS: 104.13
10:42:29.929 [INFO] (trainer.py:109) Total Epi:    47 Steps:    2853 Episode Steps:    44 Return: -0.8992 FPS: 111.59
10:42:30.837 [INFO] (trainer.py:109) Total Epi:    48 Steps:    2916 Episode Steps:    63 Return:  0.0166 FPS: 70.78
10:42:31.336 [INFO] (trainer.py:109) Total Epi:    49 Steps:    2926 Episode Steps:    10 Return:  0.0000 FPS: 20.50
10:42:32.089 [INFO] (trainer.py:109) Total Epi:    50 Steps:    2989 Episode Steps:    63 Return: -0.8193 FPS: 84.91
10:42:32.188 [INFO] (trainer.py:109) Total Epi:    51 Steps:    2999 Episode Steps:    10 Return:  0.0000 FPS: 102.67
10:42:32.402 [INFO] (trainer.py:109) Total Epi:    52 Steps:    3020 Episode Steps:    21 Return:  0.0010 FPS: 98.95
10:42:32.849 [INFO] (trainer.py:109) Total Epi:    53 Steps:    3070 Episode Steps:    50 Return: -0.8042 FPS: 114.00
10:42:33.983 [INFO] (trainer.py:109) Total Epi:    54 Steps:    3130 Episode Steps:    60 Return: -0.8806 FPS: 52.37
10:42:34.839 [INFO] (trainer.py:109) Total Epi:    55 Steps:    3191 Episode Steps:    61 Return: -0.8063 FPS: 72.95
10:42:35.522 [INFO] (trainer.py:109) Total Epi:    56 Steps:    3248 Episode Steps:    57 Return: -0.8217 FPS: 84.43
10:42:35.712 [INFO] (trainer.py:109) Total Epi:    57 Steps:    3258 Episode Steps:    10 Return:  0.0000 FPS: 83.86
10:42:35.824 [INFO] (trainer.py:109) Total Epi:    58 Steps:    3268 Episode Steps:    10 Return:  0.0000 FPS: 97.13
10:42:36.573 [INFO] (trainer.py:109) Total Epi:    59 Steps:    3310 Episode Steps:    42 Return: -0.8782 FPS: 56.25
10:42:37.459 [INFO] (trainer.py:109) Total Epi:    60 Steps:    3354 Episode Steps:    44 Return:  0.0567 FPS: 53.20
10:42:37.990 [INFO] (trainer.py:109) Total Epi:    61 Steps:    3422 Episode Steps:    68 Return: -0.7984 FPS: 125.66
10:42:38.444 [INFO] (trainer.py:109) Total Epi:    62 Steps:    3474 Episode Steps:    52 Return:  0.0493 FPS: 117.17
10:42:38.725 [INFO] (trainer.py:109) Total Epi:    63 Steps:    3506 Episode Steps:    32 Return: -0.9357 FPS: 114.40
10:42:39.270 [INFO] (trainer.py:109) Total Epi:    64 Steps:    3528 Episode Steps:    22 Return:  0.0047 FPS: 40.95
10:42:40.348 [INFO] (trainer.py:109) Total Epi:    65 Steps:    3585 Episode Steps:    57 Return: -0.8586 FPS: 53.43
10:42:41.049 [INFO] (trainer.py:109) Total Epi:    66 Steps:    3656 Episode Steps:    71 Return:  0.0519 FPS: 101.47
10:42:41.488 [INFO] (trainer.py:109) Total Epi:    67 Steps:    3701 Episode Steps:    45 Return: -0.8468 FPS: 103.60
10:42:41.816 [INFO] (trainer.py:109) Total Epi:    68 Steps:    3711 Episode Steps:    10 Return:  0.0000 FPS: 41.60
10:42:42.952 [INFO] (trainer.py:109) Total Epi:    69 Steps:    3754 Episode Steps:    43 Return:  0.0305 FPS: 38.22
10:42:43.550 [INFO] (trainer.py:109) Total Epi:    70 Steps:    3807 Episode Steps:    53 Return: -0.8925 FPS: 88.91
10:42:44.634 [INFO] (trainer.py:109) Total Epi:    71 Steps:    3904 Episode Steps:    97 Return:  0.0673 FPS: 89.67
10:42:45.915 [INFO] (trainer.py:109) Total Epi:    72 Steps:    3965 Episode Steps:    61 Return:  0.0549 FPS: 48.04
10:42:46.540 [INFO] (trainer.py:137) Evaluation Total Steps:    4000 Average Reward  0.0000 over  5 episodes
10:42:46.837 [INFO] (trainer.py:109) Total Epi:    73 Steps:    4021 Episode Steps:    56 Return:  0.0398 FPS: 60.89
10:42:47.831 [INFO] (trainer.py:109) Total Epi:    74 Steps:    4079 Episode Steps:    58 Return: -0.8622 FPS: 58.16
10:42:48.066 [INFO] (trainer.py:109) Total Epi:    75 Steps:    4089 Episode Steps:    10 Return:  0.0000 FPS: 45.17
10:42:48.914 [INFO] (trainer.py:109) Total Epi:    76 Steps:    4142 Episode Steps:    53 Return:  0.0359 FPS: 63.46
10:42:49.731 [INFO] (trainer.py:109) Total Epi:    77 Steps:    4215 Episode Steps:    73 Return:  0.0947 FPS: 89.69
10:42:50.519 [INFO] (trainer.py:109) Total Epi:    78 Steps:    4262 Episode Steps:    47 Return:  0.0440 FPS: 59.72
10:42:51.622 [INFO] (trainer.py:109) Total Epi:    79 Steps:    4319 Episode Steps:    57 Return:  0.0313 FPS: 52.21
10:42:51.741 [INFO] (trainer.py:109) Total Epi:    80 Steps:    4329 Episode Steps:    10 Return:  0.0000 FPS: 85.90
10:42:52.475 [INFO] (trainer.py:109) Total Epi:    81 Steps:    4395 Episode Steps:    66 Return:  0.0199 FPS: 90.10
10:42:54.435 [INFO] (trainer.py:109) Total Epi:    82 Steps:    4481 Episode Steps:    86 Return:  0.1396 FPS: 43.92
10:42:55.123 [INFO] (trainer.py:109) Total Epi:    83 Steps:    4527 Episode Steps:    46 Return:  0.0414 FPS: 68.45
10:42:55.536 [INFO] (trainer.py:109) Total Epi:    84 Steps:    4537 Episode Steps:    10 Return:  0.0000 FPS: 55.49
10:42:57.472 [INFO] (trainer.py:109) Total Epi:    85 Steps:    4626 Episode Steps:    89 Return:  0.1384 FPS: 46.65
10:42:57.906 [INFO] (trainer.py:109) Total Epi:    86 Steps:    4661 Episode Steps:    35 Return:  0.0249 FPS: 80.90
10:42:58.006 [INFO] (trainer.py:109) Total Epi:    87 Steps:    4671 Episode Steps:    10 Return:  0.0000 FPS: 100.93
10:42:58.782 [INFO] (trainer.py:109) Total Epi:    88 Steps:    4707 Episode Steps:    36 Return:  0.0131 FPS: 46.56
10:43:00.291 [INFO] (trainer.py:109) Total Epi:    89 Steps:    4757 Episode Steps:    50 Return:  0.0360 FPS: 33.38
10:43:00.829 [INFO] (trainer.py:109) Total Epi:    90 Steps:    4797 Episode Steps:    40 Return:  0.0320 FPS: 76.14
10:43:02.753 [INFO] (trainer.py:109) Total Epi:    91 Steps:    4877 Episode Steps:    80 Return:  0.0605 FPS: 41.83
10:43:03.392 [INFO] (trainer.py:109) Total Epi:    92 Steps:    4930 Episode Steps:    53 Return:  0.0559 FPS: 82.19
10:43:03.845 [INFO] (trainer.py:109) Total Epi:    93 Steps:    4960 Episode Steps:    30 Return:  0.0191 FPS: 68.04
10:43:05.725 [INFO] (trainer.py:109) Total Epi:    94 Steps:    5005 Episode Steps:    45 Return:  0.0518 FPS: 24.93
10:43:07.264 [INFO] (trainer.py:109) Total Epi:    95 Steps:    5082 Episode Steps:    77 Return:  0.0534 FPS: 50.18
10:43:08.285 [INFO] (trainer.py:109) Total Epi:    96 Steps:    5135 Episode Steps:    53 Return:  0.0508 FPS: 52.66
10:43:09.288 [INFO] (trainer.py:109) Total Epi:    97 Steps:    5206 Episode Steps:    71 Return:  0.0448 FPS: 71.71
10:43:10.127 [INFO] (trainer.py:109) Total Epi:    98 Steps:    5244 Episode Steps:    38 Return:  0.0248 FPS: 46.11
10:43:11.053 [INFO] (trainer.py:109) Total Epi:    99 Steps:    5289 Episode Steps:    45 Return:  0.0398 FPS: 49.36
10:43:11.678 [INFO] (trainer.py:109) Total Epi:   100 Steps:    5332 Episode Steps:    43 Return:  0.0523 FPS: 69.23
10:43:12.820 [INFO] (trainer.py:109) Total Epi:   101 Steps:    5395 Episode Steps:    63 Return:  0.0515 FPS: 55.29
10:43:14.410 [INFO] (trainer.py:109) Total Epi:   102 Steps:    5499 Episode Steps:   104 Return:  0.0528 FPS: 65.71
10:43:14.950 [INFO] (trainer.py:109) Total Epi:   103 Steps:    5541 Episode Steps:    42 Return:  0.0315 FPS: 77.89
10:43:16.373 [INFO] (trainer.py:109) Total Epi:   104 Steps:    5601 Episode Steps:    60 Return:  0.0642 FPS: 45.75
10:43:16.944 [INFO] (trainer.py:109) Total Epi:   105 Steps:    5643 Episode Steps:    42 Return:  0.0388 FPS: 75.25
10:43:18.148 [INFO] (trainer.py:109) Total Epi:   106 Steps:    5714 Episode Steps:    71 Return:  0.0489 FPS: 59.08
10:43:19.517 [INFO] (trainer.py:109) Total Epi:   107 Steps:    5791 Episode Steps:    77 Return:  0.0787 FPS: 56.55
10:43:20.314 [INFO] (trainer.py:109) Total Epi:   108 Steps:    5875 Episode Steps:    84 Return:  0.0412 FPS: 104.25
10:43:21.767 [INFO] (trainer.py:109) Total Epi:   109 Steps:    5946 Episode Steps:    71 Return:  0.0853 FPS: 49.43
10:43:22.378 [INFO] (trainer.py:109) Total Epi:   110 Steps:    5999 Episode Steps:    53 Return:  0.0559 FPS: 88.52
10:43:25.080 [INFO] (trainer.py:137) Evaluation Total Steps:    6000 Average Reward  0.0473 over  5 episodes
10:43:26.070 [INFO] (trainer.py:109) Total Epi:   111 Steps:    6075 Episode Steps:    76 Return:  0.0799 FPS: 20.55
10:43:27.229 [INFO] (trainer.py:109) Total Epi:   112 Steps:    6127 Episode Steps:    52 Return:  0.0468 FPS: 45.64
10:43:28.303 [INFO] (trainer.py:109) Total Epi:   113 Steps:    6202 Episode Steps:    75 Return:  0.0719 FPS: 70.60
10:43:29.275 [INFO] (trainer.py:109) Total Epi:   114 Steps:    6251 Episode Steps:    49 Return:  0.0483 FPS: 50.21
10:43:30.525 [INFO] (trainer.py:109) Total Epi:   115 Steps:    6312 Episode Steps:    61 Return:  0.0871 FPS: 49.30
10:43:31.270 [INFO] (trainer.py:109) Total Epi:   116 Steps:    6356 Episode Steps:    44 Return:  0.0694 FPS: 60.56
10:43:32.646 [INFO] (trainer.py:109) Total Epi:   117 Steps:    6432 Episode Steps:    76 Return:  0.1132 FPS: 55.31
10:43:33.861 [INFO] (trainer.py:109) Total Epi:   118 Steps:    6514 Episode Steps:    82 Return:  0.1119 FPS: 68.06
10:43:34.666 [INFO] (trainer.py:109) Total Epi:   119 Steps:    6574 Episode Steps:    60 Return:  0.1214 FPS: 74.69
10:43:35.599 [INFO] (trainer.py:109) Total Epi:   120 Steps:    6617 Episode Steps:    43 Return:  0.0642 FPS: 46.65
10:43:36.814 [INFO] (trainer.py:109) Total Epi:   121 Steps:    6710 Episode Steps:    93 Return:  0.1082 FPS: 77.45
10:43:38.038 [INFO] (trainer.py:109) Total Epi:   122 Steps:    6771 Episode Steps:    61 Return:  0.1227 FPS: 52.91
10:43:39.291 [INFO] (trainer.py:109) Total Epi:   123 Steps:    6853 Episode Steps:    82 Return: -0.7894 FPS: 66.26
10:43:39.977 [INFO] (trainer.py:109) Total Epi:   124 Steps:    6919 Episode Steps:    66 Return:  0.1264 FPS: 96.53
10:43:41.240 [INFO] (trainer.py:109) Total Epi:   125 Steps:    6983 Episode Steps:    64 Return:  0.1298 FPS: 51.17
10:43:41.841 [INFO] (trainer.py:109) Total Epi:   126 Steps:    7033 Episode Steps:    50 Return: -0.9048 FPS: 84.84
10:43:42.549 [INFO] (trainer.py:109) Total Epi:   127 Steps:    7117 Episode Steps:    84 Return:  0.1321 FPS: 118.76
10:43:44.150 [INFO] (trainer.py:109) Total Epi:   128 Steps:    7215 Episode Steps:    98 Return: -0.8049 FPS: 61.26
10:43:44.986 [INFO] (trainer.py:109) Total Epi:   129 Steps:    7306 Episode Steps:    91 Return: -0.7897 FPS: 110.26
10:43:46.732 [INFO] (trainer.py:109) Total Epi:   130 Steps:    7415 Episode Steps:   109 Return:  0.1695 FPS: 62.49
10:43:48.014 [INFO] (trainer.py:109) Total Epi:   131 Steps:    7520 Episode Steps:   105 Return:  0.1607 FPS: 87.30
10:43:49.642 [INFO] (trainer.py:109) Total Epi:   132 Steps:    7616 Episode Steps:    96 Return:  0.1890 FPS: 59.02
10:43:50.315 [INFO] (trainer.py:109) Total Epi:   133 Steps:    7688 Episode Steps:    72 Return:  0.1469 FPS: 108.77
10:43:52.004 [INFO] (trainer.py:109) Total Epi:   134 Steps:    7813 Episode Steps:   125 Return:  0.1706 FPS: 74.15
10:43:53.188 [INFO] (trainer.py:109) Total Epi:   135 Steps:    7911 Episode Steps:    98 Return:  0.1050 FPS: 83.33
10:43:53.992 [INFO] (trainer.py:109) Total Epi:   136 Steps:    7982 Episode Steps:    71 Return:  0.0776 FPS: 88.51
10:43:58.164 [INFO] (trainer.py:137) Evaluation Total Steps:    8000 Average Reward  0.0980 over  5 episodes
10:44:00.690 [INFO] (trainer.py:109) Total Epi:   137 Steps:    8165 Episode Steps:   183 Return:  0.1792 FPS: 27.37
10:44:03.358 [INFO] (trainer.py:109) Total Epi:   138 Steps:    8353 Episode Steps:   188 Return:  0.1807 FPS: 70.77
10:44:06.437 [INFO] (trainer.py:109) Total Epi:   139 Steps:    8568 Episode Steps:   215 Return:  0.1774 FPS: 70.14
10:44:07.487 [INFO] (trainer.py:109) Total Epi:   140 Steps:    8683 Episode Steps:   115 Return:  0.1635 FPS: 108.55
10:44:08.978 [INFO] (trainer.py:109) Total Epi:   141 Steps:    8770 Episode Steps:    87 Return:  0.1710 FPS: 58.84
10:44:10.572 [INFO] (trainer.py:109) Total Epi:   142 Steps:    8931 Episode Steps:   161 Return:  0.1807 FPS: 101.88
10:44:12.792 [INFO] (trainer.py:109) Total Epi:   143 Steps:    9095 Episode Steps:   164 Return:  0.1897 FPS: 73.92
10:44:15.057 [INFO] (trainer.py:109) Total Epi:   144 Steps:    9238 Episode Steps:   143 Return:  0.1779 FPS: 63.41
10:44:16.697 [INFO] (trainer.py:109) Total Epi:   145 Steps:    9379 Episode Steps:   141 Return:  0.1736 FPS: 86.08
10:44:18.467 [INFO] (trainer.py:109) Total Epi:   146 Steps:    9523 Episode Steps:   144 Return:  0.1588 FPS: 87.23
10:44:19.495 [INFO] (trainer.py:109) Total Epi:   147 Steps:    9595 Episode Steps:    72 Return:  0.1344 FPS: 70.15
10:44:21.342 [INFO] (trainer.py:109) Total Epi:   148 Steps:    9752 Episode Steps:   157 Return:  0.1764 FPS: 85.24
10:44:23.693 [INFO] (trainer.py:109) Total Epi:   149 Steps:    9929 Episode Steps:   177 Return:  0.1801 FPS: 75.51
10:44:34.337 [INFO] (trainer.py:137) Evaluation Total Steps:   10000 Average Reward  0.1750 over  5 episodes
10:44:34.976 [INFO] (trainer.py:109) Total Epi:   150 Steps:   10059 Episode Steps:   130 Return:  0.1744 FPS: 11.52
10:44:37.486 [INFO] (trainer.py:109) Total Epi:   151 Steps:   10221 Episode Steps:   162 Return:  0.1798 FPS: 64.59
10:44:39.866 [INFO] (trainer.py:109) Total Epi:   152 Steps:   10367 Episode Steps:   146 Return:  0.1704 FPS: 61.20
10:44:42.085 [INFO] (trainer.py:109) Total Epi:   153 Steps:   10559 Episode Steps:   192 Return:  0.1666 FPS: 86.91
10:44:44.583 [INFO] (trainer.py:109) Total Epi:   154 Steps:   10750 Episode Steps:   191 Return:  0.1578 FPS: 76.75
10:44:46.045 [INFO] (trainer.py:109) Total Epi:   155 Steps:   10871 Episode Steps:   121 Return:  0.1659 FPS: 83.49
10:44:49.633 [INFO] (trainer.py:109) Total Epi:   156 Steps:   11058 Episode Steps:   187 Return:  0.1796 FPS: 52.14
10:44:55.735 [INFO] (trainer.py:109) Total Epi:   157 Steps:   11214 Episode Steps:   156 Return:  0.1782 FPS: 25.65
10:45:00.600 [INFO] (trainer.py:109) Total Epi:   158 Steps:   11328 Episode Steps:   114 Return:  0.1665 FPS: 23.54
10:45:04.605 [INFO] (trainer.py:109) Total Epi:   159 Steps:   11501 Episode Steps:   173 Return:  0.1843 FPS: 44.94
10:45:08.300 [INFO] (trainer.py:109) Total Epi:   160 Steps:   11618 Episode Steps:   117 Return:  0.1833 FPS: 31.69
10:45:13.515 [INFO] (trainer.py:109) Total Epi:   161 Steps:   11780 Episode Steps:   162 Return:  0.1601 FPS: 31.07
10:45:14.608 [INFO] (trainer.py:109) Total Epi:   162 Steps:   11893 Episode Steps:   113 Return:  0.1828 FPS: 103.55
10:45:27.706 [INFO] (trainer.py:137) Evaluation Total Steps:   12000 Average Reward  0.1807 over  5 episodes
10:45:28.291 [INFO] (trainer.py:109) Total Epi:   163 Steps:   12020 Episode Steps:   127 Return:  0.1724 FPS:  9.28
10:45:29.951 [INFO] (trainer.py:109) Total Epi:   164 Steps:   12152 Episode Steps:   132 Return:  0.1737 FPS: 79.77
10:45:33.357 [INFO] (trainer.py:109) Total Epi:   165 Steps:   12302 Episode Steps:   150 Return:  0.1956 FPS: 44.16
10:45:35.854 [INFO] (trainer.py:109) Total Epi:   166 Steps:   12409 Episode Steps:   107 Return:  0.1740 FPS: 43.34
10:45:40.903 [INFO] (trainer.py:109) Total Epi:   167 Steps:   12545 Episode Steps:   136 Return:  0.1842 FPS: 27.00
10:45:44.785 [INFO] (trainer.py:109) Total Epi:   168 Steps:   12670 Episode Steps:   125 Return:  0.1807 FPS: 32.31
10:45:49.502 [INFO] (trainer.py:109) Total Epi:   169 Steps:   12788 Episode Steps:   118 Return:  0.1807 FPS: 25.12
10:45:51.643 [INFO] (trainer.py:109) Total Epi:   170 Steps:   12896 Episode Steps:   108 Return:  0.1805 FPS: 50.81
10:45:54.062 [INFO] (trainer.py:109) Total Epi:   171 Steps:   13013 Episode Steps:   117 Return:  0.1807 FPS: 48.41
10:45:56.575 [INFO] (trainer.py:109) Total Epi:   172 Steps:   13130 Episode Steps:   117 Return:  0.1902 FPS: 48.48
10:46:00.222 [INFO] (trainer.py:109) Total Epi:   173 Steps:   13283 Episode Steps:   153 Return: -0.8115 FPS: 42.08
10:46:02.298 [INFO] (trainer.py:109) Total Epi:   174 Steps:   13402 Episode Steps:   119 Return:  0.1921 FPS: 57.47
10:46:05.386 [INFO] (trainer.py:109) Total Epi:   175 Steps:   13520 Episode Steps:   118 Return:  0.1807 FPS: 38.20
10:46:09.200 [INFO] (trainer.py:109) Total Epi:   176 Steps:   13599 Episode Steps:    79 Return:  0.1820 FPS: 20.79
10:46:11.919 [INFO] (trainer.py:109) Total Epi:   177 Steps:   13698 Episode Steps:    99 Return:  0.1828 FPS: 36.51
10:46:14.507 [INFO] (trainer.py:109) Total Epi:   178 Steps:   13802 Episode Steps:   104 Return:  0.1807 FPS: 40.04
10:46:17.934 [INFO] (trainer.py:109) Total Epi:   179 Steps:   13903 Episode Steps:   101 Return:  0.1807 FPS: 29.58
10:46:22.055 [INFO] (trainer.py:109) Total Epi:   180 Steps:   13994 Episode Steps:    91 Return:  0.1807 FPS: 22.15
10:46:34.848 [INFO] (trainer.py:137) Evaluation Total Steps:   14000 Average Reward  0.1807 over  5 episodes
10:46:37.920 [INFO] (trainer.py:109) Total Epi:   181 Steps:   14113 Episode Steps:   119 Return:  0.1717 FPS:  7.50
10:46:42.888 [INFO] (trainer.py:109) Total Epi:   182 Steps:   14264 Episode Steps:   151 Return:  0.1854 FPS: 30.57
10:46:45.563 [INFO] (trainer.py:109) Total Epi:   183 Steps:   14377 Episode Steps:   113 Return:  0.1919 FPS: 42.15
10:46:47.604 [INFO] (trainer.py:109) Total Epi:   184 Steps:   14487 Episode Steps:   110 Return:  0.1807 FPS: 54.20
10:46:51.666 [INFO] (trainer.py:109) Total Epi:   185 Steps:   14639 Episode Steps:   152 Return:  0.1813 FPS: 37.57
10:46:54.011 [INFO] (trainer.py:109) Total Epi:   186 Steps:   14738 Episode Steps:    99 Return:  0.1807 FPS: 42.02
10:46:55.583 [INFO] (trainer.py:109) Total Epi:   187 Steps:   14866 Episode Steps:   128 Return:  0.1807 FPS: 82.19
10:46:57.737 [INFO] (trainer.py:109) Total Epi:   188 Steps:   14972 Episode Steps:   106 Return:  0.1807 FPS: 49.61
10:47:00.283 [INFO] (trainer.py:109) Total Epi:   189 Steps:   15130 Episode Steps:   158 Return:  0.1807 FPS: 62.17
10:47:01.321 [INFO] (trainer.py:109) Total Epi:   190 Steps:   15216 Episode Steps:    86 Return:  0.1995 FPS: 86.92
10:47:03.655 [INFO] (trainer.py:109) Total Epi:   191 Steps:   15353 Episode Steps:   137 Return:  0.1807 FPS: 58.98
10:47:05.568 [INFO] (trainer.py:109) Total Epi:   192 Steps:   15466 Episode Steps:   113 Return:  0.1807 FPS: 59.13
10:47:06.299 [INFO] (trainer.py:109) Total Epi:   193 Steps:   15544 Episode Steps:    78 Return:  0.1684 FPS: 106.95
10:47:07.779 [INFO] (trainer.py:109) Total Epi:   194 Steps:   15623 Episode Steps:    79 Return:  0.1927 FPS: 53.49
10:47:08.816 [INFO] (trainer.py:109) Total Epi:   195 Steps:   15714 Episode Steps:    91 Return:  0.1745 FPS: 91.18
10:47:10.038 [INFO] (trainer.py:109) Total Epi:   196 Steps:   15804 Episode Steps:    90 Return:  0.1571 FPS: 73.48
10:47:11.725 [INFO] (trainer.py:109) Total Epi:   197 Steps:   15897 Episode Steps:    93 Return:  0.1673 FPS: 55.75
10:47:22.034 [INFO] (trainer.py:137) Evaluation Total Steps:   16000 Average Reward  0.1664 over  5 episodes
10:47:22.266 [INFO] (trainer.py:109) Total Epi:   198 Steps:   16006 Episode Steps:   109 Return:  0.1700 FPS: 10.34
10:47:25.625 [INFO] (trainer.py:109) Total Epi:   199 Steps:   16149 Episode Steps:   143 Return:  0.1807 FPS: 42.60
10:47:28.330 [INFO] (trainer.py:109) Total Epi:   200 Steps:   16254 Episode Steps:   105 Return:  0.1879 FPS: 38.84
10:47:30.626 [INFO] (trainer.py:109) Total Epi:   201 Steps:   16428 Episode Steps:   174 Return:  0.4442 FPS: 75.83
10:47:32.012 [INFO] (trainer.py:109) Total Epi:   202 Steps:   16546 Episode Steps:   118 Return:  0.1807 FPS: 86.02
10:47:33.700 [INFO] (trainer.py:109) Total Epi:   203 Steps:   16640 Episode Steps:    94 Return:  0.1733 FPS: 55.75
10:47:35.890 [INFO] (trainer.py:109) Total Epi:   204 Steps:   16843 Episode Steps:   203 Return:  0.1807 FPS: 93.23
10:47:37.162 [INFO] (trainer.py:109) Total Epi:   205 Steps:   16921 Episode Steps:    78 Return:  0.1929 FPS: 61.99
10:47:37.854 [INFO] (trainer.py:109) Total Epi:   206 Steps:   16999 Episode Steps:    78 Return:  0.1992 FPS: 113.02
10:47:39.407 [INFO] (trainer.py:109) Total Epi:   207 Steps:   17078 Episode Steps:    79 Return: -0.8424 FPS: 50.93
10:47:40.506 [INFO] (trainer.py:109) Total Epi:   208 Steps:   17195 Episode Steps:   117 Return:  0.1670 FPS: 107.46
10:47:41.871 [INFO] (trainer.py:109) Total Epi:   209 Steps:   17273 Episode Steps:    78 Return:  0.1911 FPS: 57.00
10:47:43.263 [INFO] (trainer.py:109) Total Epi:   210 Steps:   17381 Episode Steps:   108 Return:  0.1807 FPS: 78.52
10:47:44.908 [INFO] (trainer.py:109) Total Epi:   211 Steps:   17467 Episode Steps:    86 Return:  0.1913 FPS: 52.28
10:47:46.269 [INFO] (trainer.py:109) Total Epi:   212 Steps:   17568 Episode Steps:   101 Return:  0.1889 FPS: 74.28
10:47:48.103 [INFO] (trainer.py:109) Total Epi:   213 Steps:   17676 Episode Steps:   108 Return:  0.1947 FPS: 59.71
10:47:48.570 [INFO] (trainer.py:109) Total Epi:   214 Steps:   17727 Episode Steps:    51 Return: -0.8435 FPS: 109.66
10:47:51.350 [INFO] (trainer.py:109) Total Epi:   215 Steps:   17921 Episode Steps:   194 Return:  0.4338 FPS: 69.83
10:47:56.634 [INFO] (trainer.py:137) Evaluation Total Steps:   18000 Average Reward  0.1890 over  5 episodes
10:47:56.912 [INFO] (trainer.py:109) Total Epi:   216 Steps:   18031 Episode Steps:   110 Return:  0.1807 FPS: 19.78
10:47:58.777 [INFO] (trainer.py:109) Total Epi:   217 Steps:   18143 Episode Steps:   112 Return:  0.1915 FPS: 60.10
10:47:59.710 [INFO] (trainer.py:109) Total Epi:   218 Steps:   18230 Episode Steps:    87 Return:  0.1807 FPS: 94.70
10:48:01.367 [INFO] (trainer.py:109) Total Epi:   219 Steps:   18320 Episode Steps:    90 Return:  0.2151 FPS: 54.35
10:48:02.295 [INFO] (trainer.py:109) Total Epi:   220 Steps:   18415 Episode Steps:    95 Return:  0.1812 FPS: 103.55
10:48:05.034 [INFO] (trainer.py:109) Total Epi:   221 Steps:   18624 Episode Steps:   209 Return:  0.4299 FPS: 76.47
10:48:06.349 [INFO] (trainer.py:109) Total Epi:   222 Steps:   18721 Episode Steps:    97 Return:  0.1807 FPS: 73.87
10:48:07.544 [INFO] (trainer.py:109) Total Epi:   223 Steps:   18804 Episode Steps:    83 Return:  0.1886 FPS: 69.44
10:48:07.638 [INFO] (trainer.py:109) Total Epi:   224 Steps:   18814 Episode Steps:    10 Return:  0.0000 FPS: 108.56
10:48:08.450 [INFO] (trainer.py:109) Total Epi:   225 Steps:   18900 Episode Steps:    86 Return:  0.1646 FPS: 105.43
10:48:10.279 [INFO] (trainer.py:109) Total Epi:   226 Steps:   19011 Episode Steps:   111 Return:  0.1830 FPS: 61.42
10:48:10.397 [INFO] (trainer.py:109) Total Epi:   227 Steps:   19021 Episode Steps:    10 Return:  0.0000 FPS: 85.90
10:48:11.510 [INFO] (trainer.py:109) Total Epi:   228 Steps:   19113 Episode Steps:    92 Return:  0.1839 FPS: 82.78
10:48:13.131 [INFO] (trainer.py:109) Total Epi:   229 Steps:   19232 Episode Steps:   119 Return:  0.1807 FPS: 74.02
10:48:13.836 [INFO] (trainer.py:109) Total Epi:   230 Steps:   19310 Episode Steps:    78 Return:  0.1631 FPS: 108.87
10:48:15.231 [INFO] (trainer.py:109) Total Epi:   231 Steps:   19399 Episode Steps:    89 Return:  0.1844 FPS: 65.04
10:48:16.423 [INFO] (trainer.py:109) Total Epi:   232 Steps:   19517 Episode Steps:   118 Return:  0.1890 FPS: 100.05
10:48:20.381 [INFO] (trainer.py:109) Total Epi:   233 Steps:   19793 Episode Steps:   276 Return:  0.7043 FPS: 69.75
10:48:22.309 [INFO] (trainer.py:109) Total Epi:   234 Steps:   19938 Episode Steps:   145 Return:  0.1935 FPS: 75.80
10:49:06.502 [INFO] (trainer.py:137) Evaluation Total Steps:   20000 Average Reward  0.7071 over  5 episodes
10:49:06.951 [INFO] (trainer.py:109) Total Epi:   235 Steps:   20003 Episode Steps:    65 Return:  0.1865 FPS:  1.46
10:49:10.119 [INFO] (trainer.py:109) Total Epi:   236 Steps:   20246 Episode Steps:   243 Return: -0.5457 FPS: 76.76
10:49:13.241 [INFO] (trainer.py:109) Total Epi:   237 Steps:   20511 Episode Steps:   265 Return:  0.6989 FPS: 84.94
10:49:15.549 [INFO] (trainer.py:109) Total Epi:   238 Steps:   20675 Episode Steps:   164 Return:  0.4387 FPS: 71.10
10:49:18.689 [INFO] (trainer.py:109) Total Epi:   239 Steps:   20954 Episode Steps:   279 Return:  0.6989 FPS: 88.62
10:49:20.537 [INFO] (trainer.py:109) Total Epi:   240 Steps:   21076 Episode Steps:   122 Return:  0.1807 FPS: 66.05
10:49:23.059 [INFO] (trainer.py:109) Total Epi:   241 Steps:   21271 Episode Steps:   195 Return: -0.4271 FPS: 78.15
10:49:24.642 [INFO] (trainer.py:109) Total Epi:   242 Steps:   21423 Episode Steps:   152 Return:  0.1807 FPS: 96.85
10:49:27.286 [INFO] (trainer.py:109) Total Epi:   243 Steps:   21613 Episode Steps:   190 Return:  0.4523 FPS: 71.51
10:49:29.691 [INFO] (trainer.py:109) Total Epi:   244 Steps:   21781 Episode Steps:   168 Return:  0.4141 FPS: 70.76
10:49:32.375 [INFO] (trainer.py:109) Total Epi:   245 Steps:   21979 Episode Steps:   198 Return: -0.5537 FPS: 73.83
10:49:42.360 [INFO] (trainer.py:137) Evaluation Total Steps:   22000 Average Reward  0.4300 over  5 episodes
10:49:44.165 [INFO] (trainer.py:109) Total Epi:   246 Steps:   22130 Episode Steps:   151 Return: -0.8107 FPS: 12.80
10:49:48.412 [INFO] (trainer.py:109) Total Epi:   247 Steps:   22305 Episode Steps:   175 Return:  0.4349 FPS: 41.17
10:49:55.653 [INFO] (trainer.py:109) Total Epi:   248 Steps:   22543 Episode Steps:   238 Return: -0.4315 FPS: 33.00
10:49:58.291 [INFO] (trainer.py:109) Total Epi:   249 Steps:   22739 Episode Steps:   196 Return: -0.4324 FPS: 74.33
10:50:01.226 [INFO] (trainer.py:109) Total Epi:   250 Steps:   22944 Episode Steps:   205 Return: -0.4311 FPS: 69.89
10:50:04.755 [INFO] (trainer.py:109) Total Epi:   251 Steps:   23119 Episode Steps:   175 Return: -0.2876 FPS: 49.64
10:50:10.104 [INFO] (trainer.py:109) Total Epi:   252 Steps:   23356 Episode Steps:   237 Return:  0.7018 FPS: 44.49
10:50:12.129 [INFO] (trainer.py:109) Total Epi:   253 Steps:   23451 Episode Steps:    95 Return: -0.6618 FPS: 47.00
10:50:15.401 [INFO] (trainer.py:109) Total Epi:   254 Steps:   23635 Episode Steps:   184 Return: -0.3011 FPS: 56.61
10:50:18.631 [INFO] (trainer.py:109) Total Epi:   255 Steps:   23820 Episode Steps:   185 Return:  0.6989 FPS: 58.38
10:50:21.146 [INFO] (trainer.py:109) Total Epi:   256 Steps:   23994 Episode Steps:   174 Return: -0.3011 FPS: 69.79
10:50:39.637 [INFO] (trainer.py:137) Evaluation Total Steps:   24000 Average Reward  0.3121 over  5 episodes
10:50:43.462 [INFO] (trainer.py:109) Total Epi:   257 Steps:   24166 Episode Steps:   172 Return: -0.3011 FPS:  7.71
10:50:46.451 [INFO] (trainer.py:109) Total Epi:   258 Steps:   24393 Episode Steps:   227 Return:  0.6989 FPS: 76.17
10:50:48.877 [INFO] (trainer.py:109) Total Epi:   259 Steps:   24583 Episode Steps:   190 Return:  0.6989 FPS: 78.10
10:50:51.556 [INFO] (trainer.py:109) Total Epi:   260 Steps:   24755 Episode Steps:   172 Return:  0.6989 FPS: 64.48
10:50:56.207 [INFO] (trainer.py:109) Total Epi:   261 Steps:   24966 Episode Steps:   211 Return:  0.6989 FPS: 45.44
10:51:00.557 [INFO] (trainer.py:109) Total Epi:   262 Steps:   25183 Episode Steps:   217 Return:  0.7066 FPS: 49.92
10:51:04.120 [INFO] (trainer.py:109) Total Epi:   263 Steps:   25360 Episode Steps:   177 Return:  0.7002 FPS: 49.87
10:51:06.134 [INFO] (trainer.py:109) Total Epi:   264 Steps:   25455 Episode Steps:    95 Return: -0.6451 FPS: 47.48
10:51:08.884 [INFO] (trainer.py:109) Total Epi:   265 Steps:   25667 Episode Steps:   212 Return:  0.7020 FPS: 77.43
10:51:09.983 [INFO] (trainer.py:109) Total Epi:   266 Steps:   25750 Episode Steps:    83 Return: -0.6899 FPS: 77.57
10:51:12.343 [INFO] (trainer.py:109) Total Epi:   267 Steps:   25930 Episode Steps:   180 Return:  0.7047 FPS: 76.72
10:51:21.750 [INFO] (trainer.py:137) Evaluation Total Steps:   26000 Average Reward -0.4417 over  5 episodes
10:51:22.566 [INFO] (trainer.py:109) Total Epi:   268 Steps:   26041 Episode Steps:   111 Return: -0.6916 FPS: 10.86
10:51:23.136 [INFO] (trainer.py:109) Total Epi:   269 Steps:   26095 Episode Steps:    54 Return: -0.8831 FPS: 94.85
10:51:25.650 [INFO] (trainer.py:109) Total Epi:   270 Steps:   26283 Episode Steps:   188 Return:  0.7093 FPS: 74.54
10:51:26.682 [INFO] (trainer.py:109) Total Epi:   271 Steps:   26384 Episode Steps:   101 Return: -0.6850 FPS: 98.73
10:51:28.202 [INFO] (trainer.py:109) Total Epi:   272 Steps:   26465 Episode Steps:    81 Return: -0.6581 FPS: 53.92
10:51:28.820 [INFO] (trainer.py:109) Total Epi:   273 Steps:   26532 Episode Steps:    67 Return: -0.7560 FPS: 108.77
10:51:30.470 [INFO] (trainer.py:109) Total Epi:   274 Steps:   26634 Episode Steps:   102 Return: -0.6770 FPS: 61.86
10:51:33.983 [INFO] (trainer.py:109) Total Epi:   275 Steps:   26855 Episode Steps:   221 Return:  0.6989 FPS: 62.99
10:51:37.446 [INFO] (trainer.py:109) Total Epi:   276 Steps:   27119 Episode Steps:   264 Return:  0.7375 FPS: 76.51
10:51:42.584 [INFO] (trainer.py:109) Total Epi:   277 Steps:   27471 Episode Steps:   352 Return:  0.2315 FPS: 70.06
10:51:43.873 [INFO] (trainer.py:109) Total Epi:   278 Steps:   27553 Episode Steps:    82 Return: -0.7567 FPS: 63.74
10:51:45.088 [INFO] (trainer.py:109) Total Epi:   279 Steps:   27630 Episode Steps:    77 Return: -0.7435 FPS: 63.51
10:51:57.706 [INFO] (trainer.py:137) Evaluation Total Steps:   28000 Average Reward  0.7102 over  5 episodes
10:51:59.780 [INFO] (trainer.py:109) Total Epi:   280 Steps:   28153 Episode Steps:   523 Return:  2.0000 FPS: 35.61
10:52:07.712 [INFO] (trainer.py:109) Total Epi:   281 Steps:   28700 Episode Steps:   547 Return:  2.0000 FPS: 69.24
10:52:14.207 [INFO] (trainer.py:109) Total Epi:   282 Steps:   29161 Episode Steps:   461 Return:  1.7129 FPS: 70.95
10:52:16.148 [INFO] (trainer.py:109) Total Epi:   283 Steps:   29326 Episode Steps:   165 Return:  0.7048 FPS: 85.30
10:52:22.748 [INFO] (trainer.py:109) Total Epi:   284 Steps:   29777 Episode Steps:   451 Return:  2.0000 FPS: 68.35
10:52:24.133 [INFO] (trainer.py:109) Total Epi:   285 Steps:   29883 Episode Steps:   106 Return: -0.5365 FPS: 76.62
10:52:45.956 [INFO] (trainer.py:137) Evaluation Total Steps:   30000 Average Reward  2.0000 over  5 episodes
10:52:54.447 [INFO] (trainer.py:109) Total Epi:   286 Steps:   30593 Episode Steps:   710 Return:  2.0000 FPS: 23.42
10:52:54.629 [INFO] (trainer.py:109) Total Epi:   287 Steps:   30614 Episode Steps:    21 Return:  0.0056 FPS: 116.18
10:52:54.723 [INFO] (trainer.py:109) Total Epi:   288 Steps:   30624 Episode Steps:    10 Return:  0.0000 FPS: 108.45
10:52:57.366 [INFO] (trainer.py:109) Total Epi:   289 Steps:   30808 Episode Steps:   184 Return: -0.2563 FPS: 69.68
10:52:59.241 [INFO] (trainer.py:109) Total Epi:   290 Steps:   30960 Episode Steps:   152 Return: -0.3011 FPS: 81.08
10:53:01.408 [INFO] (trainer.py:109) Total Epi:   291 Steps:   31124 Episode Steps:   164 Return: -0.2911 FPS: 76.41
10:53:03.712 [INFO] (trainer.py:109) Total Epi:   292 Steps:   31295 Episode Steps:   171 Return: -0.2489 FPS: 73.87
10:53:05.534 [INFO] (trainer.py:109) Total Epi:   293 Steps:   31439 Episode Steps:   144 Return: -0.3011 FPS: 80.16
10:53:07.632 [INFO] (trainer.py:109) Total Epi:   294 Steps:   31588 Episode Steps:   149 Return:  0.7246 FPS: 70.84
10:53:09.768 [INFO] (trainer.py:109) Total Epi:   295 Steps:   31760 Episode Steps:   172 Return:  0.7192 FPS: 82.61
10:53:11.195 [INFO] (trainer.py:109) Total Epi:   296 Steps:   31859 Episode Steps:    99 Return: -0.5264 FPS: 69.44
10:53:20.158 [INFO] (trainer.py:137) Evaluation Total Steps:   32000 Average Reward  0.7253 over  5 episodes
10:53:20.833 [INFO] (trainer.py:109) Total Epi:   297 Steps:   32056 Episode Steps:   197 Return: -0.2542 FPS: 20.44
10:53:23.354 [INFO] (trainer.py:109) Total Epi:   298 Steps:   32230 Episode Steps:   174 Return: -0.2928 FPS: 69.03
10:53:24.057 [INFO] (trainer.py:109) Total Epi:   299 Steps:   32297 Episode Steps:    67 Return: -0.7972 FPS: 93.97
10:53:25.765 [INFO] (trainer.py:109) Total Epi:   300 Steps:   32415 Episode Steps:   118 Return: -0.5558 FPS: 70.23
10:53:26.914 [INFO] (trainer.py:109) Total Epi:   301 Steps:   32512 Episode Steps:    97 Return:  0.2290 FPS: 85.54
10:53:27.193 [INFO] (trainer.py:109) Total Epi:   302 Steps:   32522 Episode Steps:    10 Return:  0.0000 FPS: 37.67
10:53:29.289 [INFO] (trainer.py:109) Total Epi:   303 Steps:   32691 Episode Steps:   169 Return:  0.6989 FPS: 81.35
10:53:29.446 [INFO] (trainer.py:109) Total Epi:   304 Steps:   32701 Episode Steps:    10 Return:  0.0000 FPS: 64.34
10:53:29.648 [INFO] (trainer.py:109) Total Epi:   305 Steps:   32711 Episode Steps:    10 Return:  0.0000 FPS: 52.13
10:53:29.875 [INFO] (trainer.py:109) Total Epi:   306 Steps:   32721 Episode Steps:    10 Return:  0.0000 FPS: 46.41
10:53:35.957 [INFO] (trainer.py:109) Total Epi:   307 Steps:   33196 Episode Steps:   475 Return:  2.0000 FPS: 78.26
10:53:38.576 [INFO] (trainer.py:109) Total Epi:   308 Steps:   33370 Episode Steps:   174 Return:  0.7265 FPS: 66.48
10:53:40.952 [INFO] (trainer.py:109) Total Epi:   309 Steps:   33543 Episode Steps:   173 Return:  0.7158 FPS: 72.85
10:53:43.461 [INFO] (trainer.py:109) Total Epi:   310 Steps:   33735 Episode Steps:   192 Return:  0.7056 FPS: 76.63
10:53:53.931 [INFO] (trainer.py:137) Evaluation Total Steps:   34000 Average Reward  0.7150 over  5 episodes
10:53:56.550 [INFO] (trainer.py:109) Total Epi:   311 Steps:   34195 Episode Steps:   460 Return:  2.0000 FPS: 35.14
10:53:57.350 [INFO] (trainer.py:109) Total Epi:   312 Steps:   34256 Episode Steps:    61 Return: -0.8462 FPS: 76.89
10:53:59.018 [INFO] (trainer.py:109) Total Epi:   313 Steps:   34376 Episode Steps:   120 Return:  0.4274 FPS: 72.52
10:54:01.606 [INFO] (trainer.py:109) Total Epi:   314 Steps:   34553 Episode Steps:   177 Return:  0.7117 FPS: 68.50
10:54:03.693 [INFO] (trainer.py:109) Total Epi:   315 Steps:   34730 Episode Steps:   177 Return: -0.3873 FPS: 85.32
10:54:06.431 [INFO] (trainer.py:109) Total Epi:   316 Steps:   34937 Episode Steps:   207 Return:  0.7120 FPS: 75.71
10:54:12.992 [INFO] (trainer.py:109) Total Epi:   317 Steps:   35424 Episode Steps:   487 Return:  1.7142 FPS: 74.33
10:54:15.806 [INFO] (trainer.py:109) Total Epi:   318 Steps:   35649 Episode Steps:   225 Return:  0.7064 FPS: 80.00
10:54:19.262 [INFO] (trainer.py:109) Total Epi:   319 Steps:   35915 Episode Steps:   266 Return:  0.6989 FPS: 77.00
10:54:41.025 [INFO] (trainer.py:137) Evaluation Total Steps:   36000 Average Reward  2.0000 over  5 episodes
10:54:43.669 [INFO] (trainer.py:109) Total Epi:   320 Steps:   36150 Episode Steps:   235 Return:  0.6974 FPS:  9.65
10:54:45.610 [INFO] (trainer.py:109) Total Epi:   321 Steps:   36261 Episode Steps:   111 Return: -0.5364 FPS: 57.23
10:54:48.462 [INFO] (trainer.py:109) Total Epi:   322 Steps:   36465 Episode Steps:   204 Return:  0.7008 FPS: 71.57
10:54:51.553 [INFO] (trainer.py:109) Total Epi:   323 Steps:   36673 Episode Steps:   208 Return: -0.3011 FPS: 67.31
10:54:54.768 [INFO] (trainer.py:109) Total Epi:   324 Steps:   36902 Episode Steps:   229 Return:  0.6989 FPS: 71.28
10:54:58.107 [INFO] (trainer.py:109) Total Epi:   325 Steps:   37130 Episode Steps:   228 Return:  0.7020 FPS: 68.51
10:55:05.081 [INFO] (trainer.py:109) Total Epi:   326 Steps:   37631 Episode Steps:   501 Return:  2.0000 FPS: 72.00
10:55:09.859 [INFO] (trainer.py:109) Total Epi:   327 Steps:   37951 Episode Steps:   320 Return:  0.2193 FPS: 67.18
10:55:19.413 [INFO] (trainer.py:137) Evaluation Total Steps:   38000 Average Reward  0.6989 over  5 episodes
10:55:21.849 [INFO] (trainer.py:109) Total Epi:   328 Steps:   38164 Episode Steps:   213 Return:  0.7008 FPS: 17.78
10:55:24.675 [INFO] (trainer.py:109) Total Epi:   329 Steps:   38353 Episode Steps:   189 Return:  0.6989 FPS: 66.90
10:55:26.858 [INFO] (trainer.py:109) Total Epi:   330 Steps:   38490 Episode Steps:   137 Return: -0.5182 FPS: 62.81
10:55:29.633 [INFO] (trainer.py:109) Total Epi:   331 Steps:   38687 Episode Steps:   197 Return:  0.6999 FPS: 71.34
10:55:35.704 [INFO] (trainer.py:109) Total Epi:   332 Steps:   39167 Episode Steps:   480 Return:  1.7019 FPS: 79.24
10:55:42.920 [INFO] (trainer.py:109) Total Epi:   333 Steps:   39725 Episode Steps:   558 Return:  1.7078 FPS: 77.35
10:56:08.376 [INFO] (trainer.py:137) Evaluation Total Steps:   40000 Average Reward  2.0000 over  5 episodes
10:56:13.001 [INFO] (trainer.py:109) Total Epi:   334 Steps:   40310 Episode Steps:   585 Return:  2.0000 FPS: 19.46
10:56:19.940 [INFO] (trainer.py:109) Total Epi:   335 Steps:   40858 Episode Steps:   548 Return:  1.7058 FPS: 79.01
10:56:28.130 [INFO] (trainer.py:109) Total Epi:   336 Steps:   41464 Episode Steps:   606 Return:  2.0000 FPS: 74.00
10:56:34.902 [INFO] (trainer.py:109) Total Epi:   337 Steps:   41976 Episode Steps:   512 Return:  1.7195 FPS: 75.62
10:56:42.323 [INFO] (trainer.py:137) Evaluation Total Steps:   42000 Average Reward  0.7191 over  5 episodes
10:56:49.465 [INFO] (trainer.py:109) Total Epi:   338 Steps:   42516 Episode Steps:   540 Return:  2.0000 FPS: 37.09
10:56:54.560 [INFO] (trainer.py:109) Total Epi:   339 Steps:   42909 Episode Steps:   393 Return:  0.5658 FPS: 77.36
10:57:00.613 [INFO] (trainer.py:109) Total Epi:   340 Steps:   43302 Episode Steps:   393 Return:  1.4290 FPS: 64.95
10:57:03.701 [INFO] (trainer.py:109) Total Epi:   341 Steps:   43528 Episode Steps:   226 Return: -0.3726 FPS: 73.55
10:57:06.328 [INFO] (trainer.py:109) Total Epi:   342 Steps:   43731 Episode Steps:   203 Return:  0.7336 FPS: 77.31
10:57:08.376 [INFO] (trainer.py:109) Total Epi:   343 Steps:   43891 Episode Steps:   160 Return: -0.4448 FPS: 78.70
10:57:36.465 [INFO] (trainer.py:137) Evaluation Total Steps:   44000 Average Reward  2.0000 over  5 episodes
10:57:38.712 [INFO] (trainer.py:109) Total Epi:   344 Steps:   44181 Episode Steps:   290 Return:  0.0664 FPS:  9.56
10:57:45.461 [INFO] (trainer.py:109) Total Epi:   345 Steps:   44692 Episode Steps:   511 Return:  2.0000 FPS: 75.88
10:57:52.317 [INFO] (trainer.py:109) Total Epi:   346 Steps:   45234 Episode Steps:   542 Return:  2.0000 FPS: 79.07
10:57:54.340 [INFO] (trainer.py:109) Total Epi:   347 Steps:   45390 Episode Steps:   156 Return: -0.4450 FPS: 77.20
10:57:59.844 [INFO] (trainer.py:109) Total Epi:   348 Steps:   45800 Episode Steps:   410 Return:  1.7288 FPS: 74.66
10:58:04.907 [INFO] (trainer.py:137) Evaluation Total Steps:   46000 Average Reward -0.9646 over  5 episodes
10:58:08.063 [INFO] (trainer.py:109) Total Epi:   349 Steps:   46223 Episode Steps:   423 Return:  1.7221 FPS: 51.65
10:58:14.352 [INFO] (trainer.py:109) Total Epi:   350 Steps:   46666 Episode Steps:   443 Return:  0.6348 FPS: 70.46
10:58:19.863 [INFO] (trainer.py:109) Total Epi:   351 Steps:   47074 Episode Steps:   408 Return:  0.7401 FPS: 74.06
10:58:24.783 [INFO] (trainer.py:109) Total Epi:   352 Steps:   47451 Episode Steps:   377 Return:  0.4867 FPS: 76.66
10:58:25.985 [INFO] (trainer.py:109) Total Epi:   353 Steps:   47547 Episode Steps:    96 Return: -0.6391 FPS: 80.58
10:58:27.302 [INFO] (trainer.py:109) Total Epi:   354 Steps:   47648 Episode Steps:   101 Return: -0.6494 FPS: 76.82
10:58:56.356 [INFO] (trainer.py:137) Evaluation Total Steps:   48000 Average Reward  2.0000 over  5 episodes
10:58:58.595 [INFO] (trainer.py:109) Total Epi:   355 Steps:   48174 Episode Steps:   526 Return:  0.9651 FPS: 16.82
10:58:59.163 [INFO] (trainer.py:109) Total Epi:   356 Steps:   48205 Episode Steps:    31 Return: -0.9600 FPS: 54.72
10:59:04.761 [INFO] (trainer.py:109) Total Epi:   357 Steps:   48629 Episode Steps:   424 Return:  1.6978 FPS: 75.90
10:59:05.798 [INFO] (trainer.py:109) Total Epi:   358 Steps:   48721 Episode Steps:    92 Return: -0.7222 FPS: 88.83
10:59:08.165 [INFO] (trainer.py:109) Total Epi:   359 Steps:   48898 Episode Steps:   177 Return: -0.2780 FPS: 75.54
10:59:10.848 [INFO] (trainer.py:109) Total Epi:   360 Steps:   49113 Episode Steps:   215 Return: -0.2587 FPS: 80.43
10:59:11.239 [INFO] (trainer.py:109) Total Epi:   361 Steps:   49143 Episode Steps:    30 Return: -0.9694 FPS: 77.37
10:59:12.008 [INFO] (trainer.py:109) Total Epi:   362 Steps:   49180 Episode Steps:    37 Return: -0.9617 FPS: 49.02
10:59:13.141 [INFO] (trainer.py:109) Total Epi:   363 Steps:   49260 Episode Steps:    80 Return: -0.7391 FPS: 70.64
10:59:13.930 [INFO] (trainer.py:109) Total Epi:   364 Steps:   49341 Episode Steps:    81 Return: -0.7312 FPS: 110.36
10:59:16.426 [INFO] (trainer.py:109) Total Epi:   365 Steps:   49517 Episode Steps:   176 Return: -0.2717 FPS: 70.57
10:59:23.197 [INFO] (trainer.py:137) Evaluation Total Steps:   50000 Average Reward  0.0000 over  5 episodes
10:59:24.841 [INFO] (trainer.py:109) Total Epi:   366 Steps:   50106 Episode Steps:   589 Return:  0.9624 FPS: 69.92
10:59:25.829 [INFO] (trainer.py:109) Total Epi:   367 Steps:   50158 Episode Steps:    52 Return: -0.9259 FPS: 53.27
10:59:27.018 [INFO] (trainer.py:109) Total Epi:   368 Steps:   50239 Episode Steps:    81 Return: -0.8494 FPS: 68.19
10:59:32.971 [INFO] (trainer.py:109) Total Epi:   369 Steps:   50708 Episode Steps:   469 Return:  2.0000 FPS: 78.86
10:59:36.058 [INFO] (trainer.py:109) Total Epi:   370 Steps:   50946 Episode Steps:   238 Return: -0.0199 FPS: 77.15
10:59:36.200 [INFO] (trainer.py:109) Total Epi:   371 Steps:   50956 Episode Steps:    10 Return:  0.0000 FPS: 71.02
10:59:37.016 [INFO] (trainer.py:109) Total Epi:   372 Steps:   51003 Episode Steps:    47 Return: -0.9355 FPS: 58.37
10:59:43.186 [INFO] (trainer.py:109) Total Epi:   373 Steps:   51458 Episode Steps:   455 Return:  0.6123 FPS: 73.77
10:59:43.824 [INFO] (trainer.py:109) Total Epi:   374 Steps:   51513 Episode Steps:    55 Return: -0.7766 FPS: 87.96
10:59:46.119 [INFO] (trainer.py:109) Total Epi:   375 Steps:   51671 Episode Steps:   158 Return:  0.7191 FPS: 69.93
10:59:48.067 [INFO] (trainer.py:109) Total Epi:   376 Steps:   51829 Episode Steps:   158 Return: -0.2817 FPS: 81.66
10:59:50.217 [INFO] (trainer.py:109) Total Epi:   377 Steps:   51994 Episode Steps:   165 Return: -0.5182 FPS: 76.62
11:00:20.651 [INFO] (trainer.py:137) Evaluation Total Steps:   52000 Average Reward  2.0000 over  5 episodes
11:00:22.191 [INFO] (trainer.py:109) Total Epi:   378 Steps:   52092 Episode Steps:    98 Return: -0.7823 FPS:  3.07
11:00:24.282 [INFO] (trainer.py:109) Total Epi:   379 Steps:   52259 Episode Steps:   167 Return:  0.7252 FPS: 79.94
11:00:28.848 [INFO] (trainer.py:109) Total Epi:   380 Steps:   52632 Episode Steps:   373 Return:  0.7673 FPS: 81.88
11:00:31.130 [INFO] (trainer.py:109) Total Epi:   381 Steps:   52805 Episode Steps:   173 Return: -0.2606 FPS: 76.61
11:00:36.378 [INFO] (trainer.py:109) Total Epi:   382 Steps:   53188 Episode Steps:   383 Return:  1.7250 FPS: 73.01
11:00:37.624 [INFO] (trainer.py:109) Total Epi:   383 Steps:   53274 Episode Steps:    86 Return:  0.2171 FPS: 69.15
11:00:38.583 [INFO] (trainer.py:109) Total Epi:   384 Steps:   53333 Episode Steps:    59 Return: -0.7916 FPS: 61.58
11:00:40.421 [INFO] (trainer.py:109) Total Epi:   385 Steps:   53487 Episode Steps:   154 Return:  0.7248 FPS: 83.26
11:00:41.496 [INFO] (trainer.py:109) Total Epi:   386 Steps:   53556 Episode Steps:    69 Return: -0.7865 FPS: 65.09
11:00:43.634 [INFO] (trainer.py:109) Total Epi:   387 Steps:   53708 Episode Steps:   152 Return:  0.7224 FPS: 71.62
11:00:45.556 [INFO] (trainer.py:109) Total Epi:   388 Steps:   53854 Episode Steps:   146 Return:  0.7124 FPS: 76.44
11:00:46.927 [INFO] (trainer.py:109) Total Epi:   389 Steps:   53960 Episode Steps:   106 Return: -0.5570 FPS: 78.01
11:01:01.309 [INFO] (trainer.py:137) Evaluation Total Steps:   54000 Average Reward  1.7149 over  5 episodes
11:01:02.032 [INFO] (trainer.py:109) Total Epi:   390 Steps:   54049 Episode Steps:    89 Return: -0.5609 FPS:  5.90
11:01:11.638 [INFO] (trainer.py:109) Total Epi:   391 Steps:   54771 Episode Steps:   722 Return:  2.0000 FPS: 75.17
11:01:11.732 [INFO] (trainer.py:109) Total Epi:   392 Steps:   54781 Episode Steps:    10 Return:  0.0000 FPS: 106.90
11:01:13.836 [INFO] (trainer.py:109) Total Epi:   393 Steps:   54955 Episode Steps:   174 Return:  0.7184 FPS: 83.25
11:01:20.623 [INFO] (trainer.py:109) Total Epi:   394 Steps:   55483 Episode Steps:   528 Return:  2.0000 FPS: 77.77
11:01:23.450 [INFO] (trainer.py:109) Total Epi:   395 Steps:   55689 Episode Steps:   206 Return:  0.7254 FPS: 72.97
11:01:29.008 [INFO] (trainer.py:137) Evaluation Total Steps:   56000 Average Reward  0.0000 over  5 episodes
11:01:33.516 [INFO] (trainer.py:109) Total Epi:   396 Steps:   56269 Episode Steps:   580 Return:  2.0000 FPS: 57.64
11:01:39.770 [INFO] (trainer.py:109) Total Epi:   397 Steps:   56686 Episode Steps:   417 Return:  0.6302 FPS: 66.84
11:01:47.287 [INFO] (trainer.py:109) Total Epi:   398 Steps:   57130 Episode Steps:   444 Return:  2.0000 FPS: 59.09
11:01:57.336 [INFO] (trainer.py:109) Total Epi:   399 Steps:   57733 Episode Steps:   603 Return:  2.0000 FPS: 60.09
11:02:00.940 [INFO] (trainer.py:109) Total Epi:   400 Steps:   57986 Episode Steps:   253 Return:  0.9829 FPS: 70.49
11:02:28.411 [INFO] (trainer.py:137) Evaluation Total Steps:   58000 Average Reward  2.0000 over  5 episodes
11:02:33.885 [INFO] (trainer.py:109) Total Epi:   401 Steps:   58431 Episode Steps:   445 Return:  0.7301 FPS: 13.51
11:02:38.514 [INFO] (trainer.py:109) Total Epi:   402 Steps:   58798 Episode Steps:   367 Return:  1.2254 FPS: 79.54
11:02:46.563 [INFO] (trainer.py:109) Total Epi:   403 Steps:   59385 Episode Steps:   587 Return:  1.7572 FPS: 73.04
11:02:54.016 [INFO] (trainer.py:109) Total Epi:   404 Steps:   59917 Episode Steps:   532 Return:  1.2435 FPS: 71.50
11:03:13.342 [INFO] (trainer.py:137) Evaluation Total Steps:   60000 Average Reward  2.0000 over  5 episodes
11:03:18.873 [INFO] (trainer.py:109) Total Epi:   405 Steps:   60404 Episode Steps:   487 Return:  0.6038 FPS: 19.59
11:03:26.843 [INFO] (trainer.py:109) Total Epi:   406 Steps:   61019 Episode Steps:   615 Return:  2.0000 FPS: 77.33
11:03:34.014 [INFO] (trainer.py:109) Total Epi:   407 Steps:   61581 Episode Steps:   562 Return:  2.0000 FPS: 78.37
11:03:56.397 [INFO] (trainer.py:137) Evaluation Total Steps:   62000 Average Reward  2.0000 over  5 episodes
11:03:56.855 [INFO] (trainer.py:109) Total Epi:   408 Steps:   62021 Episode Steps:   440 Return:  0.5688 FPS: 19.28
11:04:05.663 [INFO] (trainer.py:109) Total Epi:   409 Steps:   62642 Episode Steps:   621 Return:  2.0000 FPS: 70.62
11:04:08.889 [INFO] (trainer.py:109) Total Epi:   410 Steps:   62887 Episode Steps:   245 Return: -0.2763 FPS: 75.98
11:04:13.948 [INFO] (trainer.py:109) Total Epi:   411 Steps:   63211 Episode Steps:   324 Return:  0.9727 FPS: 64.07
11:04:15.913 [INFO] (trainer.py:109) Total Epi:   412 Steps:   63358 Episode Steps:   147 Return:  0.4818 FPS: 74.86
11:04:21.940 [INFO] (trainer.py:109) Total Epi:   413 Steps:   63829 Episode Steps:   471 Return:  1.7251 FPS: 78.31
11:04:28.225 [INFO] (trainer.py:137) Evaluation Total Steps:   64000 Average Reward  0.2060 over  5 episodes
11:04:29.481 [INFO] (trainer.py:109) Total Epi:   414 Steps:   64084 Episode Steps:   255 Return: -0.0377 FPS: 33.82
11:04:36.533 [INFO] (trainer.py:109) Total Epi:   415 Steps:   64610 Episode Steps:   526 Return:  1.7454 FPS: 74.72
11:04:36.648 [INFO] (trainer.py:109) Total Epi:   416 Steps:   64620 Episode Steps:    10 Return:  0.0000 FPS: 88.68
11:04:38.705 [INFO] (trainer.py:109) Total Epi:   417 Steps:   64751 Episode Steps:   131 Return:  0.2113 FPS: 64.04
11:04:41.880 [INFO] (trainer.py:109) Total Epi:   418 Steps:   64999 Episode Steps:   248 Return:  0.7456 FPS: 78.16
11:04:48.633 [INFO] (trainer.py:109) Total Epi:   419 Steps:   65490 Episode Steps:   491 Return:  0.9623 FPS: 72.73
11:04:55.053 [INFO] (trainer.py:109) Total Epi:   420 Steps:   65943 Episode Steps:   453 Return:  2.0000 FPS: 70.58
11:05:03.367 [INFO] (trainer.py:137) Evaluation Total Steps:   66000 Average Reward  0.7276 over  5 episodes
11:05:07.325 [INFO] (trainer.py:109) Total Epi:   421 Steps:   66329 Episode Steps:   386 Return:  1.7246 FPS: 31.44
11:05:09.527 [INFO] (trainer.py:109) Total Epi:   422 Steps:   66498 Episode Steps:   169 Return: -0.2513 FPS: 77.36
11:05:11.851 [INFO] (trainer.py:109) Total Epi:   423 Steps:   66661 Episode Steps:   163 Return: -0.2566 FPS: 70.19
11:05:14.357 [INFO] (trainer.py:109) Total Epi:   424 Steps:   66848 Episode Steps:   187 Return:  0.7126 FPS: 74.48
11:05:16.397 [INFO] (trainer.py:109) Total Epi:   425 Steps:   67015 Episode Steps:   167 Return:  0.7216 FPS: 82.19
11:05:17.300 [INFO] (trainer.py:109) Total Epi:   426 Steps:   67066 Episode Steps:    51 Return: -0.7791 FPS: 57.40
11:05:18.707 [INFO] (trainer.py:109) Total Epi:   427 Steps:   67180 Episode Steps:   114 Return: -0.5443 FPS: 81.12
11:05:23.327 [INFO] (trainer.py:109) Total Epi:   428 Steps:   67569 Episode Steps:   389 Return:  0.7365 FPS: 84.20
11:05:25.936 [INFO] (trainer.py:109) Total Epi:   429 Steps:   67774 Episode Steps:   205 Return: -0.2976 FPS: 78.66
11:05:35.702 [INFO] (trainer.py:137) Evaluation Total Steps:   68000 Average Reward  0.7240 over  5 episodes
11:05:36.558 [INFO] (trainer.py:109) Total Epi:   430 Steps:   68058 Episode Steps:   284 Return:  0.2354 FPS: 26.85
11:05:37.379 [INFO] (trainer.py:109) Total Epi:   431 Steps:   68133 Episode Steps:    75 Return: -0.7749 FPS: 90.96
11:05:38.848 [INFO] (trainer.py:109) Total Epi:   432 Steps:   68236 Episode Steps:   103 Return: -0.4805 FPS: 70.77
11:05:39.698 [INFO] (trainer.py:109) Total Epi:   433 Steps:   68313 Episode Steps:    77 Return: -0.6792 FPS: 92.16
11:05:41.930 [INFO] (trainer.py:109) Total Epi:   434 Steps:   68479 Episode Steps:   166 Return:  0.7057 FPS: 74.34
11:05:42.368 [INFO] (trainer.py:109) Total Epi:   435 Steps:   68531 Episode Steps:    52 Return: -0.8034 FPS: 119.18
11:05:43.593 [INFO] (trainer.py:109) Total Epi:   436 Steps:   68622 Episode Steps:    91 Return: -0.5439 FPS: 74.53
11:05:44.854 [INFO] (trainer.py:109) Total Epi:   437 Steps:   68717 Episode Steps:    95 Return: -0.5495 FPS: 75.52
11:05:49.323 [INFO] (trainer.py:109) Total Epi:   438 Steps:   69055 Episode Steps:   338 Return:  1.7139 FPS: 75.64
11:05:50.980 [INFO] (trainer.py:109) Total Epi:   439 Steps:   69171 Episode Steps:   116 Return: -0.5168 FPS: 72.41
11:05:51.860 [INFO] (trainer.py:109) Total Epi:   440 Steps:   69221 Episode Steps:    50 Return: -0.7707 FPS: 57.67
11:05:53.831 [INFO] (trainer.py:109) Total Epi:   441 Steps:   69375 Episode Steps:   154 Return:  0.7051 FPS: 77.61
11:05:55.911 [INFO] (trainer.py:109) Total Epi:   442 Steps:   69471 Episode Steps:    96 Return: -0.5551 FPS: 46.73
11:05:57.400 [INFO] (trainer.py:109) Total Epi:   443 Steps:   69586 Episode Steps:   115 Return: -0.5182 FPS: 77.09
11:05:58.728 [INFO] (trainer.py:109) Total Epi:   444 Steps:   69699 Episode Steps:   113 Return: -0.5566 FPS: 84.82
11:05:58.943 [INFO] (trainer.py:109) Total Epi:   445 Steps:   69720 Episode Steps:    21 Return:  0.0084 FPS: 103.56
11:05:59.720 [INFO] (trainer.py:109) Total Epi:   446 Steps:   69771 Episode Steps:    51 Return: -0.8012 FPS: 65.80
11:06:01.224 [INFO] (trainer.py:109) Total Epi:   447 Steps:   69859 Episode Steps:    88 Return: -0.5468 FPS: 59.03
11:06:45.682 [INFO] (trainer.py:137) Evaluation Total Steps:   70000 Average Reward  0.6235 over  5 episodes
11:06:50.980 [INFO] (trainer.py:109) Total Epi:   448 Steps:   70337 Episode Steps:   478 Return:  1.7210 FPS:  9.61
11:06:59.266 [INFO] (trainer.py:109) Total Epi:   449 Steps:   70996 Episode Steps:   659 Return:  2.0000 FPS: 79.45
11:07:01.648 [INFO] (trainer.py:109) Total Epi:   450 Steps:   71163 Episode Steps:   167 Return:  0.7023 FPS: 70.50
11:07:04.443 [INFO] (trainer.py:109) Total Epi:   451 Steps:   71356 Episode Steps:   193 Return:  0.7129 FPS: 69.11
11:07:04.551 [INFO] (trainer.py:109) Total Epi:   452 Steps:   71366 Episode Steps:    10 Return:  0.0000 FPS: 94.33
11:07:11.760 [INFO] (trainer.py:109) Total Epi:   453 Steps:   71956 Episode Steps:   590 Return:  1.7174 FPS: 81.87
11:07:38.702 [INFO] (trainer.py:137) Evaluation Total Steps:   72000 Average Reward  2.0000 over  5 episodes
11:07:46.793 [INFO] (trainer.py:109) Total Epi:   454 Steps:   72626 Episode Steps:   670 Return:  2.0000 FPS: 19.13
11:07:54.851 [INFO] (trainer.py:109) Total Epi:   455 Steps:   73272 Episode Steps:   646 Return:  2.0000 FPS: 80.30
11:08:02.899 [INFO] (trainer.py:109) Total Epi:   456 Steps:   73900 Episode Steps:   628 Return:  2.0000 FPS: 78.17
11:08:46.740 [INFO] (trainer.py:137) Evaluation Total Steps:   74000 Average Reward  1.4729 over  5 episodes
11:08:53.608 [INFO] (trainer.py:109) Total Epi:   457 Steps:   74505 Episode Steps:   605 Return:  2.0000 FPS: 11.93
11:08:54.580 [INFO] (trainer.py:109) Total Epi:   458 Steps:   74596 Episode Steps:    91 Return: -0.7553 FPS: 93.76
11:09:01.551 [INFO] (trainer.py:109) Total Epi:   459 Steps:   75129 Episode Steps:   533 Return:  2.0000 FPS: 76.60
11:09:02.625 [INFO] (trainer.py:109) Total Epi:   460 Steps:   75230 Episode Steps:   101 Return: -0.6054 FPS: 95.28
11:09:04.612 [INFO] (trainer.py:109) Total Epi:   461 Steps:   75369 Episode Steps:   139 Return: -0.6069 FPS: 70.40
11:09:07.859 [INFO] (trainer.py:109) Total Epi:   462 Steps:   75629 Episode Steps:   260 Return: -0.1164 FPS: 80.09
11:09:10.430 [INFO] (trainer.py:109) Total Epi:   463 Steps:   75820 Episode Steps:   191 Return:  0.7111 FPS: 74.34
11:09:42.127 [INFO] (trainer.py:137) Evaluation Total Steps:   76000 Average Reward  2.0000 over  5 episodes
11:09:44.868 [INFO] (trainer.py:109) Total Epi:   464 Steps:   76214 Episode Steps:   394 Return:  0.3604 FPS: 11.44
11:09:50.410 [INFO] (trainer.py:109) Total Epi:   465 Steps:   76658 Episode Steps:   444 Return:  0.4511 FPS: 80.15
11:09:57.139 [INFO] (trainer.py:109) Total Epi:   466 Steps:   77194 Episode Steps:   536 Return:  2.0000 FPS: 79.67
11:10:04.462 [INFO] (trainer.py:109) Total Epi:   467 Steps:   77790 Episode Steps:   596 Return:  2.0000 FPS: 81.26
11:10:29.979 [INFO] (trainer.py:137) Evaluation Total Steps:   78000 Average Reward  2.0000 over  5 episodes
11:10:33.413 [INFO] (trainer.py:109) Total Epi:   468 Steps:   78241 Episode Steps:   451 Return:  0.7024 FPS: 15.59
11:10:36.083 [INFO] (trainer.py:109) Total Epi:   469 Steps:   78454 Episode Steps:   213 Return: -0.2804 FPS: 80.45
11:10:39.490 [INFO] (trainer.py:109) Total Epi:   470 Steps:   78699 Episode Steps:   245 Return: -0.3006 FPS: 72.65
11:10:42.275 [INFO] (trainer.py:109) Total Epi:   471 Steps:   78905 Episode Steps:   206 Return:  0.7052 FPS: 74.01
11:10:48.908 [INFO] (trainer.py:109) Total Epi:   472 Steps:   79409 Episode Steps:   504 Return:  2.0000 FPS: 76.00
11:10:51.866 [INFO] (trainer.py:109) Total Epi:   473 Steps:   79617 Episode Steps:   208 Return: -0.2767 FPS: 70.34
11:11:16.184 [INFO] (trainer.py:137) Evaluation Total Steps:   80000 Average Reward  2.0000 over  5 episodes
11:11:17.099 [INFO] (trainer.py:109) Total Epi:   474 Steps:   80070 Episode Steps:   453 Return:  2.0000 FPS: 17.96
11:11:18.596 [INFO] (trainer.py:109) Total Epi:   475 Steps:   80157 Episode Steps:    87 Return: -0.7264 FPS: 58.15
11:11:22.031 [INFO] (trainer.py:109) Total Epi:   476 Steps:   80395 Episode Steps:   238 Return:  0.7053 FPS: 69.51
11:11:23.434 [INFO] (trainer.py:109) Total Epi:   477 Steps:   80502 Episode Steps:   107 Return: -0.5593 FPS: 76.98
11:11:26.452 [INFO] (trainer.py:109) Total Epi:   478 Steps:   80743 Episode Steps:   241 Return: -0.0364 FPS: 79.91
11:11:27.583 [INFO] (trainer.py:109) Total Epi:   479 Steps:   80825 Episode Steps:    82 Return: -0.6877 FPS: 71.75
11:11:32.066 [INFO] (trainer.py:109) Total Epi:   480 Steps:   81181 Episode Steps:   356 Return:  0.3154 FPS: 79.70
11:11:35.979 [INFO] (trainer.py:109) Total Epi:   481 Steps:   81468 Episode Steps:   287 Return:  0.2033 FPS: 73.35
11:11:40.639 [INFO] (trainer.py:109) Total Epi:   482 Steps:   81793 Episode Steps:   325 Return:  0.2157 FPS: 69.65
11:12:13.068 [INFO] (trainer.py:137) Evaluation Total Steps:   82000 Average Reward  2.0000 over  5 episodes
11:12:15.442 [INFO] (trainer.py:109) Total Epi:   483 Steps:   82180 Episode Steps:   387 Return:  0.3749 FPS: 11.14
11:12:17.283 [INFO] (trainer.py:109) Total Epi:   484 Steps:   82323 Episode Steps:   143 Return: -0.5079 FPS: 78.18
11:12:21.399 [INFO] (trainer.py:109) Total Epi:   485 Steps:   82643 Episode Steps:   320 Return:  0.1971 FPS: 77.77
11:12:24.144 [INFO] (trainer.py:109) Total Epi:   486 Steps:   82856 Episode Steps:   213 Return:  0.5623 FPS: 77.31
11:12:28.114 [INFO] (trainer.py:109) Total Epi:   487 Steps:   83151 Episode Steps:   295 Return:  0.0208 FPS: 74.42
11:12:30.458 [INFO] (trainer.py:109) Total Epi:   488 Steps:   83344 Episode Steps:   193 Return: -0.3010 FPS: 82.67
11:12:34.556 [INFO] (trainer.py:109) Total Epi:   489 Steps:   83669 Episode Steps:   325 Return:  0.0918 FPS: 79.62
11:12:52.587 [INFO] (trainer.py:137) Evaluation Total Steps:   84000 Average Reward  0.4453 over  5 episodes
11:12:56.717 [INFO] (trainer.py:109) Total Epi:   490 Steps:   84277 Episode Steps:   608 Return:  2.0000 FPS: 27.45
11:13:03.304 [INFO] (trainer.py:109) Total Epi:   491 Steps:   84661 Episode Steps:   384 Return:  0.4417 FPS: 58.41
11:13:11.215 [INFO] (trainer.py:109) Total Epi:   492 Steps:   85104 Episode Steps:   443 Return:  1.5740 FPS: 56.09
11:13:20.296 [INFO] (trainer.py:109) Total Epi:   493 Steps:   85677 Episode Steps:   573 Return:  0.9910 FPS: 63.11
11:13:47.015 [INFO] (trainer.py:137) Evaluation Total Steps:   86000 Average Reward  2.0000 over  5 episodes
11:13:50.554 [INFO] (trainer.py:109) Total Epi:   494 Steps:   86226 Episode Steps:   549 Return:  2.0000 FPS: 18.15
11:13:50.742 [INFO] (trainer.py:109) Total Epi:   495 Steps:   86236 Episode Steps:    10 Return:  0.0000 FPS: 51.62
11:14:01.638 [INFO] (trainer.py:109) Total Epi:   496 Steps:   86835 Episode Steps:   599 Return:  1.5888 FPS: 55.08
11:14:02.763 [INFO] (trainer.py:109) Total Epi:   497 Steps:   86894 Episode Steps:    59 Return: -0.7789 FPS: 52.48
11:14:03.570 [INFO] (trainer.py:109) Total Epi:   498 Steps:   86931 Episode Steps:    37 Return: -0.9269 FPS: 47.44
11:14:05.021 [INFO] (trainer.py:109) Total Epi:   499 Steps:   87004 Episode Steps:    73 Return: -0.8894 FPS: 50.42
11:14:18.749 [INFO] (trainer.py:109) Total Epi:   500 Steps:   87776 Episode Steps:   772 Return:  0.8269 FPS: 56.25
11:14:20.621 [INFO] (trainer.py:109) Total Epi:   501 Steps:   87882 Episode Steps:   106 Return: -0.6512 FPS: 57.05
11:14:25.999 [INFO] (trainer.py:137) Evaluation Total Steps:   88000 Average Reward -0.7387 over  5 episodes
11:14:26.935 [INFO] (trainer.py:109) Total Epi:   502 Steps:   88065 Episode Steps:   183 Return: -0.7009 FPS: 28.99
11:14:38.292 [INFO] (trainer.py:109) Total Epi:   503 Steps:   88913 Episode Steps:   848 Return:  2.0000 FPS: 74.75
11:14:49.473 [INFO] (trainer.py:109) Total Epi:   504 Steps:   89773 Episode Steps:   860 Return:  2.0000 FPS: 76.93
11:15:35.157 [INFO] (trainer.py:137) Evaluation Total Steps:   90000 Average Reward  1.3232 over  5 episodes
11:15:41.512 [INFO] (trainer.py:109) Total Epi:   505 Steps:   90459 Episode Steps:   686 Return:  2.0000 FPS: 13.18
11:15:49.482 [INFO] (trainer.py:109) Total Epi:   506 Steps:   91085 Episode Steps:   626 Return:  1.5865 FPS: 78.56
11:15:50.370 [INFO] (trainer.py:109) Total Epi:   507 Steps:   91186 Episode Steps:   101 Return: -0.6511 FPS: 115.63
11:15:59.638 [INFO] (trainer.py:109) Total Epi:   508 Steps:   91902 Episode Steps:   716 Return:  1.7686 FPS: 77.27
11:15:59.739 [INFO] (trainer.py:109) Total Epi:   509 Steps:   91912 Episode Steps:    10 Return:  0.0000 FPS: 100.47
11:15:59.890 [INFO] (trainer.py:109) Total Epi:   510 Steps:   91922 Episode Steps:    10 Return:  0.0000 FPS: 66.95
11:16:08.033 [INFO] (trainer.py:137) Evaluation Total Steps:   92000 Average Reward -0.7372 over  5 episodes
11:16:09.634 [INFO] (trainer.py:109) Total Epi:   511 Steps:   92128 Episode Steps:   206 Return: -0.7429 FPS: 21.17
11:16:09.725 [INFO] (trainer.py:109) Total Epi:   512 Steps:   92138 Episode Steps:    10 Return:  0.0000 FPS: 111.54
11:16:09.965 [INFO] (trainer.py:109) Total Epi:   513 Steps:   92148 Episode Steps:    10 Return:  0.0000 FPS: 41.91
11:16:11.780 [INFO] (trainer.py:109) Total Epi:   514 Steps:   92270 Episode Steps:   122 Return: -0.7431 FPS: 67.73
11:16:21.514 [INFO] (trainer.py:109) Total Epi:   515 Steps:   93030 Episode Steps:   760 Return:  2.0000 FPS: 78.09
11:16:24.415 [INFO] (trainer.py:109) Total Epi:   516 Steps:   93246 Episode Steps:   216 Return:  0.5958 FPS: 74.85
11:16:32.834 [INFO] (trainer.py:109) Total Epi:   517 Steps:   93901 Episode Steps:   655 Return:  2.0000 FPS: 77.81
11:17:18.603 [INFO] (trainer.py:137) Evaluation Total Steps:   94000 Average Reward  1.5910 over  5 episodes
11:17:21.241 [INFO] (trainer.py:109) Total Epi:   518 Steps:   94195 Episode Steps:   294 Return:  0.7352 FPS:  6.07
11:17:26.158 [INFO] (trainer.py:109) Total Epi:   519 Steps:   94568 Episode Steps:   373 Return:  0.1941 FPS: 75.89
11:17:27.858 [INFO] (trainer.py:109) Total Epi:   520 Steps:   94704 Episode Steps:   136 Return: -0.5182 FPS: 80.69
11:17:28.283 [INFO] (trainer.py:109) Total Epi:   521 Steps:   94753 Episode Steps:    49 Return: -0.7722 FPS: 115.70
11:17:31.049 [INFO] (trainer.py:109) Total Epi:   522 Steps:   94952 Episode Steps:   199 Return:  0.7320 FPS: 72.00
11:17:37.359 [INFO] (trainer.py:109) Total Epi:   523 Steps:   95426 Episode Steps:   474 Return:  1.7351 FPS: 75.17
11:17:41.063 [INFO] (trainer.py:109) Total Epi:   524 Steps:   95697 Episode Steps:   271 Return:  0.2511 FPS: 73.21
11:17:51.604 [INFO] (trainer.py:137) Evaluation Total Steps:   96000 Average Reward  0.7265 over  5 episodes
11:17:52.970 [INFO] (trainer.py:109) Total Epi:   525 Steps:   96102 Episode Steps:   405 Return:  0.5110 FPS: 34.05
11:17:54.158 [INFO] (trainer.py:109) Total Epi:   526 Steps:   96178 Episode Steps:    76 Return: -0.7757 FPS: 63.67
11:17:55.336 [INFO] (trainer.py:109) Total Epi:   527 Steps:   96249 Episode Steps:    71 Return: -0.7653 FPS: 60.75
11:17:58.449 [INFO] (trainer.py:109) Total Epi:   528 Steps:   96506 Episode Steps:   257 Return: -0.2592 FPS: 82.66
11:18:00.764 [INFO] (trainer.py:109) Total Epi:   529 Steps:   96662 Episode Steps:   156 Return: -0.6168 FPS: 67.45
11:18:10.016 [INFO] (trainer.py:109) Total Epi:   530 Steps:   97333 Episode Steps:   671 Return:  2.0000 FPS: 72.54
11:18:14.584 [INFO] (trainer.py:109) Total Epi:   531 Steps:   97662 Episode Steps:   329 Return: -0.2517 FPS: 72.46
11:18:15.651 [INFO] (trainer.py:109) Total Epi:   532 Steps:   97752 Episode Steps:    90 Return: -0.7632 FPS: 84.51
11:18:15.870 [INFO] (trainer.py:109) Total Epi:   533 Steps:   97762 Episode Steps:    10 Return:  0.0000 FPS: 48.23
11:18:17.648 [INFO] (trainer.py:109) Total Epi:   534 Steps:   97889 Episode Steps:   127 Return: -0.3927 FPS: 73.57
11:18:18.377 [INFO] (trainer.py:109) Total Epi:   535 Steps:   97958 Episode Steps:    69 Return: -0.8050 FPS: 94.80
11:18:40.678 [INFO] (trainer.py:137) Evaluation Total Steps:   98000 Average Reward  2.0000 over  5 episodes
11:18:43.082 [INFO] (trainer.py:109) Total Epi:   536 Steps:   98172 Episode Steps:   214 Return: -0.2462 FPS:  8.67
11:18:45.451 [INFO] (trainer.py:109) Total Epi:   537 Steps:   98351 Episode Steps:   179 Return: -0.2559 FPS: 75.98
11:18:48.041 [INFO] (trainer.py:109) Total Epi:   538 Steps:   98551 Episode Steps:   200 Return: -0.4888 FPS: 77.27
11:18:49.463 [INFO] (trainer.py:109) Total Epi:   539 Steps:   98656 Episode Steps:   105 Return: -0.6024 FPS: 73.92
11:18:55.682 [INFO] (trainer.py:109) Total Epi:   540 Steps:   99119 Episode Steps:   463 Return:  0.7501 FPS: 74.48
11:19:00.465 [INFO] (trainer.py:109) Total Epi:   541 Steps:   99498 Episode Steps:   379 Return:  1.4322 FPS: 79.43
11:19:06.636 [INFO] (trainer.py:109) Total Epi:   542 Steps:   99960 Episode Steps:   462 Return:  1.6989 FPS: 74.94
11:19:13.292 [INFO] (trainer.py:137) Evaluation Total Steps:  100000 Average Reward -0.2556 over  5 episodes
