10:04:33.052 [INFO] (trainer.py:109) Total Epi:     1 Steps:      16 Episode Steps:    16 Return:  16.0000 FPS: 77.17
10:04:33.149 [INFO] (trainer.py:109) Total Epi:     2 Steps:      49 Episode Steps:    33 Return:  33.0000 FPS: 4045.95
10:04:33.155 [INFO] (trainer.py:109) Total Epi:     3 Steps:      64 Episode Steps:    15 Return:  15.0000 FPS: 3831.91
10:04:33.166 [INFO] (trainer.py:109) Total Epi:     4 Steps:      96 Episode Steps:    32 Return:  32.0000 FPS: 3425.83
10:04:33.305 [INFO] (trainer.py:109) Total Epi:     5 Steps:     114 Episode Steps:    18 Return:  18.0000 FPS: 133.23
10:04:33.316 [INFO] (trainer.py:109) Total Epi:     6 Steps:     127 Episode Steps:    13 Return:  13.0000 FPS: 3827.92
10:04:33.322 [INFO] (trainer.py:109) Total Epi:     7 Steps:     141 Episode Steps:    14 Return:  14.0000 FPS: 4022.06
10:04:33.330 [INFO] (trainer.py:109) Total Epi:     8 Steps:     160 Episode Steps:    19 Return:  19.0000 FPS: 3129.74
10:04:33.357 [INFO] (trainer.py:109) Total Epi:     9 Steps:     189 Episode Steps:    29 Return:  29.0000 FPS: 1165.36
10:04:33.378 [INFO] (trainer.py:109) Total Epi:    10 Steps:     201 Episode Steps:    12 Return:  12.0000 FPS: 1187.39
10:04:33.396 [INFO] (trainer.py:109) Total Epi:    11 Steps:     221 Episode Steps:    20 Return:  20.0000 FPS: 2113.20
10:04:33.417 [INFO] (trainer.py:109) Total Epi:    12 Steps:     234 Episode Steps:    13 Return:  13.0000 FPS: 3781.27
10:04:33.424 [INFO] (trainer.py:109) Total Epi:    13 Steps:     250 Episode Steps:    16 Return:  16.0000 FPS: 3417.42
10:04:33.433 [INFO] (trainer.py:109) Total Epi:    14 Steps:     269 Episode Steps:    19 Return:  19.0000 FPS: 3434.75
10:04:33.439 [INFO] (trainer.py:109) Total Epi:    15 Steps:     280 Episode Steps:    11 Return:  11.0000 FPS: 3487.30
10:04:33.479 [INFO] (trainer.py:109) Total Epi:    16 Steps:     306 Episode Steps:    26 Return:  26.0000 FPS: 675.60
10:04:33.499 [INFO] (trainer.py:109) Total Epi:    17 Steps:     331 Episode Steps:    25 Return:  25.0000 FPS: 2176.58
10:04:33.619 [INFO] (trainer.py:109) Total Epi:    18 Steps:     347 Episode Steps:    16 Return:  16.0000 FPS: 144.42
10:04:33.635 [INFO] (trainer.py:109) Total Epi:    19 Steps:     362 Episode Steps:    15 Return:  15.0000 FPS: 2990.37
10:04:33.741 [INFO] (trainer.py:109) Total Epi:    20 Steps:     374 Episode Steps:    12 Return:  12.0000 FPS: 127.54
10:04:33.765 [INFO] (trainer.py:109) Total Epi:    21 Steps:     395 Episode Steps:    21 Return:  21.0000 FPS: 1521.25
10:04:33.788 [INFO] (trainer.py:109) Total Epi:    22 Steps:     418 Episode Steps:    23 Return:  23.0000 FPS: 2756.08
10:04:33.839 [INFO] (trainer.py:109) Total Epi:    23 Steps:     459 Episode Steps:    41 Return:  41.0000 FPS: 3969.71
10:04:33.847 [INFO] (trainer.py:109) Total Epi:    24 Steps:     476 Episode Steps:    17 Return:  17.0000 FPS: 2690.64
10:04:33.857 [INFO] (trainer.py:109) Total Epi:    25 Steps:     495 Episode Steps:    19 Return:  19.0000 FPS: 2891.98
10:04:42.567 [INFO] (trainer.py:109) Total Epi:    26 Steps:     511 Episode Steps:    16 Return:  16.0000 FPS:  1.84
10:04:42.621 [INFO] (trainer.py:109) Total Epi:    27 Steps:     521 Episode Steps:    10 Return:  10.0000 FPS: 189.38
10:04:42.674 [INFO] (trainer.py:109) Total Epi:    28 Steps:     531 Episode Steps:    10 Return:  10.0000 FPS: 197.31
10:04:42.725 [INFO] (trainer.py:109) Total Epi:    29 Steps:     540 Episode Steps:     9 Return:  9.0000 FPS: 190.28
10:04:42.776 [INFO] (trainer.py:109) Total Epi:    30 Steps:     549 Episode Steps:     9 Return:  9.0000 FPS: 184.81
10:04:42.844 [INFO] (trainer.py:109) Total Epi:    31 Steps:     562 Episode Steps:    13 Return:  13.0000 FPS: 197.53
10:04:43.050 [INFO] (trainer.py:109) Total Epi:    32 Steps:     595 Episode Steps:    33 Return:  33.0000 FPS: 162.11
10:04:43.197 [INFO] (trainer.py:109) Total Epi:    33 Steps:     613 Episode Steps:    18 Return:  18.0000 FPS: 126.06
10:04:43.378 [INFO] (trainer.py:109) Total Epi:    34 Steps:     632 Episode Steps:    19 Return:  19.0000 FPS: 185.25
10:04:43.463 [INFO] (trainer.py:109) Total Epi:    35 Steps:     644 Episode Steps:    12 Return:  12.0000 FPS: 143.94
10:04:43.544 [INFO] (trainer.py:109) Total Epi:    36 Steps:     657 Episode Steps:    13 Return:  13.0000 FPS: 165.63
10:04:43.633 [INFO] (trainer.py:109) Total Epi:    37 Steps:     672 Episode Steps:    15 Return:  15.0000 FPS: 172.73
10:04:43.693 [INFO] (trainer.py:109) Total Epi:    38 Steps:     682 Episode Steps:    10 Return:  10.0000 FPS: 171.32
10:04:43.761 [INFO] (trainer.py:109) Total Epi:    39 Steps:     694 Episode Steps:    12 Return:  12.0000 FPS: 184.47
10:04:43.854 [INFO] (trainer.py:109) Total Epi:    40 Steps:     712 Episode Steps:    18 Return:  18.0000 FPS: 197.17
10:04:43.932 [INFO] (trainer.py:109) Total Epi:    41 Steps:     726 Episode Steps:    14 Return:  14.0000 FPS: 182.83
10:04:44.005 [INFO] (trainer.py:109) Total Epi:    42 Steps:     739 Episode Steps:    13 Return:  13.0000 FPS: 185.68
10:04:44.069 [INFO] (trainer.py:109) Total Epi:    43 Steps:     750 Episode Steps:    11 Return:  11.0000 FPS: 179.46
10:04:44.206 [INFO] (trainer.py:109) Total Epi:    44 Steps:     765 Episode Steps:    15 Return:  15.0000 FPS: 110.99
10:04:44.363 [INFO] (trainer.py:109) Total Epi:    45 Steps:     779 Episode Steps:    14 Return:  14.0000 FPS: 108.61
10:04:44.521 [INFO] (trainer.py:109) Total Epi:    46 Steps:     793 Episode Steps:    14 Return:  14.0000 FPS: 93.99
10:04:44.653 [INFO] (trainer.py:109) Total Epi:    47 Steps:     804 Episode Steps:    11 Return:  11.0000 FPS: 89.85
10:04:45.050 [INFO] (trainer.py:109) Total Epi:    48 Steps:     815 Episode Steps:    11 Return:  11.0000 FPS: 41.78
10:04:45.238 [INFO] (trainer.py:109) Total Epi:    49 Steps:     831 Episode Steps:    16 Return:  16.0000 FPS: 89.73
10:04:45.413 [INFO] (trainer.py:109) Total Epi:    50 Steps:     847 Episode Steps:    16 Return:  16.0000 FPS: 96.13
10:04:45.527 [INFO] (trainer.py:109) Total Epi:    51 Steps:     858 Episode Steps:    11 Return:  11.0000 FPS: 104.90
10:04:45.626 [INFO] (trainer.py:109) Total Epi:    52 Steps:     872 Episode Steps:    14 Return:  14.0000 FPS: 152.66
10:04:45.705 [INFO] (trainer.py:109) Total Epi:    53 Steps:     886 Episode Steps:    14 Return:  14.0000 FPS: 182.48
10:04:45.766 [INFO] (trainer.py:109) Total Epi:    54 Steps:     896 Episode Steps:    10 Return:  10.0000 FPS: 171.35
10:04:45.831 [INFO] (trainer.py:109) Total Epi:    55 Steps:     908 Episode Steps:    12 Return:  12.0000 FPS: 189.13
10:04:45.915 [INFO] (trainer.py:109) Total Epi:    56 Steps:     921 Episode Steps:    13 Return:  13.0000 FPS: 188.19
10:04:45.968 [INFO] (trainer.py:109) Total Epi:    57 Steps:     930 Episode Steps:     9 Return:  9.0000 FPS: 176.37
10:04:46.037 [INFO] (trainer.py:109) Total Epi:    58 Steps:     940 Episode Steps:    10 Return:  10.0000 FPS: 149.36
10:04:46.093 [INFO] (trainer.py:109) Total Epi:    59 Steps:     950 Episode Steps:    10 Return:  10.0000 FPS: 184.94
10:04:46.179 [INFO] (trainer.py:109) Total Epi:    60 Steps:     963 Episode Steps:    13 Return:  13.0000 FPS: 157.43
10:04:46.297 [INFO] (trainer.py:109) Total Epi:    61 Steps:     985 Episode Steps:    22 Return:  22.0000 FPS: 189.35
10:04:46.344 [INFO] (trainer.py:109) Total Epi:    62 Steps:     993 Episode Steps:     8 Return:  8.0000 FPS: 181.77
10:04:46.402 [INFO] (trainer.py:109) Total Epi:    63 Steps:    1003 Episode Steps:    10 Return:  10.0000 FPS: 177.23
10:04:46.682 [INFO] (trainer.py:109) Total Epi:    64 Steps:    1053 Episode Steps:    50 Return:  50.0000 FPS: 179.94
10:04:46.855 [INFO] (trainer.py:109) Total Epi:    65 Steps:    1065 Episode Steps:    12 Return:  12.0000 FPS: 142.02
10:04:46.967 [INFO] (trainer.py:109) Total Epi:    66 Steps:    1078 Episode Steps:    13 Return:  13.0000 FPS: 128.26
10:04:47.040 [INFO] (trainer.py:109) Total Epi:    67 Steps:    1087 Episode Steps:     9 Return:  9.0000 FPS: 127.97
10:04:47.127 [INFO] (trainer.py:109) Total Epi:    68 Steps:    1099 Episode Steps:    12 Return:  12.0000 FPS: 149.32
10:04:47.307 [INFO] (trainer.py:109) Total Epi:    69 Steps:    1117 Episode Steps:    18 Return:  18.0000 FPS: 101.38
10:04:47.470 [INFO] (trainer.py:109) Total Epi:    70 Steps:    1132 Episode Steps:    15 Return:  15.0000 FPS: 103.12
10:04:48.011 [INFO] (trainer.py:109) Total Epi:    71 Steps:    1147 Episode Steps:    15 Return:  15.0000 FPS: 28.17
10:04:48.158 [INFO] (trainer.py:109) Total Epi:    72 Steps:    1159 Episode Steps:    12 Return:  12.0000 FPS: 86.13
10:04:48.393 [INFO] (trainer.py:109) Total Epi:    73 Steps:    1185 Episode Steps:    26 Return:  26.0000 FPS: 114.61
10:04:48.469 [INFO] (trainer.py:109) Total Epi:    74 Steps:    1198 Episode Steps:    13 Return:  13.0000 FPS: 176.13
10:04:48.608 [INFO] (trainer.py:109) Total Epi:    75 Steps:    1224 Episode Steps:    26 Return:  26.0000 FPS: 190.05
10:04:49.022 [INFO] (trainer.py:109) Total Epi:    76 Steps:    1257 Episode Steps:    33 Return:  33.0000 FPS: 152.25
10:04:49.227 [INFO] (trainer.py:109) Total Epi:    77 Steps:    1283 Episode Steps:    26 Return:  26.0000 FPS: 128.71
10:04:49.444 [INFO] (trainer.py:109) Total Epi:    78 Steps:    1321 Episode Steps:    38 Return:  38.0000 FPS: 180.81
10:04:49.510 [INFO] (trainer.py:109) Total Epi:    79 Steps:    1332 Episode Steps:    11 Return:  11.0000 FPS: 171.29
10:04:49.571 [INFO] (trainer.py:109) Total Epi:    80 Steps:    1342 Episode Steps:    10 Return:  10.0000 FPS: 171.23
10:04:49.680 [INFO] (trainer.py:109) Total Epi:    81 Steps:    1361 Episode Steps:    19 Return:  19.0000 FPS: 176.55
10:04:49.916 [INFO] (trainer.py:109) Total Epi:    82 Steps:    1404 Episode Steps:    43 Return:  43.0000 FPS: 183.76
10:04:49.979 [INFO] (trainer.py:109) Total Epi:    83 Steps:    1414 Episode Steps:    10 Return:  10.0000 FPS: 165.96
10:04:50.094 [INFO] (trainer.py:109) Total Epi:    84 Steps:    1428 Episode Steps:    14 Return:  14.0000 FPS: 123.94
10:04:50.430 [INFO] (trainer.py:109) Total Epi:    85 Steps:    1460 Episode Steps:    32 Return:  32.0000 FPS: 98.36
10:04:51.670 [INFO] (trainer.py:109) Total Epi:    86 Steps:    1578 Episode Steps:   118 Return:  118.0000 FPS: 95.78
10:04:51.881 [INFO] (trainer.py:109) Total Epi:    87 Steps:    1612 Episode Steps:    34 Return:  34.0000 FPS: 183.11
10:04:52.073 [INFO] (trainer.py:109) Total Epi:    88 Steps:    1649 Episode Steps:    37 Return:  37.0000 FPS: 194.95
10:04:52.261 [INFO] (trainer.py:109) Total Epi:    89 Steps:    1683 Episode Steps:    34 Return:  34.0000 FPS: 182.91
10:04:52.403 [INFO] (trainer.py:109) Total Epi:    90 Steps:    1709 Episode Steps:    26 Return:  26.0000 FPS: 186.95
10:04:54.257 [INFO] (trainer.py:109) Total Epi:    91 Steps:    1909 Episode Steps:   200 Return:  200.0000 FPS: 108.01
10:04:55.294 [INFO] (trainer.py:137) Evaluation Total Steps:    2000 Average Reward  86.8000 over  5 episodes
10:04:55.669 [INFO] (trainer.py:109) Total Epi:    92 Steps:    2069 Episode Steps:   160 Return:  160.0000 FPS: 113.53
10:04:57.264 [INFO] (trainer.py:109) Total Epi:    93 Steps:    2217 Episode Steps:   148 Return:  148.0000 FPS: 92.89
10:04:57.931 [INFO] (trainer.py:109) Total Epi:    94 Steps:    2369 Episode Steps:   152 Return:  152.0000 FPS: 229.07
10:04:58.412 [INFO] (trainer.py:109) Total Epi:    95 Steps:    2478 Episode Steps:   109 Return:  109.0000 FPS: 227.46
10:04:58.829 [INFO] (trainer.py:109) Total Epi:    96 Steps:    2567 Episode Steps:    89 Return:  89.0000 FPS: 214.12
10:05:00.427 [INFO] (trainer.py:109) Total Epi:    97 Steps:    2767 Episode Steps:   200 Return:  200.0000 FPS: 125.81
10:05:01.364 [INFO] (trainer.py:109) Total Epi:    98 Steps:    2967 Episode Steps:   200 Return:  200.0000 FPS: 213.73
10:05:02.943 [INFO] (trainer.py:109) Total Epi:    99 Steps:    3147 Episode Steps:   180 Return:  180.0000 FPS: 114.10
10:05:03.823 [INFO] (trainer.py:109) Total Epi:   100 Steps:    3337 Episode Steps:   190 Return:  190.0000 FPS: 216.36
10:05:05.721 [INFO] (trainer.py:109) Total Epi:   101 Steps:    3537 Episode Steps:   200 Return:  200.0000 FPS: 109.28
10:05:06.500 [INFO] (trainer.py:109) Total Epi:   102 Steps:    3737 Episode Steps:   200 Return:  200.0000 FPS: 257.13
10:05:07.557 [INFO] (trainer.py:109) Total Epi:   103 Steps:    3937 Episode Steps:   200 Return:  200.0000 FPS: 189.59
10:05:09.194 [INFO] (trainer.py:137) Evaluation Total Steps:    4000 Average Reward  195.4000 over  5 episodes
10:05:09.805 [INFO] (trainer.py:109) Total Epi:   104 Steps:    4137 Episode Steps:   200 Return:  200.0000 FPS: 89.22
10:05:11.402 [INFO] (trainer.py:109) Total Epi:   105 Steps:    4337 Episode Steps:   200 Return:  200.0000 FPS: 125.32
10:05:12.184 [INFO] (trainer.py:109) Total Epi:   106 Steps:    4537 Episode Steps:   200 Return:  200.0000 FPS: 256.72
10:05:13.304 [INFO] (trainer.py:109) Total Epi:   107 Steps:    4737 Episode Steps:   200 Return:  200.0000 FPS: 178.83
10:05:14.576 [INFO] (trainer.py:109) Total Epi:   108 Steps:    4937 Episode Steps:   200 Return:  200.0000 FPS: 157.40
10:05:15.455 [INFO] (trainer.py:109) Total Epi:   109 Steps:    5137 Episode Steps:   200 Return:  200.0000 FPS: 228.17
10:05:16.931 [INFO] (trainer.py:109) Total Epi:   110 Steps:    5337 Episode Steps:   200 Return:  200.0000 FPS: 135.59
10:05:17.797 [INFO] (trainer.py:109) Total Epi:   111 Steps:    5537 Episode Steps:   200 Return:  200.0000 FPS: 231.19
10:05:18.807 [INFO] (trainer.py:109) Total Epi:   112 Steps:    5737 Episode Steps:   200 Return:  200.0000 FPS: 198.34
10:05:20.109 [INFO] (trainer.py:109) Total Epi:   113 Steps:    5937 Episode Steps:   200 Return:  200.0000 FPS: 156.70
10:05:21.177 [INFO] (trainer.py:137) Evaluation Total Steps:    6000 Average Reward  198.0000 over  5 episodes
10:05:22.420 [INFO] (trainer.py:109) Total Epi:   114 Steps:    6137 Episode Steps:   200 Return:  200.0000 FPS: 86.60
10:05:23.330 [INFO] (trainer.py:109) Total Epi:   115 Steps:    6337 Episode Steps:   200 Return:  200.0000 FPS: 220.15
10:05:24.213 [INFO] (trainer.py:109) Total Epi:   116 Steps:    6519 Episode Steps:   182 Return:  182.0000 FPS: 206.46
10:05:25.697 [INFO] (trainer.py:109) Total Epi:   117 Steps:    6719 Episode Steps:   200 Return:  200.0000 FPS: 136.73
10:05:26.529 [INFO] (trainer.py:109) Total Epi:   118 Steps:    6919 Episode Steps:   200 Return:  200.0000 FPS: 240.87
10:05:28.040 [INFO] (trainer.py:109) Total Epi:   119 Steps:    7101 Episode Steps:   182 Return:  182.0000 FPS: 120.76
10:05:28.747 [INFO] (trainer.py:109) Total Epi:   120 Steps:    7269 Episode Steps:   168 Return:  168.0000 FPS: 239.82
10:05:29.819 [INFO] (trainer.py:109) Total Epi:   121 Steps:    7460 Episode Steps:   191 Return:  191.0000 FPS: 178.46
10:05:31.252 [INFO] (trainer.py:109) Total Epi:   122 Steps:    7660 Episode Steps:   200 Return:  200.0000 FPS: 140.38
10:05:32.034 [INFO] (trainer.py:109) Total Epi:   123 Steps:    7860 Episode Steps:   200 Return:  200.0000 FPS: 264.82
10:05:34.037 [INFO] (trainer.py:137) Evaluation Total Steps:    8000 Average Reward  195.8000 over  5 episodes
10:05:34.378 [INFO] (trainer.py:109) Total Epi:   124 Steps:    8057 Episode Steps:   197 Return:  197.0000 FPS: 84.12
10:05:35.180 [INFO] (trainer.py:109) Total Epi:   125 Steps:    8241 Episode Steps:   184 Return:  184.0000 FPS: 229.62
10:05:36.631 [INFO] (trainer.py:109) Total Epi:   126 Steps:    8422 Episode Steps:   181 Return:  181.0000 FPS: 125.36
10:05:37.478 [INFO] (trainer.py:109) Total Epi:   127 Steps:    8616 Episode Steps:   194 Return:  194.0000 FPS: 229.47
10:05:38.761 [INFO] (trainer.py:109) Total Epi:   128 Steps:    8816 Episode Steps:   200 Return:  200.0000 FPS: 156.05
10:05:39.829 [INFO] (trainer.py:109) Total Epi:   129 Steps:    9016 Episode Steps:   200 Return:  200.0000 FPS: 188.71
10:05:40.565 [INFO] (trainer.py:109) Total Epi:   130 Steps:    9216 Episode Steps:   200 Return:  200.0000 FPS: 272.00
10:05:42.091 [INFO] (trainer.py:109) Total Epi:   131 Steps:    9416 Episode Steps:   200 Return:  200.0000 FPS: 131.29
10:05:42.935 [INFO] (trainer.py:109) Total Epi:   132 Steps:    9616 Episode Steps:   200 Return:  200.0000 FPS: 237.21
10:05:43.828 [INFO] (trainer.py:109) Total Epi:   133 Steps:    9806 Episode Steps:   190 Return:  190.0000 FPS: 222.49
10:05:46.051 [INFO] (trainer.py:137) Evaluation Total Steps:   10000 Average Reward  200.0000 over  5 episodes
10:05:46.490 [INFO] (trainer.py:109) Total Epi:   134 Steps:   10006 Episode Steps:   200 Return:  200.0000 FPS: 75.38
10:05:48.497 [INFO] (trainer.py:109) Total Epi:   135 Steps:   10206 Episode Steps:   200 Return:  200.0000 FPS: 100.29
10:05:50.249 [INFO] (trainer.py:109) Total Epi:   136 Steps:   10406 Episode Steps:   200 Return:  200.0000 FPS: 114.21
10:05:51.481 [INFO] (trainer.py:109) Total Epi:   137 Steps:   10606 Episode Steps:   200 Return:  200.0000 FPS: 163.55
10:05:52.276 [INFO] (trainer.py:109) Total Epi:   138 Steps:   10806 Episode Steps:   200 Return:  200.0000 FPS: 252.57
10:05:53.793 [INFO] (trainer.py:109) Total Epi:   139 Steps:   11006 Episode Steps:   200 Return:  200.0000 FPS: 131.92
10:05:54.598 [INFO] (trainer.py:109) Total Epi:   140 Steps:   11206 Episode Steps:   200 Return:  200.0000 FPS: 248.85
10:05:56.037 [INFO] (trainer.py:109) Total Epi:   141 Steps:   11406 Episode Steps:   200 Return:  200.0000 FPS: 139.20
10:05:56.921 [INFO] (trainer.py:109) Total Epi:   142 Steps:   11604 Episode Steps:   198 Return:  198.0000 FPS: 224.41
10:05:57.810 [INFO] (trainer.py:109) Total Epi:   143 Steps:   11804 Episode Steps:   200 Return:  200.0000 FPS: 234.33
10:06:00.112 [INFO] (trainer.py:137) Evaluation Total Steps:   12000 Average Reward  200.0000 over  5 episodes
10:06:00.166 [INFO] (trainer.py:109) Total Epi:   144 Steps:   12004 Episode Steps:   200 Return:  200.0000 FPS: 84.94
10:06:01.584 [INFO] (trainer.py:109) Total Epi:   145 Steps:   12204 Episode Steps:   200 Return:  200.0000 FPS: 141.22
10:06:02.444 [INFO] (trainer.py:109) Total Epi:   146 Steps:   12404 Episode Steps:   200 Return:  200.0000 FPS: 235.02
10:06:03.334 [INFO] (trainer.py:109) Total Epi:   147 Steps:   12604 Episode Steps:   200 Return:  200.0000 FPS: 224.88
10:06:04.694 [INFO] (trainer.py:109) Total Epi:   148 Steps:   12770 Episode Steps:   166 Return:  166.0000 FPS: 122.30
10:06:05.544 [INFO] (trainer.py:109) Total Epi:   149 Steps:   12959 Episode Steps:   189 Return:  189.0000 FPS: 222.73
10:06:06.351 [INFO] (trainer.py:109) Total Epi:   150 Steps:   13159 Episode Steps:   200 Return:  200.0000 FPS: 248.02
10:06:07.847 [INFO] (trainer.py:109) Total Epi:   151 Steps:   13354 Episode Steps:   195 Return:  195.0000 FPS: 131.05
10:06:08.620 [INFO] (trainer.py:109) Total Epi:   152 Steps:   13554 Episode Steps:   200 Return:  200.0000 FPS: 259.36
10:06:10.056 [INFO] (trainer.py:109) Total Epi:   153 Steps:   13754 Episode Steps:   200 Return:  200.0000 FPS: 143.42
10:06:10.739 [INFO] (trainer.py:109) Total Epi:   154 Steps:   13935 Episode Steps:   181 Return:  181.0000 FPS: 265.69
10:06:11.744 [INFO] (trainer.py:137) Evaluation Total Steps:   14000 Average Reward  191.2000 over  5 episodes
10:06:12.870 [INFO] (trainer.py:109) Total Epi:   155 Steps:   14117 Episode Steps:   182 Return:  182.0000 FPS: 85.44
10:06:13.805 [INFO] (trainer.py:109) Total Epi:   156 Steps:   14317 Episode Steps:   200 Return:  200.0000 FPS: 214.50
10:06:14.659 [INFO] (trainer.py:109) Total Epi:   157 Steps:   14517 Episode Steps:   200 Return:  200.0000 FPS: 234.75
10:06:16.113 [INFO] (trainer.py:109) Total Epi:   158 Steps:   14717 Episode Steps:   200 Return:  200.0000 FPS: 138.19
10:06:16.920 [INFO] (trainer.py:109) Total Epi:   159 Steps:   14917 Episode Steps:   200 Return:  200.0000 FPS: 248.39
10:06:18.511 [INFO] (trainer.py:109) Total Epi:   160 Steps:   15117 Episode Steps:   200 Return:  200.0000 FPS: 125.92
10:06:19.433 [INFO] (trainer.py:109) Total Epi:   161 Steps:   15317 Episode Steps:   200 Return:  200.0000 FPS: 217.12
10:06:20.366 [INFO] (trainer.py:109) Total Epi:   162 Steps:   15517 Episode Steps:   200 Return:  200.0000 FPS: 214.70
10:06:21.762 [INFO] (trainer.py:109) Total Epi:   163 Steps:   15711 Episode Steps:   194 Return:  194.0000 FPS: 141.55
10:06:22.499 [INFO] (trainer.py:109) Total Epi:   164 Steps:   15893 Episode Steps:   182 Return:  182.0000 FPS: 261.93
10:06:24.362 [INFO] (trainer.py:137) Evaluation Total Steps:   16000 Average Reward  198.2000 over  5 episodes
10:06:24.755 [INFO] (trainer.py:109) Total Epi:   165 Steps:   16093 Episode Steps:   200 Return:  200.0000 FPS: 88.68
10:06:25.523 [INFO] (trainer.py:109) Total Epi:   166 Steps:   16273 Episode Steps:   180 Return:  180.0000 FPS: 234.82
10:06:27.100 [INFO] (trainer.py:109) Total Epi:   167 Steps:   16473 Episode Steps:   200 Return:  200.0000 FPS: 127.01
10:06:28.144 [INFO] (trainer.py:109) Total Epi:   168 Steps:   16673 Episode Steps:   200 Return:  200.0000 FPS: 191.88
10:06:29.672 [INFO] (trainer.py:109) Total Epi:   169 Steps:   16850 Episode Steps:   177 Return:  177.0000 FPS: 115.93
10:06:30.460 [INFO] (trainer.py:109) Total Epi:   170 Steps:   17043 Episode Steps:   193 Return:  193.0000 FPS: 245.44
10:06:31.270 [INFO] (trainer.py:109) Total Epi:   171 Steps:   17217 Episode Steps:   174 Return:  174.0000 FPS: 215.39
10:06:32.596 [INFO] (trainer.py:109) Total Epi:   172 Steps:   17375 Episode Steps:   158 Return:  158.0000 FPS: 119.25
10:06:33.540 [INFO] (trainer.py:109) Total Epi:   173 Steps:   17575 Episode Steps:   200 Return:  200.0000 FPS: 212.23
10:06:34.977 [INFO] (trainer.py:109) Total Epi:   174 Steps:   17775 Episode Steps:   200 Return:  200.0000 FPS: 142.43
10:06:35.771 [INFO] (trainer.py:109) Total Epi:   175 Steps:   17952 Episode Steps:   177 Return:  177.0000 FPS: 224.75
10:06:36.651 [INFO] (trainer.py:137) Evaluation Total Steps:   18000 Average Reward  195.4000 over  5 episodes
10:06:37.906 [INFO] (trainer.py:109) Total Epi:   176 Steps:   18147 Episode Steps:   195 Return:  195.0000 FPS: 91.43
10:06:38.664 [INFO] (trainer.py:109) Total Epi:   177 Steps:   18347 Episode Steps:   200 Return:  200.0000 FPS: 264.47
10:06:38.751 [INFO] (trainer.py:109) Total Epi:   178 Steps:   18370 Episode Steps:    23 Return:  23.0000 FPS: 268.31
10:06:39.420 [INFO] (trainer.py:109) Total Epi:   179 Steps:   18518 Episode Steps:   148 Return:  148.0000 FPS: 221.92
10:06:40.968 [INFO] (trainer.py:109) Total Epi:   180 Steps:   18718 Episode Steps:   200 Return:  200.0000 FPS: 129.36
10:06:41.732 [INFO] (trainer.py:109) Total Epi:   181 Steps:   18895 Episode Steps:   177 Return:  177.0000 FPS: 232.77
10:06:42.683 [INFO] (trainer.py:109) Total Epi:   182 Steps:   19095 Episode Steps:   200 Return:  200.0000 FPS: 210.37
10:06:44.025 [INFO] (trainer.py:109) Total Epi:   183 Steps:   19295 Episode Steps:   200 Return:  200.0000 FPS: 149.87
10:06:44.849 [INFO] (trainer.py:109) Total Epi:   184 Steps:   19495 Episode Steps:   200 Return:  200.0000 FPS: 243.23
10:06:45.993 [INFO] (trainer.py:109) Total Epi:   185 Steps:   19634 Episode Steps:   139 Return:  139.0000 FPS: 125.38
10:06:46.798 [INFO] (trainer.py:109) Total Epi:   186 Steps:   19787 Episode Steps:   153 Return:  153.0000 FPS: 191.92
10:06:47.792 [INFO] (trainer.py:109) Total Epi:   187 Steps:   19987 Episode Steps:   200 Return:  200.0000 FPS: 201.54
10:06:49.511 [INFO] (trainer.py:137) Evaluation Total Steps:   20000 Average Reward  195.2000 over  5 episodes
10:06:49.732 [INFO] (trainer.py:109) Total Epi:   188 Steps:   20001 Episode Steps:    14 Return:  14.0000 FPS:  7.25
10:06:50.695 [INFO] (trainer.py:109) Total Epi:   189 Steps:   20201 Episode Steps:   200 Return:  200.0000 FPS: 207.99
10:06:52.241 [INFO] (trainer.py:109) Total Epi:   190 Steps:   20401 Episode Steps:   200 Return:  200.0000 FPS: 130.02
10:06:53.230 [INFO] (trainer.py:109) Total Epi:   191 Steps:   20601 Episode Steps:   200 Return:  200.0000 FPS: 202.64
10:06:53.955 [INFO] (trainer.py:109) Total Epi:   192 Steps:   20691 Episode Steps:    90 Return:  90.0000 FPS: 124.33
10:06:55.364 [INFO] (trainer.py:109) Total Epi:   193 Steps:   20891 Episode Steps:   200 Return:  200.0000 FPS: 142.62
10:06:55.752 [INFO] (trainer.py:109) Total Epi:   194 Steps:   20970 Episode Steps:    79 Return:  79.0000 FPS: 204.62
10:06:56.876 [INFO] (trainer.py:109) Total Epi:   195 Steps:   21155 Episode Steps:   185 Return:  185.0000 FPS: 164.95
10:06:58.123 [INFO] (trainer.py:109) Total Epi:   196 Steps:   21355 Episode Steps:   200 Return:  200.0000 FPS: 160.53
10:06:59.096 [INFO] (trainer.py:109) Total Epi:   197 Steps:   21555 Episode Steps:   200 Return:  200.0000 FPS: 215.61
10:07:00.602 [INFO] (trainer.py:109) Total Epi:   198 Steps:   21755 Episode Steps:   200 Return:  200.0000 FPS: 133.47
10:07:01.487 [INFO] (trainer.py:109) Total Epi:   199 Steps:   21955 Episode Steps:   200 Return:  200.0000 FPS: 226.29
10:07:03.130 [INFO] (trainer.py:137) Evaluation Total Steps:   22000 Average Reward  171.4000 over  5 episodes
10:07:03.812 [INFO] (trainer.py:109) Total Epi:   200 Steps:   22155 Episode Steps:   200 Return:  200.0000 FPS: 86.07
10:07:04.613 [INFO] (trainer.py:109) Total Epi:   201 Steps:   22355 Episode Steps:   200 Return:  200.0000 FPS: 250.23
10:07:06.140 [INFO] (trainer.py:109) Total Epi:   202 Steps:   22555 Episode Steps:   200 Return:  200.0000 FPS: 131.61
10:07:06.799 [INFO] (trainer.py:109) Total Epi:   203 Steps:   22723 Episode Steps:   168 Return:  168.0000 FPS: 255.33
10:07:07.968 [INFO] (trainer.py:109) Total Epi:   204 Steps:   22923 Episode Steps:   200 Return:  200.0000 FPS: 171.36
10:07:09.382 [INFO] (trainer.py:109) Total Epi:   205 Steps:   23123 Episode Steps:   200 Return:  200.0000 FPS: 142.21
10:07:10.239 [INFO] (trainer.py:109) Total Epi:   206 Steps:   23323 Episode Steps:   200 Return:  200.0000 FPS: 234.00
10:07:11.322 [INFO] (trainer.py:109) Total Epi:   207 Steps:   23473 Episode Steps:   150 Return:  150.0000 FPS: 138.68
10:07:12.173 [INFO] (trainer.py:109) Total Epi:   208 Steps:   23646 Episode Steps:   173 Return:  173.0000 FPS: 205.11
10:07:12.823 [INFO] (trainer.py:109) Total Epi:   209 Steps:   23812 Episode Steps:   166 Return:  166.0000 FPS: 269.74
10:07:14.264 [INFO] (trainer.py:109) Total Epi:   210 Steps:   24000 Episode Steps:   188 Return:  188.0000 FPS: 130.54
10:07:15.235 [INFO] (trainer.py:137) Evaluation Total Steps:   24000 Average Reward  200.0000 over  5 episodes
10:07:16.057 [INFO] (trainer.py:109) Total Epi:   211 Steps:   24171 Episode Steps:   171 Return:  171.0000 FPS: 95.85
10:07:17.467 [INFO] (trainer.py:109) Total Epi:   212 Steps:   24352 Episode Steps:   181 Return:  181.0000 FPS: 129.06
10:07:18.368 [INFO] (trainer.py:109) Total Epi:   213 Steps:   24552 Episode Steps:   200 Return:  200.0000 FPS: 222.35
10:07:19.353 [INFO] (trainer.py:109) Total Epi:   214 Steps:   24704 Episode Steps:   152 Return:  152.0000 FPS: 154.60
10:07:20.529 [INFO] (trainer.py:109) Total Epi:   215 Steps:   24894 Episode Steps:   190 Return:  190.0000 FPS: 162.75
10:07:21.158 [INFO] (trainer.py:109) Total Epi:   216 Steps:   25043 Episode Steps:   149 Return:  149.0000 FPS: 237.37
10:07:22.245 [INFO] (trainer.py:109) Total Epi:   217 Steps:   25216 Episode Steps:   173 Return:  173.0000 FPS: 159.46
10:07:23.449 [INFO] (trainer.py:109) Total Epi:   218 Steps:   25393 Episode Steps:   177 Return:  177.0000 FPS: 147.19
10:07:24.065 [INFO] (trainer.py:109) Total Epi:   219 Steps:   25549 Episode Steps:   156 Return:  156.0000 FPS: 254.50
10:07:25.215 [INFO] (trainer.py:109) Total Epi:   220 Steps:   25714 Episode Steps:   165 Return:  165.0000 FPS: 147.69
10:07:26.315 [INFO] (trainer.py:109) Total Epi:   221 Steps:   25909 Episode Steps:   195 Return:  195.0000 FPS: 178.78
10:07:28.126 [INFO] (trainer.py:137) Evaluation Total Steps:   26000 Average Reward  200.0000 over  5 episodes
10:07:29.706 [INFO] (trainer.py:109) Total Epi:   222 Steps:   26109 Episode Steps:   200 Return:  200.0000 FPS: 59.01
10:07:31.345 [INFO] (trainer.py:109) Total Epi:   223 Steps:   26287 Episode Steps:   178 Return:  178.0000 FPS: 108.73
10:07:32.463 [INFO] (trainer.py:109) Total Epi:   224 Steps:   26453 Episode Steps:   166 Return:  166.0000 FPS: 149.79
10:07:33.802 [INFO] (trainer.py:109) Total Epi:   225 Steps:   26622 Episode Steps:   169 Return:  169.0000 FPS: 127.53
10:07:35.094 [INFO] (trainer.py:109) Total Epi:   226 Steps:   26787 Episode Steps:   165 Return:  165.0000 FPS: 127.87
10:07:36.226 [INFO] (trainer.py:109) Total Epi:   227 Steps:   26960 Episode Steps:   173 Return:  173.0000 FPS: 153.01
10:07:37.536 [INFO] (trainer.py:109) Total Epi:   228 Steps:   27126 Episode Steps:   166 Return:  166.0000 FPS: 127.88
10:07:38.476 [INFO] (trainer.py:109) Total Epi:   229 Steps:   27278 Episode Steps:   152 Return:  152.0000 FPS: 161.93
10:07:40.369 [INFO] (trainer.py:109) Total Epi:   230 Steps:   27460 Episode Steps:   182 Return:  182.0000 FPS: 96.67
10:07:41.462 [INFO] (trainer.py:109) Total Epi:   231 Steps:   27637 Episode Steps:   177 Return:  177.0000 FPS: 171.63
10:07:42.634 [INFO] (trainer.py:109) Total Epi:   232 Steps:   27792 Episode Steps:   155 Return:  155.0000 FPS: 133.28
10:07:43.635 [INFO] (trainer.py:109) Total Epi:   233 Steps:   27957 Episode Steps:   165 Return:  165.0000 FPS: 166.17
10:07:44.998 [INFO] (trainer.py:137) Evaluation Total Steps:   28000 Average Reward  188.0000 over  5 episodes
10:07:46.111 [INFO] (trainer.py:109) Total Epi:   234 Steps:   28157 Episode Steps:   200 Return:  200.0000 FPS: 80.86
10:07:46.831 [INFO] (trainer.py:109) Total Epi:   235 Steps:   28345 Episode Steps:   188 Return:  188.0000 FPS: 261.28
10:07:47.970 [INFO] (trainer.py:109) Total Epi:   236 Steps:   28523 Episode Steps:   178 Return:  178.0000 FPS: 156.53
10:07:49.130 [INFO] (trainer.py:109) Total Epi:   237 Steps:   28691 Episode Steps:   168 Return:  168.0000 FPS: 145.02
10:07:50.180 [INFO] (trainer.py:109) Total Epi:   238 Steps:   28891 Episode Steps:   200 Return:  200.0000 FPS: 191.23
10:07:51.443 [INFO] (trainer.py:109) Total Epi:   239 Steps:   29063 Episode Steps:   172 Return:  172.0000 FPS: 136.97
10:07:52.370 [INFO] (trainer.py:109) Total Epi:   240 Steps:   29263 Episode Steps:   200 Return:  200.0000 FPS: 217.65
10:07:53.711 [INFO] (trainer.py:109) Total Epi:   241 Steps:   29463 Episode Steps:   200 Return:  200.0000 FPS: 149.43
10:07:54.848 [INFO] (trainer.py:109) Total Epi:   242 Steps:   29663 Episode Steps:   200 Return:  200.0000 FPS: 177.04
10:07:56.078 [INFO] (trainer.py:109) Total Epi:   243 Steps:   29863 Episode Steps:   200 Return:  200.0000 FPS: 167.63
10:07:57.784 [INFO] (trainer.py:137) Evaluation Total Steps:   30000 Average Reward  174.4000 over  5 episodes
10:07:58.179 [INFO] (trainer.py:109) Total Epi:   244 Steps:   30044 Episode Steps:   181 Return:  181.0000 FPS: 86.51
10:07:59.595 [INFO] (trainer.py:109) Total Epi:   245 Steps:   30208 Episode Steps:   164 Return:  164.0000 FPS: 116.23
10:08:00.530 [INFO] (trainer.py:109) Total Epi:   246 Steps:   30369 Episode Steps:   161 Return:  161.0000 FPS: 173.56
10:08:01.565 [INFO] (trainer.py:109) Total Epi:   247 Steps:   30556 Episode Steps:   187 Return:  187.0000 FPS: 181.03
10:08:02.554 [INFO] (trainer.py:109) Total Epi:   248 Steps:   30700 Episode Steps:   144 Return:  144.0000 FPS: 146.78
10:08:03.411 [INFO] (trainer.py:109) Total Epi:   249 Steps:   30866 Episode Steps:   166 Return:  166.0000 FPS: 195.37
10:08:04.178 [INFO] (trainer.py:109) Total Epi:   250 Steps:   31021 Episode Steps:   155 Return:  155.0000 FPS: 202.55
10:08:05.460 [INFO] (trainer.py:109) Total Epi:   251 Steps:   31183 Episode Steps:   162 Return:  162.0000 FPS: 126.55
10:08:06.304 [INFO] (trainer.py:109) Total Epi:   252 Steps:   31379 Episode Steps:   196 Return:  196.0000 FPS: 234.54
10:08:07.368 [INFO] (trainer.py:109) Total Epi:   253 Steps:   31541 Episode Steps:   162 Return:  162.0000 FPS: 153.06
10:08:08.634 [INFO] (trainer.py:109) Total Epi:   254 Steps:   31741 Episode Steps:   200 Return:  200.0000 FPS: 159.22
10:08:09.637 [INFO] (trainer.py:109) Total Epi:   255 Steps:   31941 Episode Steps:   200 Return:  200.0000 FPS: 199.83
10:08:11.339 [INFO] (trainer.py:137) Evaluation Total Steps:   32000 Average Reward  191.8000 over  5 episodes
10:08:11.887 [INFO] (trainer.py:109) Total Epi:   256 Steps:   32138 Episode Steps:   197 Return:  197.0000 FPS: 87.88
10:08:13.162 [INFO] (trainer.py:109) Total Epi:   257 Steps:   32338 Episode Steps:   200 Return:  200.0000 FPS: 156.96
10:08:14.377 [INFO] (trainer.py:109) Total Epi:   258 Steps:   32538 Episode Steps:   200 Return:  200.0000 FPS: 165.79
10:08:15.418 [INFO] (trainer.py:109) Total Epi:   259 Steps:   32738 Episode Steps:   200 Return:  200.0000 FPS: 192.61
10:08:17.735 [INFO] (trainer.py:109) Total Epi:   260 Steps:   32938 Episode Steps:   200 Return:  200.0000 FPS: 87.00
10:08:19.874 [INFO] (trainer.py:109) Total Epi:   261 Steps:   33138 Episode Steps:   200 Return:  200.0000 FPS: 93.71
10:08:20.750 [INFO] (trainer.py:109) Total Epi:   262 Steps:   33338 Episode Steps:   200 Return:  200.0000 FPS: 228.67
10:08:23.310 [INFO] (trainer.py:109) Total Epi:   263 Steps:   33538 Episode Steps:   200 Return:  200.0000 FPS: 78.20
10:08:24.804 [INFO] (trainer.py:109) Total Epi:   264 Steps:   33738 Episode Steps:   200 Return:  200.0000 FPS: 134.01
10:08:26.690 [INFO] (trainer.py:109) Total Epi:   265 Steps:   33938 Episode Steps:   200 Return:  200.0000 FPS: 113.42
